This file contains any messages produced by compilers while
running configure, to aid debugging if configure makes a mistake.

It was created by configure, which was
generated by GNU Autoconf 2.57.  Invocation command line was

  $ ../../libiconv/libcharset/configure --prefix=/usr/local --disable-shared --enable-static --enable-extra-encodings --cache-file=/dev/null --srcdir=../../libiconv/libcharset

## --------- ##
## Platform. ##
## --------- ##

hostname = amigo-note
uname -m = BePC
uname -r = 5.0.4
uname -s = BeOS
uname -v = 1000009

/usr/bin/uname -p = unknown
/bin/uname -X     = unknown

/bin/arch              = unknown
/usr/bin/arch -k       = unknown
/usr/convex/getsysinfo = unknown
hostinfo               = unknown
/bin/machine           = unknown
/usr/bin/oslevel       = unknown
/bin/universe          = unknown

PATH: .
PATH: /boot/home/config/bin
PATH: /bin
PATH: /boot/apps
PATH: /boot/preferences
PATH: /boot/beos/apps
PATH: /boot/beos/preferences
PATH: /boot/develop/tools/gnupro/bin
PATH: /boot/apps/X11R6.4/bin
PATH: /boot/home/bekaffe/bin
PATH: /boot/home/fpc/bin/beos
PATH: /usr/X11/bin


## ----------- ##
## Core tests. ##
## ----------- ##

configure:1485: checking whether make sets $(MAKE)
configure:1505: result: yes
configure:1567: checking for gcc
configure:1583: found /boot/develop/tools/gnupro/bin/gcc
configure:1593: result: gcc
configure:1837: checking for C compiler version
configure:1840: gcc --version </dev/null >&5
2.95.3-beos-041202
configure:1843: $? = 0
configure:1845: gcc -v </dev/null >&5
using priority 5
Reading specs from /boot/develop/tools/gnupro/lib/gcc-lib/i586-pc-beos/2.95.3-beos-041202/specs
gcc version 2.95.3-beos-041202
configure:1848: $? = 0
configure:1850: gcc -V </dev/null >&5
gcc: argument to `-V' is missing
configure:1853: $? = 1
configure:1877: checking for C compiler default output
configure:1880: gcc    conftest.c  >&5
configure:1883: $? = 0
configure:1929: result: conftest
configure:1934: checking whether the C compiler works
configure:1940: ./conftest
configure:1943: $? = 0
configure:1960: result: yes
configure:1967: checking whether we are cross compiling
configure:1969: result: no
configure:1972: checking for suffix of executables
configure:1974: gcc -o conftest    conftest.c  >&5
configure:1977: $? = 0
configure:2002: result: 
configure:2008: checking for suffix of object files
configure:2030: gcc -c   conftest.c >&5
configure:2033: $? = 0
configure:2055: result: o
configure:2059: checking whether we are using the GNU C compiler
configure:2084: gcc -c   conftest.c >&5
configure:2087: $? = 0
configure:2090: test -s conftest.o
configure:2093: $? = 0
configure:2106: result: yes
configure:2112: checking whether gcc accepts -g
configure:2134: gcc -c -g  conftest.c >&5
configure:2137: $? = 0
configure:2140: test -s conftest.o
configure:2143: $? = 0
configure:2154: result: yes
configure:2171: checking for gcc option to accept ANSI C
configure:2232: gcc  -c -g -O2  conftest.c >&5
configure:2235: $? = 0
configure:2238: test -s conftest.o
configure:2241: $? = 0
configure:2259: result: none needed
configure:2277: gcc -c -g -O2  conftest.c >&5
/files/abiword-2.2.8/libiconv/libcharset/conftest.c:2: parse error before `me'
configure:2280: $? = 1
configure: failed program was:
| #ifndef __cplusplus
|   choke me
| #endif
configure:2394: checking how to run the C preprocessor
configure:2430: gcc -E  conftest.c
configure:2436: $? = 0
configure:2468: gcc -E  conftest.c
/files/abiword-2.2.8/libiconv/libcharset/configure:2467: ac_nonexistent.h: No such file or directory
configure:2474: $? = 1
configure: failed program was:
| #line 2459 "configure"
| /* confdefs.h.  */
| 
| #define PACKAGE_NAME ""
| #define PACKAGE_TARNAME ""
| #define PACKAGE_VERSION ""
| #define PACKAGE_STRING ""
| #define PACKAGE_BUGREPORT ""
| /* end confdefs.h.  */
| #include <ac_nonexistent.h>
configure:2512: result: gcc -E
configure:2537: gcc -E  conftest.c
configure:2543: $? = 0
configure:2575: gcc -E  conftest.c
/files/abiword-2.2.8/libiconv/libcharset/configure:2574: ac_nonexistent.h: No such file or directory
configure:2581: $? = 1
configure: failed program was:
| #line 2566 "configure"
| /* confdefs.h.  */
| 
| #define PACKAGE_NAME ""
| #define PACKAGE_TARNAME ""
| #define PACKAGE_VERSION ""
| #define PACKAGE_STRING ""
| #define PACKAGE_BUGREPORT ""
| /* end confdefs.h.  */
| #include <ac_nonexistent.h>
configure:2625: checking for egrep
configure:2635: result: grep -E
configure:2641: checking whether gcc needs -traditional
/files/abiword-2.2.8/libiconv/libcharset/configure:2655: sgtty.h: No such file or directory
/files/abiword-2.2.8/libiconv/libcharset/configure:2675: termio.h: No such file or directory
configure:2685: result: no
configure:2704: checking for a BSD-compatible install
configure:2758: result: /bin/install -c
configure:2777: checking build system type
configure:2795: result: i586-pc-beos
configure:2803: checking host system type
configure:2817: result: i586-pc-beos
configure:2828: checking whether to activate relocatable installation
configure:2843: result: no
configure:2863: checking for AIX
configure:2886: result: no
configure:2892: checking for ANSI C header files
configure:2918: gcc -c -g -O2  conftest.c >&5
configure:2921: $? = 0
configure:2924: test -s conftest.o
configure:2927: $? = 0
configure:3016: gcc -o conftest -g -O2   conftest.c  >&5
configure:3019: $? = 0
configure:3021: ./conftest
configure:3024: $? = 0
configure:3039: result: yes
configure:3063: checking for sys/types.h
configure:3080: gcc -c -g -O2  conftest.c >&5
configure:3083: $? = 0
configure:3086: test -s conftest.o
configure:3089: $? = 0
configure:3100: result: yes
configure:3063: checking for sys/stat.h
configure:3080: gcc -c -g -O2  conftest.c >&5
configure:3083: $? = 0
configure:3086: test -s conftest.o
configure:3089: $? = 0
configure:3100: result: yes
configure:3063: checking for stdlib.h
configure:3080: gcc -c -g -O2  conftest.c >&5
configure:3083: $? = 0
configure:3086: test -s conftest.o
configure:3089: $? = 0
configure:3100: result: yes
configure:3063: checking for string.h
configure:3080: gcc -c -g -O2  conftest.c >&5
configure:3083: $? = 0
configure:3086: test -s conftest.o
configure:3089: $? = 0
configure:3100: result: yes
configure:3063: checking for memory.h
configure:3080: gcc -c -g -O2  conftest.c >&5
configure:3083: $? = 0
configure:3086: test -s conftest.o
configure:3089: $? = 0
configure:3100: result: yes
configure:3063: checking for strings.h
configure:3080: gcc -c -g -O2  conftest.c >&5
configure:3083: $? = 0
configure:3086: test -s conftest.o
configure:3089: $? = 0
configure:3100: result: yes
configure:3063: checking for inttypes.h
configure:3080: gcc -c -g -O2  conftest.c >&5
configure:3083: $? = 0
configure:3086: test -s conftest.o
configure:3089: $? = 0
configure:3100: result: yes
configure:3063: checking for stdint.h
configure:3080: gcc -c -g -O2  conftest.c >&5
/files/abiword-2.2.8/libiconv/libcharset/configure:3120: stdint.h: No such file or directory
configure:3083: $? = 1
configure: failed program was:
| #line 3068 "configure"
| /* confdefs.h.  */
| 
| #define PACKAGE_NAME ""
| #define PACKAGE_TARNAME ""
| #define PACKAGE_VERSION ""
| #define PACKAGE_STRING ""
| #define PACKAGE_BUGREPORT ""
| #define INSTALLPREFIX "/usr/local"
| #define STDC_HEADERS 1
| #define HAVE_SYS_TYPES_H 1
| #define HAVE_SYS_STAT_H 1
| #define HAVE_STDLIB_H 1
| #define HAVE_STRING_H 1
| #define HAVE_MEMORY_H 1
| #define HAVE_STRINGS_H 1
| #define HAVE_INTTYPES_H 1
| /* end confdefs.h.  */
| #include <stdio.h>
| #if HAVE_SYS_TYPES_H
| # include <sys/types.h>
| #endif
| #if HAVE_SYS_STAT_H
| # include <sys/stat.h>
| #endif
| #if STDC_HEADERS
| # include <stdlib.h>
| # include <stddef.h>
| #else
| # if HAVE_STDLIB_H
| #  include <stdlib.h>
| # endif
| #endif
| #if HAVE_STRING_H
| # if !STDC_HEADERS && HAVE_MEMORY_H
| #  include <memory.h>
| # endif
| # include <string.h>
| #endif
| #if HAVE_STRINGS_H
| # include <strings.h>
| #endif
| #if HAVE_INTTYPES_H
| # include <inttypes.h>
| #else
| # if HAVE_STDINT_H
| #  include <stdint.h>
| # endif
| #endif
| #if HAVE_UNISTD_H
| # include <unistd.h>
| #endif
| 
| #include <stdint.h>
configure:3100: result: no
configure:3063: checking for unistd.h
configure:3080: gcc -c -g -O2  conftest.c >&5
configure:3083: $? = 0
configure:3086: test -s conftest.o
configure:3089: $? = 0
configure:3100: result: yes
configure:3122: checking minix/config.h usability
configure:3135: gcc -c -g -O2  conftest.c >&5
/files/abiword-2.2.8/libiconv/libcharset/configure:3176: minix/config.h: No such file or directory
configure:3138: $? = 1
configure: failed program was:
| #line 3124 "configure"
| /* confdefs.h.  */
| 
| #define PACKAGE_NAME ""
| #define PACKAGE_TARNAME ""
| #define PACKAGE_VERSION ""
| #define PACKAGE_STRING ""
| #define PACKAGE_BUGREPORT ""
| #define INSTALLPREFIX "/usr/local"
| #define STDC_HEADERS 1
| #define HAVE_SYS_TYPES_H 1
| #define HAVE_SYS_STAT_H 1
| #define HAVE_STDLIB_H 1
| #define HAVE_STRING_H 1
| #define HAVE_MEMORY_H 1
| #define HAVE_STRINGS_H 1
| #define HAVE_INTTYPES_H 1
| #define HAVE_UNISTD_H 1
| /* end confdefs.h.  */
| #include <stdio.h>
| #if HAVE_SYS_TYPES_H
| # include <sys/types.h>
| #endif
| #if HAVE_SYS_STAT_H
| # include <sys/stat.h>
| #endif
| #if STDC_HEADERS
| # include <stdlib.h>
| # include <stddef.h>
| #else
| # if HAVE_STDLIB_H
| #  include <stdlib.h>
| # endif
| #endif
| #if HAVE_STRING_H
| # if !STDC_HEADERS && HAVE_MEMORY_H
| #  include <memory.h>
| # endif
| # include <string.h>
| #endif
| #if HAVE_STRINGS_H
| # include <strings.h>
| #endif
| #if HAVE_INTTYPES_H
| # include <inttypes.h>
| #else
| # if HAVE_STDINT_H
| #  include <stdint.h>
| # endif
| #endif
| #if HAVE_UNISTD_H
| # include <unistd.h>
| #endif
| #include <minix/config.h>
configure:3154: result: no
configure:3158: checking minix/config.h presence
configure:3169: gcc -E  conftest.c
/files/abiword-2.2.8/libiconv/libcharset/configure:3178: minix/config.h: No such file or directory
configure:3175: $? = 1
configure: failed program was:
| #line 3160 "configure"
| /* confdefs.h.  */
| 
| #define PACKAGE_NAME ""
| #define PACKAGE_TARNAME ""
| #define PACKAGE_VERSION ""
| #define PACKAGE_STRING ""
| #define PACKAGE_BUGREPORT ""
| #define INSTALLPREFIX "/usr/local"
| #define STDC_HEADERS 1
| #define HAVE_SYS_TYPES_H 1
| #define HAVE_SYS_STAT_H 1
| #define HAVE_STDLIB_H 1
| #define HAVE_STRING_H 1
| #define HAVE_MEMORY_H 1
| #define HAVE_STRINGS_H 1
| #define HAVE_INTTYPES_H 1
| #define HAVE_UNISTD_H 1
| /* end confdefs.h.  */
| #include <minix/config.h>
configure:3194: result: no
configure:3230: checking for minix/config.h
configure:3237: result: no
configure:3267: checking for strerror in -lcposix
configure:3298: gcc -o conftest -g -O2   conftest.c -lcposix   >&5
/boot/develop/tools/gnupro/i586-pc-beos/bin/ld: cannot find -lcposix
collect2: ld returned 1 exit status
configure:3301: $? = 1
configure: failed program was:
| #line 3274 "configure"
| /* confdefs.h.  */
| 
| #define PACKAGE_NAME ""
| #define PACKAGE_TARNAME ""
| #define PACKAGE_VERSION ""
| #define PACKAGE_STRING ""
| #define PACKAGE_BUGREPORT ""
| #define INSTALLPREFIX "/usr/local"
| #define STDC_HEADERS 1
| #define HAVE_SYS_TYPES_H 1
| #define HAVE_SYS_STAT_H 1
| #define HAVE_STDLIB_H 1
| #define HAVE_STRING_H 1
| #define HAVE_MEMORY_H 1
| #define HAVE_STRINGS_H 1
| #define HAVE_INTTYPES_H 1
| #define HAVE_UNISTD_H 1
| /* end confdefs.h.  */
| 
| /* Override any gcc2 internal prototype to avoid an error.  */
| #ifdef __cplusplus
| extern "C"
| #endif
| /* We use char because int might match the return type of a gcc2
|    builtin and then its argument prototype would still apply.  */
| char strerror ();
| int
| main ()
| {
| strerror ();
|   ;
|   return 0;
| }
configure:3319: result: no
configure:3407: checking for a sed that does not truncate output
configure:3461: result: /bin/sed
configure:3475: checking for ld used by gcc
configure:3542: result: /boot/develop/tools/gnupro/i586-pc-beos/bin/ld
configure:3551: checking if the linker (/boot/develop/tools/gnupro/i586-pc-beos/bin/ld) is GNU ld
configure:3566: result: yes
configure:3571: checking for /boot/develop/tools/gnupro/i586-pc-beos/bin/ld option to reload object files
configure:3578: result: -r
configure:3587: checking for BSD-compatible nm
configure:3629: result: /boot/develop/tools/gnupro/bin/nm -B
configure:3633: checking whether ln -s works
configure:3637: result: yes
configure:3644: checking how to recognise dependent libraries
configure:3844: result: pass_all
configure:4296: checking dlfcn.h usability
configure:4309: gcc -c -g -O2  conftest.c >&5
/files/abiword-2.2.8/libiconv/libcharset/configure:4350: dlfcn.h: No such file or directory
configure:4312: $? = 1
configure: failed program was:
| #line 4298 "configure"
| /* confdefs.h.  */
| 
| #define PACKAGE_NAME ""
| #define PACKAGE_TARNAME ""
| #define PACKAGE_VERSION ""
| #define PACKAGE_STRING ""
| #define PACKAGE_BUGREPORT ""
| #define INSTALLPREFIX "/usr/local"
| #define STDC_HEADERS 1
| #define HAVE_SYS_TYPES_H 1
| #define HAVE_SYS_STAT_H 1
| #define HAVE_STDLIB_H 1
| #define HAVE_STRING_H 1
| #define HAVE_MEMORY_H 1
| #define HAVE_STRINGS_H 1
| #define HAVE_INTTYPES_H 1
| #define HAVE_UNISTD_H 1
| /* end confdefs.h.  */
| #include <stdio.h>
| #if HAVE_SYS_TYPES_H
| # include <sys/types.h>
| #endif
| #if HAVE_SYS_STAT_H
| # include <sys/stat.h>
| #endif
| #if STDC_HEADERS
| # include <stdlib.h>
| # include <stddef.h>
| #else
| # if HAVE_STDLIB_H
| #  include <stdlib.h>
| # endif
| #endif
| #if HAVE_STRING_H
| # if !STDC_HEADERS && HAVE_MEMORY_H
| #  include <memory.h>
| # endif
| # include <string.h>
| #endif
| #if HAVE_STRINGS_H
| # include <strings.h>
| #endif
| #if HAVE_INTTYPES_H
| # include <inttypes.h>
| #else
| # if HAVE_STDINT_H
| #  include <stdint.h>
| # endif
| #endif
| #if HAVE_UNISTD_H
| # include <unistd.h>
| #endif
| #include <dlfcn.h>
configure:4328: result: no
configure:4332: checking dlfcn.h presence
configure:4343: gcc -E  conftest.c
/files/abiword-2.2.8/libiconv/libcharset/configure:4352: dlfcn.h: No such file or directory
configure:4349: $? = 1
configure: failed program was:
| #line 4334 "configure"
| /* confdefs.h.  */
| 
| #define PACKAGE_NAME ""
| #define PACKAGE_TARNAME ""
| #define PACKAGE_VERSION ""
| #define PACKAGE_STRING ""
| #define PACKAGE_BUGREPORT ""
| #define INSTALLPREFIX "/usr/local"
| #define STDC_HEADERS 1
| #define HAVE_SYS_TYPES_H 1
| #define HAVE_SYS_STAT_H 1
| #define HAVE_STDLIB_H 1
| #define HAVE_STRING_H 1
| #define HAVE_MEMORY_H 1
| #define HAVE_STRINGS_H 1
| #define HAVE_INTTYPES_H 1
| #define HAVE_UNISTD_H 1
| /* end confdefs.h.  */
| #include <dlfcn.h>
configure:4368: result: no
configure:4404: checking for dlfcn.h
configure:4411: result: no
configure:4476: checking for g++
configure:4492: found /boot/develop/tools/gnupro/bin/g++
configure:4502: result: g++
configure:4518: checking for C++ compiler version
configure:4521: g++ --version </dev/null >&5
2.95.3-beos-041202
configure:4524: $? = 0
configure:4526: g++ -v </dev/null >&5
using priority 5
Reading specs from /boot/develop/tools/gnupro/lib/gcc-lib/i586-pc-beos/2.95.3-beos-041202/specs
gcc version 2.95.3-beos-041202
configure:4529: $? = 0
configure:4531: g++ -V </dev/null >&5
g++: argument to `-V' missing

configure:4534: $? = 1
configure:4537: checking whether we are using the GNU C++ compiler
configure:4562: g++ -c   conftest.cc >&5
configure:4565: $? = 0
configure:4568: test -s conftest.o
configure:4571: $? = 0
configure:4584: result: yes
configure:4590: checking whether g++ accepts -g
configure:4612: g++ -c -g  conftest.cc >&5
configure:4615: $? = 0
configure:4618: test -s conftest.o
configure:4621: $? = 0
configure:4632: result: yes
configure:4676: g++ -c -g -O2  conftest.cc >&5
configure:4679: $? = 0
configure:4682: test -s conftest.o
configure:4685: $? = 0
configure:4712: g++ -c -g -O2  conftest.cc >&5
configure:4715: $? = 0
configure:4718: test -s conftest.o
configure:4721: $? = 0
configure:4749: checking how to run the C++ preprocessor
configure:4781: g++ -E  conftest.cc
configure:4787: $? = 0
configure:4819: g++ -E  conftest.cc
/files/abiword-2.2.8/libiconv/libcharset/configure:4828: ac_nonexistent.h: No such file or directory
configure:4825: $? = 1
configure: failed program was:
| #line 4810 "configure"
| /* confdefs.h.  */
| 
| #define PACKAGE_NAME ""
| #define PACKAGE_TARNAME ""
| #define PACKAGE_VERSION ""
| #define PACKAGE_STRING ""
| #define PACKAGE_BUGREPORT ""
| #define INSTALLPREFIX "/usr/local"
| #define STDC_HEADERS 1
| #define HAVE_SYS_TYPES_H 1
| #define HAVE_SYS_STAT_H 1
| #define HAVE_STDLIB_H 1
| #define HAVE_STRING_H 1
| #define HAVE_MEMORY_H 1
| #define HAVE_STRINGS_H 1
| #define HAVE_INTTYPES_H 1
| #define HAVE_UNISTD_H 1
| /* end confdefs.h.  */
| #include <ac_nonexistent.h>
configure:4863: result: g++ -E
configure:4888: g++ -E  conftest.cc
configure:4894: $? = 0
configure:4926: g++ -E  conftest.cc
/files/abiword-2.2.8/libiconv/libcharset/configure:4935: ac_nonexistent.h: No such file or directory
configure:4932: $? = 1
configure: failed program was:
| #line 4917 "configure"
| /* confdefs.h.  */
| 
| #define PACKAGE_NAME ""
| #define PACKAGE_TARNAME ""
| #define PACKAGE_VERSION ""
| #define PACKAGE_STRING ""
| #define PACKAGE_BUGREPORT ""
| #define INSTALLPREFIX "/usr/local"
| #define STDC_HEADERS 1
| #define HAVE_SYS_TYPES_H 1
| #define HAVE_SYS_STAT_H 1
| #define HAVE_STDLIB_H 1
| #define HAVE_STRING_H 1
| #define HAVE_MEMORY_H 1
| #define HAVE_STRINGS_H 1
| #define HAVE_INTTYPES_H 1
| #define HAVE_UNISTD_H 1
| /* end confdefs.h.  */
| #include <ac_nonexistent.h>
configure:5026: checking for g77
configure:5055: result: no
configure:5026: checking for f77
configure:5055: result: no
configure:5026: checking for xlf
configure:5055: result: no
configure:5026: checking for frt
configure:5055: result: no
configure:5026: checking for pgf77
configure:5055: result: no
configure:5026: checking for fl32
configure:5055: result: no
configure:5026: checking for af77
configure:5055: result: no
configure:5026: checking for fort77
configure:5055: result: no
configure:5026: checking for f90
configure:5055: result: no
configure:5026: checking for xlf90
configure:5055: result: no
configure:5026: checking for pgf90
configure:5055: result: no
configure:5026: checking for epcf90
configure:5055: result: no
configure:5026: checking for f95
configure:5055: result: no
configure:5026: checking for fort
configure:5055: result: no
configure:5026: checking for xlf95
configure:5055: result: no
configure:5026: checking for lf95
configure:5055: result: no
configure:5026: checking for g95
configure:5055: result: no
configure:5070: checking for Fortran 77 compiler version
configure:5070:  --version </dev/null >&5
../../libiconv/libcharset/configure: --version: command not found
configure:5073: $? = 127
configure:5075:  -v </dev/null >&5
../../libiconv/libcharset/configure: -v: command not found
configure:5078: $? = 127
configure:5080:  -V </dev/null >&5
../../libiconv/libcharset/configure: -V: command not found
configure:5083: $? = 127
configure:5090: checking whether we are using the GNU Fortran 77 compiler
configure:5104:  -c  conftest.F >&5
../../libiconv/libcharset/configure: -c: command not found
configure:5107: $? = 127
configure: failed program was:
|       program main
| #ifndef __GNUC__
|        choke me
| #endif
| 
|       end
configure:5126: result: no
configure:5133: checking whether  accepts -g
configure:5145:  -c -g conftest.f >&5
../../libiconv/libcharset/configure: -c: command not found
configure:5148: $? = 127
configure: failed program was:
|       program main
| 
|       end
configure:5166: result: no
configure:5194: checking the maximum length of command line arguments
configure:5253: result: 262144
configure:5264: checking command to parse /boot/develop/tools/gnupro/bin/nm -B output from gcc object
configure:5353: gcc -c -g -O2  conftest.c >&5
configure:5356: $? = 0
configure:5360: /boot/develop/tools/gnupro/bin/nm -B conftest.o \| sed -n -e 's/^.*[ 	]\([ABCDGISTW][ABCDGISTW]*\)[ 	][ 	]*\(\)\([_A-Za-z][_A-Za-z0-9]*\)$/\1 \2\3 \3/p' \> conftest.nm
configure:5363: $? = 0
configure:5415: gcc -o conftest -g -O2   conftest.c conftstm.o >&5
configure:5418: $? = 0
configure:5456: result: ok
configure:5460: checking for objdir
configure:5475: result: .libs
configure:5565: checking for ar
configure:5581: found /boot/develop/tools/gnupro/bin/ar
configure:5592: result: ar
configure:5645: checking for ranlib
configure:5661: found /boot/develop/tools/gnupro/bin/ranlib
configure:5672: result: ranlib
configure:5725: checking for strip
configure:5741: found /boot/develop/tools/gnupro/bin/strip
configure:5752: result: strip
configure:6014: checking if gcc static flag  works
configure:6037: result: yes
configure:6054: checking if gcc supports -fno-rtti -fno-exceptions
configure:6075: gcc -c -g -O2  -fno-rtti -fno-exceptions conftest.c >&5
configure:6079: $? = 0
configure:6087: result: yes
configure:6102: checking for gcc option to produce PIC
configure:6279: result: 
configure:6343: checking if gcc supports -c -o file.o
configure:6374: gcc -c -g -O2  -o out/conftest2.o conftest.c >&5
configure:6378: $? = 0
configure:6392: result: yes
configure:6418: checking whether the gcc linker (/boot/develop/tools/gnupro/i586-pc-beos/bin/ld) supports shared libraries
configure:7212: result: yes
configure:7283: checking how to hardcode library paths into programs
configure:7308: result: immediate
configure:7322: checking whether stripping libraries is possible
configure:7327: result: yes
configure:7349: checking dynamic linker characteristics
configure:7872: result: beos ld.so
configure:8598: checking if libtool supports shared libraries
configure:8600: result: yes
configure:8603: checking whether to build shared libraries
configure:8652: result: no
configure:8655: checking whether to build static libraries
configure:8659: result: yes
configure:8750: creating libtool
configure:9294: checking for ld used by g++
configure:9361: result: /boot/develop/tools/gnupro/i586-pc-beos/bin/ld
configure:9370: checking if the linker (/boot/develop/tools/gnupro/i586-pc-beos/bin/ld) is GNU ld
configure:9385: result: yes
configure:9436: checking whether the g++ linker (/boot/develop/tools/gnupro/i586-pc-beos/bin/ld) supports shared libraries
configure:10231: result: no
configure:10249: g++ -c -g -O2  conftest.cc >&5
configure:10252: $? = 0
configure:10348: checking for g++ option to produce PIC
configure:10600: result: 
configure:10664: checking if g++ supports -c -o file.o
configure:10695: g++ -c -g -O2  -o out/conftest2.o conftest.cc >&5
configure:10699: $? = 0
configure:10713: result: yes
configure:10739: checking whether the g++ linker (/boot/develop/tools/gnupro/i586-pc-beos/bin/ld) supports shared libraries
configure:10764: result: no
configure:10835: checking how to hardcode library paths into programs
configure:10860: result: immediate
configure:10874: checking whether stripping libraries is possible
configure:10879: result: yes
configure:10901: checking dynamic linker characteristics
configure:11424: result: beos ld.so
configure:18316: checking for nl_langinfo and CODESET
configure:18338: gcc -o conftest -g -O2   conftest.c  >&5
/files/abiword-2.2.8/libiconv/libcharset/configure:18339: langinfo.h: No such file or directory
configure:18341: $? = 1
configure: failed program was:
| #line 18321 "configure"
| /* confdefs.h.  */
| 
| #define PACKAGE_NAME ""
| #define PACKAGE_TARNAME ""
| #define PACKAGE_VERSION ""
| #define PACKAGE_STRING ""
| #define PACKAGE_BUGREPORT ""
| #define INSTALLPREFIX "/usr/local"
| #define STDC_HEADERS 1
| #define HAVE_SYS_TYPES_H 1
| #define HAVE_SYS_STAT_H 1
| #define HAVE_STDLIB_H 1
| #define HAVE_STRING_H 1
| #define HAVE_MEMORY_H 1
| #define HAVE_STRINGS_H 1
| #define HAVE_INTTYPES_H 1
| #define HAVE_UNISTD_H 1
| /* end confdefs.h.  */
| #include <langinfo.h>
| int
| main ()
| {
| char* cs = nl_langinfo(CODESET);
|   ;
|   return 0;
| }
configure:18359: result: no
configure:18370: checking whether we are using the GNU C Library 2.1 or newer
/files/abiword-2.2.8/libiconv/libcharset/configure:18394: features.h: No such file or directory
configure:18402: result: no
configure:18424: checking stddef.h usability
configure:18437: gcc -c -g -O2  conftest.c >&5
configure:18440: $? = 0
configure:18443: test -s conftest.o
configure:18446: $? = 0
configure:18456: result: yes
configure:18460: checking stddef.h presence
configure:18471: gcc -E  conftest.c
configure:18477: $? = 0
configure:18496: result: yes
configure:18532: checking for stddef.h
configure:18539: result: yes
configure:18415: checking for stdlib.h
configure:18420: result: yes
configure:18415: checking for string.h
configure:18420: result: yes
configure:18556: checking for setlocale
configure:18606: gcc -o conftest -g -O2   conftest.c  >&5
configure:18609: $? = 0
configure:18612: test -s conftest
configure:18615: $? = 0
configure:18626: result: yes
configure:18733: creating ./config.status

## ---------------------- ##
## Running config.status. ##
## ---------------------- ##

This file was extended by config.status, which was
generated by GNU Autoconf 2.57.  Invocation command line was

  CONFIG_FILES    = 
  CONFIG_HEADERS  = 
  CONFIG_LINKS    = 
  CONFIG_COMMANDS = 
  $ ./config.status 

on amigo-note

config.status:651: creating Makefile
config.status:651: creating lib/Makefile
config.status:748: creating config.h
config.status:857: config.h is unchanged

## ---------------- ##
## Cache variables. ##
## ---------------- ##

ac_cv_build=i586-pc-beos
ac_cv_build_alias=i586-pc-beos
ac_cv_c_compiler_gnu=yes
ac_cv_cxx_compiler_gnu=yes
ac_cv_env_CC_set=
ac_cv_env_CC_value=
ac_cv_env_CFLAGS_set=
ac_cv_env_CFLAGS_value=
ac_cv_env_CPPFLAGS_set=
ac_cv_env_CPPFLAGS_value=
ac_cv_env_CPP_set=
ac_cv_env_CPP_value=
ac_cv_env_CXXCPP_set=
ac_cv_env_CXXCPP_value=
ac_cv_env_CXXFLAGS_set=
ac_cv_env_CXXFLAGS_value=
ac_cv_env_CXX_set=
ac_cv_env_CXX_value=
ac_cv_env_F77_set=
ac_cv_env_F77_value=
ac_cv_env_FFLAGS_set=
ac_cv_env_FFLAGS_value=
ac_cv_env_LDFLAGS_set=
ac_cv_env_LDFLAGS_value=
ac_cv_env_build_alias_set=
ac_cv_env_build_alias_value=
ac_cv_env_host_alias_set=
ac_cv_env_host_alias_value=
ac_cv_env_target_alias_set=
ac_cv_env_target_alias_value=
ac_cv_exeext=
ac_cv_f77_compiler_gnu=no
ac_cv_func_setlocale=yes
ac_cv_gnu_library_2_1=no
ac_cv_header_dlfcn_h=no
ac_cv_header_inttypes_h=yes
ac_cv_header_memory_h=yes
ac_cv_header_minix_config_h=no
ac_cv_header_stdc=yes
ac_cv_header_stddef_h=yes
ac_cv_header_stdint_h=no
ac_cv_header_stdlib_h=yes
ac_cv_header_string_h=yes
ac_cv_header_strings_h=yes
ac_cv_header_sys_stat_h=yes
ac_cv_header_sys_types_h=yes
ac_cv_header_unistd_h=yes
ac_cv_host=i586-pc-beos
ac_cv_host_alias=i586-pc-beos
ac_cv_lib_cposix_strerror=no
ac_cv_objext=o
ac_cv_path_install='/bin/install -c'
ac_cv_prog_CPP='gcc -E'
ac_cv_prog_CXXCPP='g++ -E'
ac_cv_prog_ac_ct_AR=ar
ac_cv_prog_ac_ct_CC=gcc
ac_cv_prog_ac_ct_CXX=g++
ac_cv_prog_ac_ct_RANLIB=ranlib
ac_cv_prog_ac_ct_STRIP=strip
ac_cv_prog_cc_g=yes
ac_cv_prog_cc_stdc=
ac_cv_prog_cxx_g=yes
ac_cv_prog_egrep='grep -E'
ac_cv_prog_f77_g=no
ac_cv_prog_gcc_traditional=no
ac_cv_prog_make_make_set=yes
am_cv_langinfo_codeset=no
lt_cv_deplibs_check_method=pass_all
lt_cv_file_magic_cmd='$MAGIC_CMD'
lt_cv_file_magic_test_file=
lt_cv_ld_reload_flag=-r
lt_cv_objdir=.libs
lt_cv_path_LD=/boot/develop/tools/gnupro/i586-pc-beos/bin/ld
lt_cv_path_LDCXX=/boot/develop/tools/gnupro/i586-pc-beos/bin/ld
lt_cv_path_NM='/boot/develop/tools/gnupro/bin/nm -B'
lt_cv_path_SED=/bin/sed
lt_cv_prog_compiler_c_o=yes
lt_cv_prog_compiler_c_o_CXX=yes
lt_cv_prog_compiler_rtti_exceptions=yes
lt_cv_prog_gnu_ld=yes
lt_cv_prog_gnu_ldcxx=yes
lt_cv_sys_global_symbol_pipe='sed -n -e '\''s/^.*[ 	]\([ABCDGISTW][ABCDGISTW]*\)[ 	][ 	]*\(\)\([_A-Za-z][_A-Za-z0-9]*\)$/\1 \2\3 \3/p'\'''
lt_cv_sys_global_symbol_to_c_name_address='sed -n -e '\''s/^: \([^ ]*\) $/  {\"\1\", (lt_ptr) 0},/p'\'' -e '\''s/^[BCDEGRST] \([^ ]*\) \([^ ]*\)$/  {"\2", (lt_ptr) \&\2},/p'\'''
lt_cv_sys_global_symbol_to_cdecl='sed -n -e '\''s/^. .* \(.*\)$/extern int \1;/p'\'''
lt_cv_sys_max_cmd_len=262144
lt_lt_cv_prog_compiler_c_o='"yes"'
lt_lt_cv_prog_compiler_c_o_CXX='"yes"'
lt_lt_cv_sys_global_symbol_pipe='"sed -n -e '\''s/^.*[ 	]\\([ABCDGISTW][ABCDGISTW]*\\)[ 	][ 	]*\\(\\)\\([_A-Za-z][_A-Za-z0-9]*\\)\$/\\1 \\2\\3 \\3/p'\''"'
lt_lt_cv_sys_global_symbol_to_c_name_address='"sed -n -e '\''s/^: \\([^ ]*\\) \$/  {\\\"\\1\\\", (lt_ptr) 0},/p'\'' -e '\''s/^[BCDEGRST] \\([^ ]*\\) \\([^ ]*\\)\$/  {\"\\2\", (lt_ptr) \\&\\2},/p'\''"'
lt_lt_cv_sys_global_symbol_to_cdecl='"sed -n -e '\''s/^. .* \\(.*\\)\$/extern int \\1;/p'\''"'

## ----------------- ##
## Output variables. ##
## ----------------- ##

AR='ar'
AS='as'
CC='gcc'
CFLAGS='-g -O2'
CPP='gcc -E'
CPPFLAGS=''
CXX='g++'
CXXCPP='g++ -E'
CXXFLAGS='-g -O2'
DEFS='-DHAVE_CONFIG_H'
DLLTOOL='dlltool'
ECHO='echo'
ECHO_C=''
ECHO_N='-n'
ECHO_T=''
EGREP='grep -E'
EXEEXT=''
F77=''
FFLAGS=''
GLIBC21='no'
INSTALL_DATA='${INSTALL} -m 644'
INSTALL_PROGRAM='${INSTALL}'
INSTALL_SCRIPT='${INSTALL}'
LDFLAGS=''
LIBOBJS=''
LIBS=''
LIBTOOL='$(SHELL) $(top_builddir)/libtool'
LN_S='ln -s'
LTLIBOBJS=''
OBJDUMP='objdump'
OBJEXT='o'
PACKAGE=''
PACKAGE_BUGREPORT=''
PACKAGE_NAME=''
PACKAGE_STRING=''
PACKAGE_TARNAME=''
PACKAGE_VERSION=''
PATH_SEPARATOR=':'
RANLIB='ranlib'
RELOCATABLE='no'
SET_MAKE=''
SHELL='/bin/sh'
STRIP='strip'
VERSION=''
ac_ct_AR='ar'
ac_ct_AS=''
ac_ct_CC='gcc'
ac_ct_CXX='g++'
ac_ct_DLLTOOL=''
ac_ct_F77=''
ac_ct_OBJDUMP=''
ac_ct_RANLIB='ranlib'
ac_ct_STRIP='strip'
bindir='${exec_prefix}/bin'
build='i586-pc-beos'
build_alias=''
build_cpu='i586'
build_os='beos'
build_vendor='pc'
datadir='${prefix}/share'
exec_prefix='${prefix}'
host='i586-pc-beos'
host_alias=''
host_cpu='i586'
host_os='beos'
host_vendor='pc'
includedir='${prefix}/include'
infodir='${prefix}/info'
libdir='${exec_prefix}/lib'
libexecdir='${exec_prefix}/libexec'
localstatedir='${prefix}/var'
mandir='${datadir}/man'
oldincludedir='/usr/include'
prefix='/usr/local'
program_transform_name='s,x,x,'
sbindir='${exec_prefix}/sbin'
sharedstatedir='${prefix}/com'
sysconfdir='${prefix}/etc'
target_alias=''

## ----------- ##
## confdefs.h. ##
## ----------- ##

#define HAVE_INTTYPES_H 1
#define HAVE_MEMORY_H 1
#define HAVE_SETLOCALE 1
#define HAVE_STDDEF_H 1
#define HAVE_STDLIB_H 1
#define HAVE_STDLIB_H 1
#define HAVE_STRINGS_H 1
#define HAVE_STRING_H 1
#define HAVE_STRING_H 1
#define HAVE_SYS_STAT_H 1
#define HAVE_SYS_TYPES_H 1
#define HAVE_UNISTD_H 1
#define INSTALLPREFIX "/usr/local"
#define PACKAGE_BUGREPORT ""
#define PACKAGE_NAME ""
#define PACKAGE_STRING ""
#define PACKAGE_TARNAME ""
#define PACKAGE_VERSION ""
#define STDC_HEADERS 1

configure: exit 0
