This file contains any messages produced by compilers while
running configure, to aid debugging if configure makes a mistake.

It was created by cairo configure 1.2.6, which was
generated by GNU Autoconf 2.59.  Invocation command line was

  $ ./configure --enable-beos --enable-png

## --------- ##
## Platform. ##
## --------- ##

hostname = samsung
uname -m = BePC
uname -r = 6.0.1
uname -s = BeOS
uname -v = 20392

/usr/bin/uname -p = unknown
/bin/uname -X     = unknown

/bin/arch              = unknown
/usr/bin/arch -k       = unknown
/usr/convex/getsysinfo = unknown
hostinfo               = unknown
/bin/machine           = unknown
/usr/bin/oslevel       = unknown
/bin/universe          = unknown

PATH: /Source/yt/src/cebit/build/scripts
PATH: .
PATH: /boot/home/config/bin
PATH: /bin
PATH: /boot/beos/apps
PATH: /boot/home/config/ZetaMenu/Software/System
PATH: /boot/home/config/ZetaMenu/Software/Tools
PATH: /boot/home/config/ZetaMenu/Software/Develop
PATH: /boot/develop/bin
PATH: /Source/yt/bin


## ----------- ##
## Core tests. ##
## ----------- ##

configure:1773: checking for a BSD-compatible install
configure:1828: result: /bin/ginstall -c
configure:1839: checking whether build environment is sane
configure:1882: result: yes
configure:1947: checking for gawk
configure:1963: found /bin/gawk
configure:1973: result: gawk
configure:1983: checking whether make sets $(MAKE)
configure:2003: result: yes
configure:2201: checking whether to enable maintainer-specific portions of Makefiles
configure:2210: result: no
configure:2272: checking for gcc
configure:2288: found /boot/develop/bin/gcc
configure:2298: result: gcc
configure:2542: checking for C compiler version
configure:2545: gcc --version </dev/null >&5
2.9-beos-000224
configure:2548: $? = 0
configure:2550: gcc -v </dev/null >&5
Reading specs from /boot/develop/tools/sdk/release/H-i586-pc-beos5/T-i586-pc-beos5/lib/gcc-lib/i586-pc-beos5/2.9-beos-000224/specs
gcc version 2.9-beos-000224
configure:2553: $? = 0
configure:2555: gcc -V </dev/null >&5
gcc: argument to `-V' is missing
configure:2558: $? = 1
configure:2581: checking for C compiler default output file name
configure:2584: gcc    conftest.c  >&5
configure:2587: $? = 0
configure:2633: result: conftest
configure:2638: checking whether the C compiler works
configure:2644: ./conftest
configure:2647: $? = 0
configure:2664: result: yes
configure:2671: checking whether we are cross compiling
configure:2673: result: no
configure:2676: checking for suffix of executables
configure:2678: gcc -o conftest    conftest.c  >&5
configure:2681: $? = 0
configure:2706: result: 
configure:2712: checking for suffix of object files
configure:2733: gcc -c   conftest.c >&5
configure:2736: $? = 0
configure:2758: result: o
configure:2762: checking whether we are using the GNU C compiler
configure:2786: gcc -c   conftest.c >&5
configure:2792: $? = 0
configure:2796: test -z 
			 || test ! -s conftest.err
configure:2799: $? = 0
configure:2802: test -s conftest.o
configure:2805: $? = 0
configure:2818: result: yes
configure:2824: checking whether gcc accepts -g
configure:2845: gcc -c -g  conftest.c >&5
configure:2851: $? = 0
configure:2855: test -z 
			 || test ! -s conftest.err
configure:2858: $? = 0
configure:2861: test -s conftest.o
configure:2864: $? = 0
configure:2875: result: yes
configure:2892: checking for gcc option to accept ANSI C
configure:2962: gcc  -c -g -O2  conftest.c >&5
configure:2968: $? = 0
configure:2972: test -z 
			 || test ! -s conftest.err
configure:2975: $? = 0
configure:2978: test -s conftest.o
configure:2981: $? = 0
configure:2999: result: none needed
configure:3017: gcc -c -g -O2  conftest.c >&5
/Source/yt/personal/rajesh/rajeesh/AbiWord-Libs/cairo-1.2.6/conftest.c:2: error: parse error before `me'
configure:3023: $? = 1
configure: failed program was:
| #ifndef __cplusplus
|   choke me
| #endif
configure:3167: checking for style of include used by make
configure:3195: result: GNU
configure:3223: checking dependency style of gcc
configure:3313: result: gcc
configure:3335: checking how to run the C preprocessor
configure:3370: gcc -E  conftest.c
configure:3376: $? = 0
configure:3408: gcc -E  conftest.c
/Source/yt/personal/rajesh/rajeesh/AbiWord-Libs/cairo-1.2.6/conftest.c:11: error: ac_nonexistent.h: No such file or directory
configure:3414: $? = 1
configure: failed program was:
| /* confdefs.h.  */
| 
| #define PACKAGE_NAME "cairo"
| #define PACKAGE_TARNAME "cairo"
| #define PACKAGE_VERSION "1.2.6"
| #define PACKAGE_STRING "cairo 1.2.6"
| #define PACKAGE_BUGREPORT "http://bugs.freedesktop.org/enter_bug.cgi?product=cairo"
| #define PACKAGE "cairo"
| #define VERSION "1.2.6"
| /* end confdefs.h.  */
| #include <ac_nonexistent.h>
configure:3453: result: gcc -E
configure:3477: gcc -E  conftest.c
configure:3483: $? = 0
configure:3515: gcc -E  conftest.c
/Source/yt/personal/rajesh/rajeesh/AbiWord-Libs/cairo-1.2.6/conftest.c:11: error: ac_nonexistent.h: No such file or directory
configure:3521: $? = 1
configure: failed program was:
| /* confdefs.h.  */
| 
| #define PACKAGE_NAME "cairo"
| #define PACKAGE_TARNAME "cairo"
| #define PACKAGE_VERSION "1.2.6"
| #define PACKAGE_STRING "cairo 1.2.6"
| #define PACKAGE_BUGREPORT "http://bugs.freedesktop.org/enter_bug.cgi?product=cairo"
| #define PACKAGE "cairo"
| #define VERSION "1.2.6"
| /* end confdefs.h.  */
| #include <ac_nonexistent.h>
configure:3642: checking build system type
configure:3660: result: i586-pc-beos
configure:3668: checking host system type
configure:3682: result: i586-pc-beos
configure:3690: checking for a sed that does not truncate output
configure:3744: result: /bin/sed
configure:3747: checking for egrep
configure:3757: result: grep -E
configure:3773: checking for ld used by gcc
configure:3840: result: /boot/develop/bin/ld
configure:3849: checking if the linker (/boot/develop/bin/ld) is GNU ld
configure:3864: result: yes
configure:3869: checking for /boot/develop/bin/ld option to reload object files
configure:3876: result: -r
configure:3894: checking for BSD-compatible nm
configure:3943: result: /boot/develop/bin/nm -B
configure:3947: checking whether ln -s works
configure:3951: result: yes
configure:3958: checking how to recognise dependent libraries
configure:4134: result: pass_all
configure:4367: checking for ANSI C header files
configure:4392: gcc -c -g -O2  conftest.c >&5
configure:4398: $? = 0
configure:4402: test -z 
			 || test ! -s conftest.err
configure:4405: $? = 0
configure:4408: test -s conftest.o
configure:4411: $? = 0
configure:4500: gcc -o conftest -g -O2   conftest.c  >&5
configure:4503: $? = 0
configure:4505: ./conftest
configure:4508: $? = 0
configure:4523: result: yes
configure:4547: checking for sys/types.h
configure:4563: gcc -c -g -O2  conftest.c >&5
configure:4569: $? = 0
configure:4573: test -z 
			 || test ! -s conftest.err
configure:4576: $? = 0
configure:4579: test -s conftest.o
configure:4582: $? = 0
configure:4593: result: yes
configure:4547: checking for sys/stat.h
configure:4563: gcc -c -g -O2  conftest.c >&5
configure:4569: $? = 0
configure:4573: test -z 
			 || test ! -s conftest.err
configure:4576: $? = 0
configure:4579: test -s conftest.o
configure:4582: $? = 0
configure:4593: result: yes
configure:4547: checking for stdlib.h
configure:4563: gcc -c -g -O2  conftest.c >&5
configure:4569: $? = 0
configure:4573: test -z 
			 || test ! -s conftest.err
configure:4576: $? = 0
configure:4579: test -s conftest.o
configure:4582: $? = 0
configure:4593: result: yes
configure:4547: checking for string.h
configure:4563: gcc -c -g -O2  conftest.c >&5
configure:4569: $? = 0
configure:4573: test -z 
			 || test ! -s conftest.err
configure:4576: $? = 0
configure:4579: test -s conftest.o
configure:4582: $? = 0
configure:4593: result: yes
configure:4547: checking for memory.h
configure:4563: gcc -c -g -O2  conftest.c >&5
configure:4569: $? = 0
configure:4573: test -z 
			 || test ! -s conftest.err
configure:4576: $? = 0
configure:4579: test -s conftest.o
configure:4582: $? = 0
configure:4593: result: yes
configure:4547: checking for strings.h
configure:4563: gcc -c -g -O2  conftest.c >&5
configure:4569: $? = 0
configure:4573: test -z 
			 || test ! -s conftest.err
configure:4576: $? = 0
configure:4579: test -s conftest.o
configure:4582: $? = 0
configure:4593: result: yes
configure:4547: checking for inttypes.h
configure:4563: gcc -c -g -O2  conftest.c >&5
configure:4569: $? = 0
configure:4573: test -z 
			 || test ! -s conftest.err
configure:4576: $? = 0
configure:4579: test -s conftest.o
configure:4582: $? = 0
configure:4593: result: yes
configure:4547: checking for stdint.h
configure:4563: gcc -c -g -O2  conftest.c >&5
configure:4569: $? = 0
configure:4573: test -z 
			 || test ! -s conftest.err
configure:4576: $? = 0
configure:4579: test -s conftest.o
configure:4582: $? = 0
configure:4593: result: yes
configure:4547: checking for unistd.h
configure:4563: gcc -c -g -O2  conftest.c >&5
configure:4569: $? = 0
configure:4573: test -z 
			 || test ! -s conftest.err
configure:4576: $? = 0
configure:4579: test -s conftest.o
configure:4582: $? = 0
configure:4593: result: yes
configure:4619: checking dlfcn.h usability
configure:4631: gcc -c -g -O2  conftest.c >&5
configure:4637: $? = 0
configure:4641: test -z 
			 || test ! -s conftest.err
configure:4644: $? = 0
configure:4647: test -s conftest.o
configure:4650: $? = 0
configure:4660: result: yes
configure:4664: checking dlfcn.h presence
configure:4674: gcc -E  conftest.c
configure:4680: $? = 0
configure:4700: result: yes
configure:4735: checking for dlfcn.h
configure:4742: result: yes
configure:4807: checking for g++
configure:4823: found /boot/develop/bin/g++
configure:4833: result: g++
configure:4849: checking for C++ compiler version
configure:4852: g++ --version </dev/null >&5
2.9-beos-000224
configure:4855: $? = 0
configure:4857: g++ -v </dev/null >&5
Reading specs from /boot/develop/tools/sdk/release/H-i586-pc-beos5/T-i586-pc-beos5/lib/gcc-lib/i586-pc-beos5/2.9-beos-000224/specs
gcc version 2.9-beos-000224
configure:4860: $? = 0
configure:4862: g++ -V </dev/null >&5
g++: argument to `-V' missing

configure:4865: $? = 1
configure:4868: checking whether we are using the GNU C++ compiler
configure:4892: g++ -c   conftest.cc >&5
configure:4898: $? = 0
configure:4902: test -z 
			 || test ! -s conftest.err
configure:4905: $? = 0
configure:4908: test -s conftest.o
configure:4911: $? = 0
configure:4924: result: yes
configure:4930: checking whether g++ accepts -g
configure:4951: g++ -c -g  conftest.cc >&5
configure:4957: $? = 0
configure:4961: test -z 
			 || test ! -s conftest.err
configure:4964: $? = 0
configure:4967: test -s conftest.o
configure:4970: $? = 0
configure:4981: result: yes
configure:5023: g++ -c -g -O2  conftest.cc >&5
configure:5029: $? = 0
configure:5033: test -z 
			 || test ! -s conftest.err
configure:5036: $? = 0
configure:5039: test -s conftest.o
configure:5042: $? = 0
configure:5068: g++ -c -g -O2  conftest.cc >&5
configure:5074: $? = 0
configure:5078: test -z 
			 || test ! -s conftest.err
configure:5081: $? = 0
configure:5084: test -s conftest.o
configure:5087: $? = 0
configure:5112: checking dependency style of g++
configure:5202: result: gcc
configure:5229: checking how to run the C++ preprocessor
configure:5260: g++ -E  conftest.cc
configure:5266: $? = 0
configure:5298: g++ -E  conftest.cc
/Source/yt/personal/rajesh/rajeesh/AbiWord-Libs/cairo-1.2.6/conftest.cc:22: error: ac_nonexistent.h: No such file or directory
configure:5304: $? = 1
configure: failed program was:
| /* confdefs.h.  */
| 
| #define PACKAGE_NAME "cairo"
| #define PACKAGE_TARNAME "cairo"
| #define PACKAGE_VERSION "1.2.6"
| #define PACKAGE_STRING "cairo 1.2.6"
| #define PACKAGE_BUGREPORT "http://bugs.freedesktop.org/enter_bug.cgi?product=cairo"
| #define PACKAGE "cairo"
| #define VERSION "1.2.6"
| #define STDC_HEADERS 1
| #define HAVE_SYS_TYPES_H 1
| #define HAVE_SYS_STAT_H 1
| #define HAVE_STDLIB_H 1
| #define HAVE_STRING_H 1
| #define HAVE_MEMORY_H 1
| #define HAVE_STRINGS_H 1
| #define HAVE_INTTYPES_H 1
| #define HAVE_STDINT_H 1
| #define HAVE_UNISTD_H 1
| #define HAVE_DLFCN_H 1
| /* end confdefs.h.  */
| #include <ac_nonexistent.h>
configure:5343: result: g++ -E
configure:5367: g++ -E  conftest.cc
configure:5373: $? = 0
configure:5405: g++ -E  conftest.cc
/Source/yt/personal/rajesh/rajeesh/AbiWord-Libs/cairo-1.2.6/conftest.cc:22: error: ac_nonexistent.h: No such file or directory
configure:5411: $? = 1
configure: failed program was:
| /* confdefs.h.  */
| 
| #define PACKAGE_NAME "cairo"
| #define PACKAGE_TARNAME "cairo"
| #define PACKAGE_VERSION "1.2.6"
| #define PACKAGE_STRING "cairo 1.2.6"
| #define PACKAGE_BUGREPORT "http://bugs.freedesktop.org/enter_bug.cgi?product=cairo"
| #define PACKAGE "cairo"
| #define VERSION "1.2.6"
| #define STDC_HEADERS 1
| #define HAVE_SYS_TYPES_H 1
| #define HAVE_SYS_STAT_H 1
| #define HAVE_STDLIB_H 1
| #define HAVE_STRING_H 1
| #define HAVE_MEMORY_H 1
| #define HAVE_STRINGS_H 1
| #define HAVE_INTTYPES_H 1
| #define HAVE_STDINT_H 1
| #define HAVE_UNISTD_H 1
| #define HAVE_DLFCN_H 1
| /* end confdefs.h.  */
| #include <ac_nonexistent.h>
configure:5508: checking for g77
configure:5537: result: no
configure:5508: checking for f77
configure:5537: result: no
configure:5508: checking for xlf
configure:5537: result: no
configure:5508: checking for frt
configure:5537: result: no
configure:5508: checking for pgf77
configure:5537: result: no
configure:5508: checking for fort77
configure:5537: result: no
configure:5508: checking for fl32
configure:5537: result: no
configure:5508: checking for af77
configure:5537: result: no
configure:5508: checking for f90
configure:5537: result: no
configure:5508: checking for xlf90
configure:5537: result: no
configure:5508: checking for pgf90
configure:5537: result: no
configure:5508: checking for epcf90
configure:5537: result: no
configure:5508: checking for f95
configure:5537: result: no
configure:5508: checking for fort
configure:5537: result: no
configure:5508: checking for xlf95
configure:5537: result: no
configure:5508: checking for ifc
configure:5537: result: no
configure:5508: checking for efc
configure:5537: result: no
configure:5508: checking for pgf95
configure:5537: result: no
configure:5508: checking for lf95
configure:5537: result: no
configure:5508: checking for gfortran
configure:5537: result: no
configure:5549: checking for Fortran 77 compiler version
configure:5552:  --version </dev/null >&5
./configure: line 5553: --version: command not found
configure:5555: $? = 127
configure:5557:  -v </dev/null >&5
./configure: line 5558: -v: command not found
configure:5560: $? = 127
configure:5562:  -V </dev/null >&5
./configure: line 5563: -V: command not found
configure:5565: $? = 127
configure:5573: checking whether we are using the GNU Fortran 77 compiler
configure:5587:  -c  conftest.F >&5
./configure: line 5588: -c: command not found
configure:5593: $? = 127
configure: failed program was:
|       program main
| #ifndef __GNUC__
|        choke me
| #endif
| 
|       end
configure:5619: result: no
configure:5625: checking whether  accepts -g
configure:5637:  -c -g conftest.f >&5
./configure: line 5638: -c: command not found
configure:5643: $? = 127
configure: failed program was:
|       program main
| 
|       end
configure:5668: result: no
configure:5698: checking the maximum length of command line arguments
configure:5807: result: 262144
configure:5818: checking command to parse /boot/develop/bin/nm -B output from gcc object
configure:5923: gcc -c -g -O2  conftest.c >&5
configure:5926: $? = 0
configure:5930: /boot/develop/bin/nm -B conftest.o \| sed -n -e 's/^.*[ 	]\([ABCDGIRSTW][ABCDGIRSTW]*\)[ 	][ 	]*\([_A-Za-z][_A-Za-z0-9]*\)$/\1 \2 \2/p' \> conftest.nm
configure:5933: $? = 0
configure:5985: gcc -o conftest -g -O2   conftest.c conftstm.o >&5
configure:5988: $? = 0
configure:6026: result: ok
configure:6030: checking for objdir
configure:6045: result: .libs
configure:6135: checking for ar
configure:6151: found /boot/develop/bin/ar
configure:6162: result: ar
configure:6215: checking for ranlib
configure:6231: found /boot/develop/bin/ranlib
configure:6242: result: ranlib
configure:6295: checking for strip
configure:6311: found /boot/develop/bin/strip
configure:6322: result: strip
configure:6594: checking if gcc supports -fno-rtti -fno-exceptions
configure:6612: gcc -c -g -O2  -fno-rtti -fno-exceptions conftest.c >&5
configure:6616: $? = 0
configure:6629: result: yes
configure:6644: checking for gcc option to produce PIC
configure:6854: result: 
configure:6925: checking if gcc static flag -static works
configure:6953: result: yes
configure:6963: checking if gcc supports -c -o file.o
configure:6984: gcc -c -g -O2  -o out/conftest2.o conftest.c >&5
configure:6988: $? = 0
configure:7010: result: yes
configure:7036: checking whether the gcc linker (/boot/develop/bin/ld) supports shared libraries
configure:7994: result: yes
configure:8015: checking whether -lc should be explicitly linked in
configure:8020: gcc -c -g -O2  conftest.c >&5
configure:8023: $? = 0
configure:8038: gcc -nostart conftest.o  -v -Wl,-soname -Wl,conftest -o conftest 2\>\&1 \| grep  -lc  \>/dev/null 2\>\&1
configure:8041: $? = 1
configure:8053: result: yes
configure:8061: checking dynamic linker characteristics
configure:8670: result: beos ld.so
configure:8679: checking how to hardcode library paths into programs
configure:8704: result: immediate
configure:8718: checking whether stripping libraries is possible
configure:8723: result: yes
configure:9557: checking if libtool supports shared libraries
configure:9559: result: yes
configure:9562: checking whether to build shared libraries
configure:9583: result: yes
configure:9586: checking whether to build static libraries
configure:9590: result: yes
configure:9682: creating libtool
configure:10270: checking for ld used by g++
configure:10337: result: /boot/develop/bin/ld
configure:10346: checking if the linker (/boot/develop/bin/ld) is GNU ld
configure:10361: result: yes
configure:10412: checking whether the g++ linker (/boot/develop/bin/ld) supports shared libraries
configure:11350: result: yes
configure:11368: g++ -c -g -O2  conftest.cpp >&5
configure:11371: $? = 0
configure:11490: checking for g++ option to produce PIC
configure:11764: result: 
configure:11835: checking if g++ static flag -static works
configure:11863: result: yes
configure:11873: checking if g++ supports -c -o file.o
configure:11894: g++ -c -g -O2  -o out/conftest2.o conftest.cpp >&5
configure:11898: $? = 0
configure:11920: result: yes
configure:11946: checking whether the g++ linker (/boot/develop/bin/ld) supports shared libraries
configure:11971: result: yes
configure:12038: checking dynamic linker characteristics
configure:12647: result: beos ld.so
configure:12656: checking how to hardcode library paths into programs
configure:12681: result: immediate
configure:18873: checking for ANSI C header files
configure:19029: result: yes
configure:19039: checking whether byte ordering is bigendian
configure:19066: gcc -c -g -O2  conftest.c >&5
/Source/yt/personal/rajesh/rajeesh/AbiWord-Libs/cairo-1.2.6/conftest.c: In function `main':
/Source/yt/personal/rajesh/rajeesh/AbiWord-Libs/cairo-1.2.6/conftest.c:30: error: `bogus' undeclared (first use in this function)
/Source/yt/personal/rajesh/rajeesh/AbiWord-Libs/cairo-1.2.6/conftest.c:30: error: (Each undeclared identifier is reported only once
/Source/yt/personal/rajesh/rajeesh/AbiWord-Libs/cairo-1.2.6/conftest.c:30: error: for each function it appears in.)
/Source/yt/personal/rajesh/rajeesh/AbiWord-Libs/cairo-1.2.6/conftest.c:30: error: parse error before `endian'
configure:19072: $? = 1
configure: failed program was:
| /* confdefs.h.  */
| 
| #define PACKAGE_NAME "cairo"
| #define PACKAGE_TARNAME "cairo"
| #define PACKAGE_VERSION "1.2.6"
| #define PACKAGE_STRING "cairo 1.2.6"
| #define PACKAGE_BUGREPORT "http://bugs.freedesktop.org/enter_bug.cgi?product=cairo"
| #define PACKAGE "cairo"
| #define VERSION "1.2.6"
| #define STDC_HEADERS 1
| #define HAVE_SYS_TYPES_H 1
| #define HAVE_SYS_STAT_H 1
| #define HAVE_STDLIB_H 1
| #define HAVE_STRING_H 1
| #define HAVE_MEMORY_H 1
| #define HAVE_STRINGS_H 1
| #define HAVE_INTTYPES_H 1
| #define HAVE_STDINT_H 1
| #define HAVE_UNISTD_H 1
| #define HAVE_DLFCN_H 1
| #define STDC_HEADERS 1
| /* end confdefs.h.  */
| #include <sys/types.h>
| #include <sys/param.h>
| 
| int
| main ()
| {
| #if !BYTE_ORDER || !BIG_ENDIAN || !LITTLE_ENDIAN
|  bogus endian macros
| #endif
| 
|   ;
|   return 0;
| }
configure:19226: gcc -o conftest -g -O2   conftest.c  >&5
configure:19229: $? = 0
configure:19231: ./conftest
configure:19234: $? = 0
configure:19250: result: no
configure:19282: checking for vasnprintf
configure:19339: gcc -o conftest -g -O2   conftest.c  >&5
/tmp/cc8uDQSb.o: In function `main':
/Source/yt/personal/rajesh/rajeesh/AbiWord-Libs/cairo-1.2.6/conftest.c:63: undefined reference to `vasnprintf'
/Source/yt/personal/rajesh/rajeesh/AbiWord-Libs/cairo-1.2.6/conftest.c:62: undefined reference to `vasnprintf'
collect2: ld returned 1 exit status
configure:19345: $? = 1
configure: failed program was:
| /* confdefs.h.  */
| 
| #define PACKAGE_NAME "cairo"
| #define PACKAGE_TARNAME "cairo"
| #define PACKAGE_VERSION "1.2.6"
| #define PACKAGE_STRING "cairo 1.2.6"
| #define PACKAGE_BUGREPORT "http://bugs.freedesktop.org/enter_bug.cgi?product=cairo"
| #define PACKAGE "cairo"
| #define VERSION "1.2.6"
| #define STDC_HEADERS 1
| #define HAVE_SYS_TYPES_H 1
| #define HAVE_SYS_STAT_H 1
| #define HAVE_STDLIB_H 1
| #define HAVE_STRING_H 1
| #define HAVE_MEMORY_H 1
| #define HAVE_STRINGS_H 1
| #define HAVE_INTTYPES_H 1
| #define HAVE_STDINT_H 1
| #define HAVE_UNISTD_H 1
| #define HAVE_DLFCN_H 1
| #define STDC_HEADERS 1
| /* end confdefs.h.  */
| /* Define vasnprintf to an innocuous variant, in case <limits.h> declares vasnprintf.
|    For example, HP-UX 11i <limits.h> declares gettimeofday.  */
| #define vasnprintf innocuous_vasnprintf
| 
| /* System header to define __stub macros and hopefully few prototypes,
|     which can conflict with char vasnprintf (); below.
|     Prefer <limits.h> to <assert.h> if __STDC__ is defined, since
|     <limits.h> exists even on freestanding compilers.  */
| 
| #ifdef __STDC__
| # include <limits.h>
| #else
| # include <assert.h>
| #endif
| 
| #undef vasnprintf
| 
| /* Override any gcc2 internal prototype to avoid an error.  */
| #ifdef __cplusplus
| extern "C"
| {
| #endif
| /* We use char because int might match the return type of a gcc2
|    builtin and then its argument prototype would still apply.  */
| char vasnprintf ();
| /* The GNU C library defines this for functions which it implements
|     to always fail with ENOSYS.  Some functions are actually named
|     something starting with __ and the normal name is an alias.  */
| #if defined (__stub_vasnprintf) || defined (__stub___vasnprintf)
| choke me
| #else
| char (*f) () = vasnprintf;
| #endif
| #ifdef __cplusplus
| }
| #endif
| 
| int
| main ()
| {
| return f != vasnprintf;
|   ;
|   return 0;
| }
configure:19370: result: no
configure:19598: checking for compress in -lz
configure:19628: gcc -o conftest -g -O2   conftest.c -lz    >&5
configure:19634: $? = 0
configure:19638: test -z 
			 || test ! -s conftest.err
configure:19641: $? = 0
configure:19644: test -s conftest
configure:19647: $? = 0
configure:19660: result: yes
configure:19673: checking zlib.h usability
configure:19685: gcc -c -g -O2  conftest.c >&5
configure:19691: $? = 0
configure:19695: test -z 
			 || test ! -s conftest.err
configure:19698: $? = 0
configure:19701: test -s conftest.o
configure:19704: $? = 0
configure:19714: result: yes
configure:19718: checking zlib.h presence
configure:19728: gcc -E  conftest.c
configure:19734: $? = 0
configure:19754: result: yes
configure:19789: checking for zlib.h
configure:19796: result: yes
configure:19861: checking for pkg-config
configure:19894: result: no
configure:19931: checking for X
configure:20036: gcc -E  conftest.c
/Source/yt/personal/rajesh/rajeesh/AbiWord-Libs/cairo-1.2.6/conftest.c:23: error: X11/Xlib.h: No such file or directory
configure:20042: $? = 1
configure: failed program was:
| /* confdefs.h.  */
| 
| #define PACKAGE_NAME "cairo"
| #define PACKAGE_TARNAME "cairo"
| #define PACKAGE_VERSION "1.2.6"
| #define PACKAGE_STRING "cairo 1.2.6"
| #define PACKAGE_BUGREPORT "http://bugs.freedesktop.org/enter_bug.cgi?product=cairo"
| #define PACKAGE "cairo"
| #define VERSION "1.2.6"
| #define STDC_HEADERS 1
| #define HAVE_SYS_TYPES_H 1
| #define HAVE_SYS_STAT_H 1
| #define HAVE_STDLIB_H 1
| #define HAVE_STRING_H 1
| #define HAVE_MEMORY_H 1
| #define HAVE_STRINGS_H 1
| #define HAVE_INTTYPES_H 1
| #define HAVE_STDINT_H 1
| #define HAVE_UNISTD_H 1
| #define HAVE_DLFCN_H 1
| #define STDC_HEADERS 1
| /* end confdefs.h.  */
| #include <X11/Xlib.h>
configure:20092: gcc -o conftest -g -O2   conftest.c -lXt   >&5
/Source/yt/personal/rajesh/rajeesh/AbiWord-Libs/cairo-1.2.6/conftest.c:23: error: X11/Xlib.h: No such file or directory
configure:20098: $? = 1
configure: failed program was:
| /* confdefs.h.  */
| 
| #define PACKAGE_NAME "cairo"
| #define PACKAGE_TARNAME "cairo"
| #define PACKAGE_VERSION "1.2.6"
| #define PACKAGE_STRING "cairo 1.2.6"
| #define PACKAGE_BUGREPORT "http://bugs.freedesktop.org/enter_bug.cgi?product=cairo"
| #define PACKAGE "cairo"
| #define VERSION "1.2.6"
| #define STDC_HEADERS 1
| #define HAVE_SYS_TYPES_H 1
| #define HAVE_SYS_STAT_H 1
| #define HAVE_STDLIB_H 1
| #define HAVE_STRING_H 1
| #define HAVE_MEMORY_H 1
| #define HAVE_STRINGS_H 1
| #define HAVE_INTTYPES_H 1
| #define HAVE_STDINT_H 1
| #define HAVE_UNISTD_H 1
| #define HAVE_DLFCN_H 1
| #define STDC_HEADERS 1
| /* end confdefs.h.  */
| #include <X11/Xlib.h>
| int
| main ()
| {
| XrmInitialize ()
|   ;
|   return 0;
| }
configure:20151: result: no
configure:20179: checking for cairo's Xlib backend
configure:20196: checking for xlib
configure:22592: checking whether cairo's Xlib backend could be enabled
configure:22595: result: no (requires X development libraries)
configure:22810: checking for cairo's Xlib Xrender backend
configure:23196: checking whether cairo's Xlib Xrender backend could be enabled
configure:23199: result: no (requires --enable-xlib)
configure:23777: checking for cairo's Microsoft Windows backend
configure:23809: checking whether cairo's Microsoft Windows backend could be enabled
configure:23812: result: no (requires a Win32 platform)
configure:23914: checking for cairo's Microsoft Windows font backend
configure:23938: checking whether cairo's Microsoft Windows font backend could be enabled
configure:23941: result: no (requires a Win32 platform)
configure:24044: checking for cairo's BeOS/Zeta backend
configure:24060: checking for main in -lbe
configure:24084: gcc -o conftest -g -O2   conftest.c -lbe    >&5
configure:24090: $? = 0
configure:24094: test -z 
			 || test ! -s conftest.err
configure:24097: $? = 0
configure:24100: test -s conftest
configure:24103: $? = 0
configure:24116: result: yes
configure:24122: checking for main in -lzeta
configure:24146: gcc -o conftest -g -O2   conftest.c -lzeta    >&5
configure:24152: $? = 0
configure:24156: test -z 
			 || test ! -s conftest.err
configure:24159: $? = 0
configure:24162: test -s conftest
configure:24165: $? = 0
configure:24178: result: yes
configure:24198: checking whether cairo's BeOS/Zeta backend could be enabled
configure:24201: result: yes
configure:24249: creating src/cairo-beos.pc
configure:24384: checking for C++ compiler version
configure:24387: g++ --version </dev/null >&5
2.9-beos-000224
configure:24390: $? = 0
configure:24392: g++ -v </dev/null >&5
Reading specs from /boot/develop/tools/sdk/release/H-i586-pc-beos5/T-i586-pc-beos5/lib/gcc-lib/i586-pc-beos5/2.9-beos-000224/specs
gcc version 2.9-beos-000224
configure:24395: $? = 0
configure:24397: g++ -V </dev/null >&5
g++: argument to `-V' missing

configure:24400: $? = 1
configure:24403: checking whether we are using the GNU C++ compiler
configure:24459: result: yes
configure:24465: checking whether g++ accepts -g
configure:24516: result: yes
configure:24558: g++ -c -g -O2  conftest.cc >&5
configure:24564: $? = 0
configure:24568: test -z 
			 || test ! -s conftest.err
configure:24571: $? = 0
configure:24574: test -s conftest.o
configure:24577: $? = 0
configure:24603: g++ -c -g -O2  conftest.cc >&5
configure:24609: $? = 0
configure:24613: test -z 
			 || test ! -s conftest.err
configure:24616: $? = 0
configure:24619: test -s conftest.o
configure:24622: $? = 0
configure:24647: checking dependency style of g++
configure:24737: result: gcc
configure:24771: checking for cairo's PNG backend
configure:24913: WARNING: Could not find libpng in the pkg-config search path
configure:24925: checking whether cairo's PNG backend could be enabled
configure:24928: result: no
configure:24953: error: requested PNG backend could not be enabled

## ---------------- ##
## Cache variables. ##
## ---------------- ##

ac_cv_build=i586-pc-beos
ac_cv_build_alias=i586-pc-beos
ac_cv_c_bigendian=no
ac_cv_c_compiler_gnu=yes
ac_cv_cxx_compiler_gnu=yes
ac_cv_env_CC_set=
ac_cv_env_CC_value=
ac_cv_env_CFLAGS_set=
ac_cv_env_CFLAGS_value=
ac_cv_env_CPPFLAGS_set=
ac_cv_env_CPPFLAGS_value=
ac_cv_env_CPP_set=
ac_cv_env_CPP_value=
ac_cv_env_CXXCPP_set=
ac_cv_env_CXXCPP_value=
ac_cv_env_CXXFLAGS_set=
ac_cv_env_CXXFLAGS_value=
ac_cv_env_CXX_set=
ac_cv_env_CXX_value=
ac_cv_env_F77_set=
ac_cv_env_F77_value=
ac_cv_env_FFLAGS_set=
ac_cv_env_FFLAGS_value=
ac_cv_env_FONTCONFIG_CFLAGS_set=
ac_cv_env_FONTCONFIG_CFLAGS_value=
ac_cv_env_FONTCONFIG_LIBS_set=
ac_cv_env_FONTCONFIG_LIBS_value=
ac_cv_env_FREETYPE_CFLAGS_set=
ac_cv_env_FREETYPE_CFLAGS_value=
ac_cv_env_FREETYPE_LIBS_set=
ac_cv_env_FREETYPE_LIBS_value=
ac_cv_env_GLITZ_AGL_CFLAGS_set=
ac_cv_env_GLITZ_AGL_CFLAGS_value=
ac_cv_env_GLITZ_AGL_LIBS_set=
ac_cv_env_GLITZ_AGL_LIBS_value=
ac_cv_env_GLITZ_EGL_CFLAGS_set=
ac_cv_env_GLITZ_EGL_CFLAGS_value=
ac_cv_env_GLITZ_EGL_LIBS_set=
ac_cv_env_GLITZ_EGL_LIBS_value=
ac_cv_env_GLITZ_GLX_CFLAGS_set=
ac_cv_env_GLITZ_GLX_CFLAGS_value=
ac_cv_env_GLITZ_GLX_LIBS_set=
ac_cv_env_GLITZ_GLX_LIBS_value=
ac_cv_env_GLITZ_WGL_CFLAGS_set=
ac_cv_env_GLITZ_WGL_CFLAGS_value=
ac_cv_env_GLITZ_WGL_LIBS_set=
ac_cv_env_GLITZ_WGL_LIBS_value=
ac_cv_env_LDFLAGS_set=
ac_cv_env_LDFLAGS_value=
ac_cv_env_LIBRSVG_CFLAGS_set=
ac_cv_env_LIBRSVG_CFLAGS_value=
ac_cv_env_LIBRSVG_LIBS_set=
ac_cv_env_LIBRSVG_LIBS_value=
ac_cv_env_PKG_CONFIG_set=
ac_cv_env_PKG_CONFIG_value=
ac_cv_env_POPPLER_CFLAGS_set=
ac_cv_env_POPPLER_CFLAGS_value=
ac_cv_env_POPPLER_LIBS_set=
ac_cv_env_POPPLER_LIBS_value=
ac_cv_env_build_alias_set=
ac_cv_env_build_alias_value=
ac_cv_env_directfb_CFLAGS_set=
ac_cv_env_directfb_CFLAGS_value=
ac_cv_env_directfb_LIBS_set=
ac_cv_env_directfb_LIBS_value=
ac_cv_env_glitz_CFLAGS_set=
ac_cv_env_glitz_CFLAGS_value=
ac_cv_env_glitz_LIBS_set=
ac_cv_env_glitz_LIBS_value=
ac_cv_env_host_alias_set=
ac_cv_env_host_alias_value=
ac_cv_env_png_CFLAGS_set=
ac_cv_env_png_CFLAGS_value=
ac_cv_env_png_LIBS_set=
ac_cv_env_png_LIBS_value=
ac_cv_env_png_REQUIRES_set=
ac_cv_env_png_REQUIRES_value=
ac_cv_env_target_alias_set=
ac_cv_env_target_alias_value=
ac_cv_env_xcb_CFLAGS_set=
ac_cv_env_xcb_CFLAGS_value=
ac_cv_env_xcb_LIBS_set=
ac_cv_env_xcb_LIBS_value=
ac_cv_env_xlib_CFLAGS_set=
ac_cv_env_xlib_CFLAGS_value=
ac_cv_env_xlib_LIBS_set=
ac_cv_env_xlib_LIBS_value=
ac_cv_env_xlib_xrender_CFLAGS_set=
ac_cv_env_xlib_xrender_CFLAGS_value=
ac_cv_env_xlib_xrender_LIBS_set=
ac_cv_env_xlib_xrender_LIBS_value=
ac_cv_exeext=
ac_cv_f77_compiler_gnu=no
ac_cv_func_vasnprintf=no
ac_cv_have_x=have_x=no
ac_cv_header_dlfcn_h=yes
ac_cv_header_inttypes_h=yes
ac_cv_header_memory_h=yes
ac_cv_header_stdc=yes
ac_cv_header_stdint_h=yes
ac_cv_header_stdlib_h=yes
ac_cv_header_string_h=yes
ac_cv_header_strings_h=yes
ac_cv_header_sys_stat_h=yes
ac_cv_header_sys_types_h=yes
ac_cv_header_unistd_h=yes
ac_cv_header_zlib_h=yes
ac_cv_host=i586-pc-beos
ac_cv_host_alias=i586-pc-beos
ac_cv_lib_be_main=yes
ac_cv_lib_z_compress=yes
ac_cv_lib_zeta_main=yes
ac_cv_objext=o
ac_cv_path_install='/bin/ginstall -c'
ac_cv_prog_AWK=gawk
ac_cv_prog_CPP='gcc -E'
ac_cv_prog_CXXCPP='g++ -E'
ac_cv_prog_ac_ct_AR=ar
ac_cv_prog_ac_ct_CC=gcc
ac_cv_prog_ac_ct_CXX=g++
ac_cv_prog_ac_ct_RANLIB=ranlib
ac_cv_prog_ac_ct_STRIP=strip
ac_cv_prog_cc_g=yes
ac_cv_prog_cc_stdc=
ac_cv_prog_cxx_g=yes
ac_cv_prog_egrep='grep -E'
ac_cv_prog_f77_g=no
ac_cv_prog_make_make_set=yes
am_cv_CC_dependencies_compiler_type=gcc
am_cv_CXX_dependencies_compiler_type=gcc
cairo_cv_backend_beos_base=cairo
cairo_cv_backend_beos_cache_version=4
cairo_cv_backend_beos_cflags=
cairo_cv_backend_beos_libs=' -lbe -lzeta'
cairo_cv_backend_beos_nonpkgconfig_cflags=
cairo_cv_backend_beos_nonpkgconfig_libs=
cairo_cv_backend_beos_requires=
cairo_cv_backend_beos_use=yes
cairo_cv_backend_png_base=cairo
cairo_cv_backend_png_cache_version=4
cairo_cv_backend_png_cflags=
cairo_cv_backend_png_libs=
cairo_cv_backend_png_nonpkgconfig_cflags=
cairo_cv_backend_png_nonpkgconfig_libs=
cairo_cv_backend_png_requires=
cairo_cv_backend_png_use=no
cairo_cv_backend_win32_base=cairo
cairo_cv_backend_win32_cache_version=4
cairo_cv_backend_win32_cflags=
cairo_cv_backend_win32_font_base=cairo
cairo_cv_backend_win32_font_cache_version=4
cairo_cv_backend_win32_font_cflags=
cairo_cv_backend_win32_font_libs=
cairo_cv_backend_win32_font_nonpkgconfig_cflags=
cairo_cv_backend_win32_font_nonpkgconfig_libs=
cairo_cv_backend_win32_font_requires=
cairo_cv_backend_win32_font_use='no (requires a Win32 platform)'
cairo_cv_backend_win32_libs='-lgdi32 -lmsimg32'
cairo_cv_backend_win32_nonpkgconfig_cflags=
cairo_cv_backend_win32_nonpkgconfig_libs=
cairo_cv_backend_win32_requires=
cairo_cv_backend_win32_use='no (requires a Win32 platform)'
cairo_cv_backend_xlib_base=cairo
cairo_cv_backend_xlib_cache_version=4
cairo_cv_backend_xlib_cflags=
cairo_cv_backend_xlib_libs=
cairo_cv_backend_xlib_nonpkgconfig_cflags=
cairo_cv_backend_xlib_nonpkgconfig_libs=
cairo_cv_backend_xlib_requires=
cairo_cv_backend_xlib_use='no (requires X development libraries)'
cairo_cv_backend_xlib_xrender_base=cairo
cairo_cv_backend_xlib_xrender_cache_version=4
cairo_cv_backend_xlib_xrender_cflags=
cairo_cv_backend_xlib_xrender_libs=
cairo_cv_backend_xlib_xrender_nonpkgconfig_cflags=
cairo_cv_backend_xlib_xrender_nonpkgconfig_libs=
cairo_cv_backend_xlib_xrender_requires=
cairo_cv_backend_xlib_xrender_use='no (requires --enable-xlib)'
lt_cv_deplibs_check_method=pass_all
lt_cv_file_magic_cmd='$MAGIC_CMD'
lt_cv_file_magic_test_file=
lt_cv_ld_reload_flag=-r
lt_cv_objdir=.libs
lt_cv_path_LD=/boot/develop/bin/ld
lt_cv_path_LDCXX=/boot/develop/bin/ld
lt_cv_path_NM='/boot/develop/bin/nm -B'
lt_cv_path_SED=/bin/sed
lt_cv_prog_compiler_c_o=yes
lt_cv_prog_compiler_c_o_CXX=yes
lt_cv_prog_compiler_rtti_exceptions=yes
lt_cv_prog_gnu_ld=yes
lt_cv_prog_gnu_ldcxx=yes
lt_cv_sys_global_symbol_pipe='sed -n -e '\''s/^.*[ 	]\([ABCDGIRSTW][ABCDGIRSTW]*\)[ 	][ 	]*\([_A-Za-z][_A-Za-z0-9]*\)$/\1 \2 \2/p'\'''
lt_cv_sys_global_symbol_to_c_name_address='sed -n -e '\''s/^: \([^ ]*\) $/  {\"\1\", (lt_ptr) 0},/p'\'' -e '\''s/^[BCDEGRST] \([^ ]*\) \([^ ]*\)$/  {"\2", (lt_ptr) \&\2},/p'\'''
lt_cv_sys_global_symbol_to_cdecl='sed -n -e '\''s/^. .* \(.*\)$/extern int \1;/p'\'''
lt_cv_sys_max_cmd_len=262144
lt_lt_cv_prog_compiler_c_o='"yes"'
lt_lt_cv_prog_compiler_c_o_CXX='"yes"'
lt_lt_cv_sys_global_symbol_pipe='"sed -n -e '\''s/^.*[ 	]\\([ABCDGIRSTW][ABCDGIRSTW]*\\)[ 	][ 	]*\\([_A-Za-z][_A-Za-z0-9]*\\)\$/\\1 \\2 \\2/p'\''"'
lt_lt_cv_sys_global_symbol_to_c_name_address='"sed -n -e '\''s/^: \\([^ ]*\\) \$/  {\\\"\\1\\\", (lt_ptr) 0},/p'\'' -e '\''s/^[BCDEGRST] \\([^ ]*\\) \\([^ ]*\\)\$/  {\"\\2\", (lt_ptr) \\&\\2},/p'\''"'
lt_lt_cv_sys_global_symbol_to_cdecl='"sed -n -e '\''s/^. .* \\(.*\\)\$/extern int \\1;/p'\''"'

## ----------------- ##
## Output variables. ##
## ----------------- ##

ACLOCAL='${SHELL} /Source/yt/personal/rajesh/rajeesh/AbiWord-Libs/cairo-1.2.6/missing --run aclocal-1.9'
AMDEPBACKSLASH='\'
AMDEP_FALSE='#'
AMDEP_TRUE=''
AMTAR='${SHELL} /Source/yt/personal/rajesh/rajeesh/AbiWord-Libs/cairo-1.2.6/missing --run tar'
AR='ar'
AUTOCONF='${SHELL} /Source/yt/personal/rajesh/rajeesh/AbiWord-Libs/cairo-1.2.6/missing --run autoconf'
AUTOHEADER='${SHELL} /Source/yt/personal/rajesh/rajeesh/AbiWord-Libs/cairo-1.2.6/missing --run autoheader'
AUTOMAKE='${SHELL} /Source/yt/personal/rajesh/rajeesh/AbiWord-Libs/cairo-1.2.6/missing --run automake-1.9'
AWK='gawk'
CAIRO_CAN_TEST_GLITZ_AGL_SURFACE_FALSE=''
CAIRO_CAN_TEST_GLITZ_AGL_SURFACE_TRUE=''
CAIRO_CAN_TEST_GLITZ_EGL_SURFACE_FALSE=''
CAIRO_CAN_TEST_GLITZ_EGL_SURFACE_TRUE=''
CAIRO_CAN_TEST_GLITZ_GLX_SURFACE_FALSE=''
CAIRO_CAN_TEST_GLITZ_GLX_SURFACE_TRUE=''
CAIRO_CAN_TEST_GLITZ_WGL_SURFACE_FALSE=''
CAIRO_CAN_TEST_GLITZ_WGL_SURFACE_TRUE=''
CAIRO_CAN_TEST_PDF_SURFACE_FALSE=''
CAIRO_CAN_TEST_PDF_SURFACE_TRUE=''
CAIRO_CAN_TEST_SVG_SURFACE_FALSE=''
CAIRO_CAN_TEST_SVG_SURFACE_TRUE=''
CAIRO_CFLAGS=''
CAIRO_HAS_ATSUI_FONT_FALSE=''
CAIRO_HAS_ATSUI_FONT_TRUE=''
CAIRO_HAS_BEOS_SURFACE_FALSE='#'
CAIRO_HAS_BEOS_SURFACE_TRUE=''
CAIRO_HAS_DIRECTFB_SURFACE_FALSE=''
CAIRO_HAS_DIRECTFB_SURFACE_TRUE=''
CAIRO_HAS_FT_FONT_FALSE=''
CAIRO_HAS_FT_FONT_TRUE=''
CAIRO_HAS_GLITZ_SURFACE_FALSE=''
CAIRO_HAS_GLITZ_SURFACE_TRUE=''
CAIRO_HAS_MULTI_PAGE_SURFACES_FALSE=''
CAIRO_HAS_MULTI_PAGE_SURFACES_TRUE=''
CAIRO_HAS_PDF_SURFACE_FALSE=''
CAIRO_HAS_PDF_SURFACE_TRUE=''
CAIRO_HAS_PNG_FUNCTIONS_FALSE=''
CAIRO_HAS_PNG_FUNCTIONS_TRUE=''
CAIRO_HAS_PS_SURFACE_FALSE=''
CAIRO_HAS_PS_SURFACE_TRUE=''
CAIRO_HAS_QUARTZ_SURFACE_FALSE=''
CAIRO_HAS_QUARTZ_SURFACE_TRUE='#'
CAIRO_HAS_SVG_SURFACE_FALSE=''
CAIRO_HAS_SVG_SURFACE_TRUE=''
CAIRO_HAS_TEST_SURFACES_FALSE=''
CAIRO_HAS_TEST_SURFACES_TRUE=''
CAIRO_HAS_WIN32_FONT_FALSE=''
CAIRO_HAS_WIN32_FONT_TRUE='#'
CAIRO_HAS_WIN32_SURFACE_FALSE=''
CAIRO_HAS_WIN32_SURFACE_TRUE='#'
CAIRO_HAS_XCB_SURFACE_FALSE=''
CAIRO_HAS_XCB_SURFACE_TRUE='#'
CAIRO_HAS_XLIB_SURFACE_FALSE=''
CAIRO_HAS_XLIB_SURFACE_TRUE='#'
CAIRO_HAS_XLIB_XRENDER_SURFACE_FALSE=''
CAIRO_HAS_XLIB_XRENDER_SURFACE_TRUE='#'
CAIRO_LIBS=' -lbe -lzeta '
CAIRO_NONPKGCONFIG_CFLAGS=''
CAIRO_NONPKGCONFIG_LIBS=''
CAIRO_REQUIRES=''
CAIRO_VERSION_MAJOR='1'
CAIRO_VERSION_MICRO='6'
CAIRO_VERSION_MINOR='2'
CC='gcc'
CCDEPMODE='depmode=gcc'
CFLAGS='-g -O2'
CPP='gcc -E'
CPPFLAGS=''
CXX='g++'
CXXCPP='g++ -E'
CXXDEPMODE='depmode=gcc'
CXXFLAGS='-g -O2'
CYGPATH_W='echo'
DEFS=''
DEPDIR='.deps'
ECHO='echo'
ECHO_C=''
ECHO_N='-n'
ECHO_T=''
EGREP='grep -E'
ENABLE_GTK_DOC_FALSE=''
ENABLE_GTK_DOC_TRUE=''
EXEEXT=''
F77=''
FFLAGS=''
FONTCONFIG_CFLAGS=''
FONTCONFIG_LIBS=''
FREETYPE_CFLAGS=''
FREETYPE_CONFIG=''
FREETYPE_LIBS=''
GLITZ_AGL_CFLAGS=''
GLITZ_AGL_LIBS=''
GLITZ_EGL_CFLAGS=''
GLITZ_EGL_LIBS=''
GLITZ_GLX_CFLAGS=''
GLITZ_GLX_LIBS=''
GLITZ_WGL_CFLAGS=''
GLITZ_WGL_LIBS=''
GTK_DOC_USE_LIBTOOL_FALSE=''
GTK_DOC_USE_LIBTOOL_TRUE=''
HAVE_PTHREAD_FALSE=''
HAVE_PTHREAD_TRUE=''
HTML_DIR=''
INSTALL_DATA='${INSTALL} -m 644'
INSTALL_PROGRAM='${INSTALL}'
INSTALL_SCRIPT='${INSTALL}'
INSTALL_STRIP_PROGRAM='${SHELL} $(install_sh) -c -s'
LDFLAGS=''
LIBOBJS=''
LIBRSVG_CFLAGS=''
LIBRSVG_LIBS=''
LIBS=' '
LIBTOOL='$(SHELL) $(top_builddir)/libtool'
LN_S='ln -s'
LTLIBOBJS=''
LTP=''
LTP_GENHTML=''
LT_CURRENT_MINUS_AGE='2'
MAINT='#'
MAINTAINER_MODE_FALSE=''
MAINTAINER_MODE_TRUE='#'
MAKEINFO='${SHELL} /Source/yt/personal/rajesh/rajeesh/AbiWord-Libs/cairo-1.2.6/missing --run makeinfo'
MMX_CFLAGS=''
OBJEXT='o'
PACKAGE='cairo'
PACKAGE_BUGREPORT='http://bugs.freedesktop.org/enter_bug.cgi?product=cairo'
PACKAGE_NAME='cairo'
PACKAGE_STRING='cairo 1.2.6'
PACKAGE_TARNAME='cairo'
PACKAGE_VERSION='1.2.6'
PATH_SEPARATOR=':'
PKGCONFIG_REQUIRES=''
PKG_CONFIG=''
POPPLER_CFLAGS=''
POPPLER_LIBS=''
RANLIB='ranlib'
SET_MAKE=''
SHELL='/bin/sh'
STRIP='strip'
USE_MMX_FALSE=''
USE_MMX_TRUE=''
VERSION='1.2.6'
VERSION_INFO='11:3:9'
WARN_CFLAGS=''
X_CFLAGS=''
X_EXTRA_LIBS=''
X_LIBS=''
X_PRE_LIBS=''
ac_ct_AR='ar'
ac_ct_CC='gcc'
ac_ct_CXX='g++'
ac_ct_F77=''
ac_ct_RANLIB='ranlib'
ac_ct_STRIP='strip'
ac_pt_PKG_CONFIG=''
am__fastdepCC_FALSE=''
am__fastdepCC_TRUE='#'
am__fastdepCXX_FALSE=''
am__fastdepCXX_TRUE='#'
am__include='include'
am__leading_dot='.'
am__quote=''
am__tar='${AMTAR} chof - "$$tardir"'
am__untar='${AMTAR} xf -'
bindir='${exec_prefix}/bin'
build='i586-pc-beos'
build_alias=''
build_cpu='i586'
build_os='beos'
build_vendor='pc'
datadir='${prefix}/share'
directfb_CFLAGS=''
directfb_LIBS=''
exec_prefix='NONE'
glitz_CFLAGS=''
glitz_LIBS=''
host='i586-pc-beos'
host_alias=''
host_cpu='i586'
host_os='beos'
host_vendor='pc'
includedir='${prefix}/include'
infodir='${prefix}/info'
install_sh='/Source/yt/personal/rajesh/rajeesh/AbiWord-Libs/cairo-1.2.6/install-sh'
libdir='${exec_prefix}/lib'
libexecdir='${exec_prefix}/libexec'
localstatedir='${prefix}/var'
mandir='${prefix}/man'
mkdir_p='mkdir -p --'
oldincludedir='/usr/include'
png_CFLAGS=''
png_LIBS=''
png_REQUIRES=''
prefix='NONE'
program_transform_name='s,x,x,'
sbindir='${exec_prefix}/sbin'
sharedstatedir='${prefix}/com'
sysconfdir='${prefix}/etc'
target_alias=''
xcb_CFLAGS=''
xcb_LIBS=''
xlib_CFLAGS=''
xlib_LIBS=''
xlib_xrender_CFLAGS=''
xlib_xrender_LIBS=''

## ----------- ##
## confdefs.h. ##
## ----------- ##

#define HAVE_DLFCN_H 1
#define HAVE_INTTYPES_H 1
#define HAVE_MEMORY_H 1
#define HAVE_STDINT_H 1
#define HAVE_STDLIB_H 1
#define HAVE_STRINGS_H 1
#define HAVE_STRING_H 1
#define HAVE_SYS_STAT_H 1
#define HAVE_SYS_TYPES_H 1
#define HAVE_UNISTD_H 1
#define PACKAGE "cairo"
#define PACKAGE_BUGREPORT "http://bugs.freedesktop.org/enter_bug.cgi?product=cairo"
#define PACKAGE_NAME "cairo"
#define PACKAGE_STRING "cairo 1.2.6"
#define PACKAGE_TARNAME "cairo"
#define PACKAGE_VERSION "1.2.6"
#define STDC_HEADERS 1
#define STDC_HEADERS 1
#define VERSION "1.2.6"
#define X_DISPLAY_MISSING 1

configure: exit 1

## ---------------------- ##
## Running config.status. ##
## ---------------------- ##

This file was extended by cairo config.status 1.2.6, which was
generated by GNU Autoconf 2.59.  Invocation command line was

  CONFIG_FILES    = 
  CONFIG_HEADERS  = 
  CONFIG_LINKS    = 
  CONFIG_COMMANDS = 
  $ ./config.status 

on samsung

config.status:838: creating Makefile
config.status:838: creating pixman/Makefile
config.status:838: creating pixman/src/Makefile
config.status:838: creating src/Makefile
config.status:838: creating test/Makefile
config.status:838: creating doc/Makefile
config.status:838: creating doc/public/Makefile
config.status:838: creating doc/public/version.xml
config.status:838: creating src/cairo.pc
config.status:942: creating config.h
config.status:1244: executing depfiles commands
config.status:1244: executing src/cairo-features.h commands
config.status:1335: creating src/cairo-features.h
