This file contains any messages produced by compilers while
running configure, to aid debugging if configure makes a mistake.

It was created by expat configure 2.0.0, which was
generated by GNU Autoconf 2.59.  Invocation command line was

  $ ./configure 

## --------- ##
## Platform. ##
## --------- ##

hostname = samsung
uname -m = BePC
uname -r = 6.0.1
uname -s = BeOS
uname -v = 20392

/usr/bin/uname -p = unknown
/bin/uname -X     = unknown

/bin/arch              = unknown
/usr/bin/arch -k       = unknown
/usr/convex/getsysinfo = unknown
hostinfo               = unknown
/bin/machine           = unknown
/usr/bin/oslevel       = unknown
/bin/universe          = unknown

PATH: /Source/yt/src/cebit/build/scripts
PATH: .
PATH: /boot/home/config/bin
PATH: /bin
PATH: /boot/beos/apps
PATH: /boot/home/config/ZetaMenu/Software/System
PATH: /boot/home/config/ZetaMenu/Software/Tools
PATH: /boot/home/config/ZetaMenu/Software/Develop
PATH: /boot/develop/bin
PATH: /Source/yt/bin


## ----------- ##
## Core tests. ##
## ----------- ##

configure:2092: checking build system type
configure:2110: result: i586-pc-beos
configure:2118: checking host system type
configure:2132: result: i586-pc-beos
configure:2186: checking for gcc
configure:2202: found /boot/develop/bin/gcc
configure:2212: result: gcc
configure:2456: checking for C compiler version
configure:2459: gcc --version </dev/null >&5
2.9-beos-000224
configure:2462: $? = 0
configure:2464: gcc -v </dev/null >&5
Reading specs from /boot/develop/tools/sdk/release/H-i586-pc-beos5/T-i586-pc-beos5/lib/gcc-lib/i586-pc-beos5/2.9-beos-000224/specs
gcc version 2.9-beos-000224
configure:2467: $? = 0
configure:2469: gcc -V </dev/null >&5
gcc: argument to `-V' is missing
configure:2472: $? = 1
configure:2495: checking for C compiler default output file name
configure:2498: gcc    conftest.c  >&5
configure:2501: $? = 0
configure:2547: result: conftest
configure:2552: checking whether the C compiler works
configure:2558: ./conftest
configure:2561: $? = 0
configure:2578: result: yes
configure:2585: checking whether we are cross compiling
configure:2587: result: no
configure:2590: checking for suffix of executables
configure:2592: gcc -o conftest    conftest.c  >&5
configure:2595: $? = 0
configure:2620: result: 
configure:2626: checking for suffix of object files
configure:2647: gcc -c   conftest.c >&5
configure:2650: $? = 0
configure:2672: result: o
configure:2676: checking whether we are using the GNU C compiler
configure:2700: gcc -c   conftest.c >&5
configure:2706: $? = 0
configure:2710: test -z 
			 || test ! -s conftest.err
configure:2713: $? = 0
configure:2716: test -s conftest.o
configure:2719: $? = 0
configure:2732: result: yes
configure:2738: checking whether gcc accepts -g
configure:2759: gcc -c -g  conftest.c >&5
configure:2765: $? = 0
configure:2769: test -z 
			 || test ! -s conftest.err
configure:2772: $? = 0
configure:2775: test -s conftest.o
configure:2778: $? = 0
configure:2789: result: yes
configure:2806: checking for gcc option to accept ANSI C
configure:2876: gcc  -c -g -O2  conftest.c >&5
configure:2882: $? = 0
configure:2886: test -z 
			 || test ! -s conftest.err
configure:2889: $? = 0
configure:2892: test -s conftest.o
configure:2895: $? = 0
configure:2913: result: none needed
configure:2931: gcc -c -g -O2  conftest.c >&5
/Source/yt/personal/rajesh/rajeesh/AbiWord-Libs/expat-2.0.0/conftest.c:2: error: parse error before `me'
configure:2937: $? = 1
configure: failed program was:
| #ifndef __cplusplus
|   choke me
| #endif
configure:3070: checking for a sed that does not truncate output
configure:3124: result: /bin/sed
configure:3127: checking for egrep
configure:3137: result: grep -E
configure:3153: checking for ld used by gcc
configure:3220: result: /boot/develop/bin/ld
configure:3229: checking if the linker (/boot/develop/bin/ld) is GNU ld
configure:3244: result: yes
configure:3249: checking for /boot/develop/bin/ld option to reload object files
configure:3256: result: -r
configure:3274: checking for BSD-compatible nm
configure:3323: result: /boot/develop/bin/nm -B
configure:3327: checking whether ln -s works
configure:3331: result: yes
configure:3338: checking how to recognise dependent libraries
configure:3514: result: pass_all
configure:3993: checking how to run the C preprocessor
configure:4028: gcc -E  conftest.c
configure:4034: $? = 0
configure:4066: gcc -E  conftest.c
/Source/yt/personal/rajesh/rajeesh/AbiWord-Libs/expat-2.0.0/conftest.c:9: error: ac_nonexistent.h: No such file or directory
configure:4072: $? = 1
configure: failed program was:
| /* confdefs.h.  */
| 
| #define PACKAGE_NAME "expat"
| #define PACKAGE_TARNAME "expat"
| #define PACKAGE_VERSION "2.0.0"
| #define PACKAGE_STRING "expat 2.0.0"
| #define PACKAGE_BUGREPORT "expat-bugs@libexpat.org"
| /* end confdefs.h.  */
| #include <ac_nonexistent.h>
configure:4111: result: gcc -E
configure:4135: gcc -E  conftest.c
configure:4141: $? = 0
configure:4173: gcc -E  conftest.c
/Source/yt/personal/rajesh/rajeesh/AbiWord-Libs/expat-2.0.0/conftest.c:9: error: ac_nonexistent.h: No such file or directory
configure:4179: $? = 1
configure: failed program was:
| /* confdefs.h.  */
| 
| #define PACKAGE_NAME "expat"
| #define PACKAGE_TARNAME "expat"
| #define PACKAGE_VERSION "2.0.0"
| #define PACKAGE_STRING "expat 2.0.0"
| #define PACKAGE_BUGREPORT "expat-bugs@libexpat.org"
| /* end confdefs.h.  */
| #include <ac_nonexistent.h>
configure:4223: checking for ANSI C header files
configure:4248: gcc -c -g -O2  conftest.c >&5
configure:4254: $? = 0
configure:4258: test -z 
			 || test ! -s conftest.err
configure:4261: $? = 0
configure:4264: test -s conftest.o
configure:4267: $? = 0
configure:4356: gcc -o conftest -g -O2   conftest.c  >&5
configure:4359: $? = 0
configure:4361: ./conftest
configure:4364: $? = 0
configure:4379: result: yes
configure:4403: checking for sys/types.h
configure:4419: gcc -c -g -O2  conftest.c >&5
configure:4425: $? = 0
configure:4429: test -z 
			 || test ! -s conftest.err
configure:4432: $? = 0
configure:4435: test -s conftest.o
configure:4438: $? = 0
configure:4449: result: yes
configure:4403: checking for sys/stat.h
configure:4419: gcc -c -g -O2  conftest.c >&5
configure:4425: $? = 0
configure:4429: test -z 
			 || test ! -s conftest.err
configure:4432: $? = 0
configure:4435: test -s conftest.o
configure:4438: $? = 0
configure:4449: result: yes
configure:4403: checking for stdlib.h
configure:4419: gcc -c -g -O2  conftest.c >&5
configure:4425: $? = 0
configure:4429: test -z 
			 || test ! -s conftest.err
configure:4432: $? = 0
configure:4435: test -s conftest.o
configure:4438: $? = 0
configure:4449: result: yes
configure:4403: checking for string.h
configure:4419: gcc -c -g -O2  conftest.c >&5
configure:4425: $? = 0
configure:4429: test -z 
			 || test ! -s conftest.err
configure:4432: $? = 0
configure:4435: test -s conftest.o
configure:4438: $? = 0
configure:4449: result: yes
configure:4403: checking for memory.h
configure:4419: gcc -c -g -O2  conftest.c >&5
configure:4425: $? = 0
configure:4429: test -z 
			 || test ! -s conftest.err
configure:4432: $? = 0
configure:4435: test -s conftest.o
configure:4438: $? = 0
configure:4449: result: yes
configure:4403: checking for strings.h
configure:4419: gcc -c -g -O2  conftest.c >&5
configure:4425: $? = 0
configure:4429: test -z 
			 || test ! -s conftest.err
configure:4432: $? = 0
configure:4435: test -s conftest.o
configure:4438: $? = 0
configure:4449: result: yes
configure:4403: checking for inttypes.h
configure:4419: gcc -c -g -O2  conftest.c >&5
configure:4425: $? = 0
configure:4429: test -z 
			 || test ! -s conftest.err
configure:4432: $? = 0
configure:4435: test -s conftest.o
configure:4438: $? = 0
configure:4449: result: yes
configure:4403: checking for stdint.h
configure:4419: gcc -c -g -O2  conftest.c >&5
configure:4425: $? = 0
configure:4429: test -z 
			 || test ! -s conftest.err
configure:4432: $? = 0
configure:4435: test -s conftest.o
configure:4438: $? = 0
configure:4449: result: yes
configure:4403: checking for unistd.h
configure:4419: gcc -c -g -O2  conftest.c >&5
configure:4425: $? = 0
configure:4429: test -z 
			 || test ! -s conftest.err
configure:4432: $? = 0
configure:4435: test -s conftest.o
configure:4438: $? = 0
configure:4449: result: yes
configure:4475: checking dlfcn.h usability
configure:4487: gcc -c -g -O2  conftest.c >&5
configure:4493: $? = 0
configure:4497: test -z 
			 || test ! -s conftest.err
configure:4500: $? = 0
configure:4503: test -s conftest.o
configure:4506: $? = 0
configure:4516: result: yes
configure:4520: checking dlfcn.h presence
configure:4530: gcc -E  conftest.c
configure:4536: $? = 0
configure:4556: result: yes
configure:4591: checking for dlfcn.h
configure:4598: result: yes
configure:4663: checking for g++
configure:4679: found /boot/develop/bin/g++
configure:4689: result: g++
configure:4705: checking for C++ compiler version
configure:4708: g++ --version </dev/null >&5
2.9-beos-000224
configure:4711: $? = 0
configure:4713: g++ -v </dev/null >&5
Reading specs from /boot/develop/tools/sdk/release/H-i586-pc-beos5/T-i586-pc-beos5/lib/gcc-lib/i586-pc-beos5/2.9-beos-000224/specs
gcc version 2.9-beos-000224
configure:4716: $? = 0
configure:4718: g++ -V </dev/null >&5
g++: argument to `-V' missing

configure:4721: $? = 1
configure:4724: checking whether we are using the GNU C++ compiler
configure:4748: g++ -c   conftest.cc >&5
configure:4754: $? = 0
configure:4758: test -z 
			 || test ! -s conftest.err
configure:4761: $? = 0
configure:4764: test -s conftest.o
configure:4767: $? = 0
configure:4780: result: yes
configure:4786: checking whether g++ accepts -g
configure:4807: g++ -c -g  conftest.cc >&5
configure:4813: $? = 0
configure:4817: test -z 
			 || test ! -s conftest.err
configure:4820: $? = 0
configure:4823: test -s conftest.o
configure:4826: $? = 0
configure:4837: result: yes
configure:4879: g++ -c -g -O2  conftest.cc >&5
configure:4885: $? = 0
configure:4889: test -z 
			 || test ! -s conftest.err
configure:4892: $? = 0
configure:4895: test -s conftest.o
configure:4898: $? = 0
configure:4924: g++ -c -g -O2  conftest.cc >&5
configure:4930: $? = 0
configure:4934: test -z 
			 || test ! -s conftest.err
configure:4937: $? = 0
configure:4940: test -s conftest.o
configure:4943: $? = 0
configure:4976: checking how to run the C++ preprocessor
configure:5007: g++ -E  conftest.cc
configure:5013: $? = 0
configure:5045: g++ -E  conftest.cc
/Source/yt/personal/rajesh/rajeesh/AbiWord-Libs/expat-2.0.0/conftest.cc:20: error: ac_nonexistent.h: No such file or directory
configure:5051: $? = 1
configure: failed program was:
| /* confdefs.h.  */
| 
| #define PACKAGE_NAME "expat"
| #define PACKAGE_TARNAME "expat"
| #define PACKAGE_VERSION "2.0.0"
| #define PACKAGE_STRING "expat 2.0.0"
| #define PACKAGE_BUGREPORT "expat-bugs@libexpat.org"
| #define STDC_HEADERS 1
| #define HAVE_SYS_TYPES_H 1
| #define HAVE_SYS_STAT_H 1
| #define HAVE_STDLIB_H 1
| #define HAVE_STRING_H 1
| #define HAVE_MEMORY_H 1
| #define HAVE_STRINGS_H 1
| #define HAVE_INTTYPES_H 1
| #define HAVE_STDINT_H 1
| #define HAVE_UNISTD_H 1
| #define HAVE_DLFCN_H 1
| /* end confdefs.h.  */
| #include <ac_nonexistent.h>
configure:5090: result: g++ -E
configure:5114: g++ -E  conftest.cc
configure:5120: $? = 0
configure:5152: g++ -E  conftest.cc
/Source/yt/personal/rajesh/rajeesh/AbiWord-Libs/expat-2.0.0/conftest.cc:20: error: ac_nonexistent.h: No such file or directory
configure:5158: $? = 1
configure: failed program was:
| /* confdefs.h.  */
| 
| #define PACKAGE_NAME "expat"
| #define PACKAGE_TARNAME "expat"
| #define PACKAGE_VERSION "2.0.0"
| #define PACKAGE_STRING "expat 2.0.0"
| #define PACKAGE_BUGREPORT "expat-bugs@libexpat.org"
| #define STDC_HEADERS 1
| #define HAVE_SYS_TYPES_H 1
| #define HAVE_SYS_STAT_H 1
| #define HAVE_STDLIB_H 1
| #define HAVE_STRING_H 1
| #define HAVE_MEMORY_H 1
| #define HAVE_STRINGS_H 1
| #define HAVE_INTTYPES_H 1
| #define HAVE_STDINT_H 1
| #define HAVE_UNISTD_H 1
| #define HAVE_DLFCN_H 1
| /* end confdefs.h.  */
| #include <ac_nonexistent.h>
configure:5255: checking for g77
configure:5284: result: no
configure:5255: checking for f77
configure:5284: result: no
configure:5255: checking for xlf
configure:5284: result: no
configure:5255: checking for frt
configure:5284: result: no
configure:5255: checking for pgf77
configure:5284: result: no
configure:5255: checking for fort77
configure:5284: result: no
configure:5255: checking for fl32
configure:5284: result: no
configure:5255: checking for af77
configure:5284: result: no
configure:5255: checking for f90
configure:5284: result: no
configure:5255: checking for xlf90
configure:5284: result: no
configure:5255: checking for pgf90
configure:5284: result: no
configure:5255: checking for epcf90
configure:5284: result: no
configure:5255: checking for f95
configure:5284: result: no
configure:5255: checking for fort
configure:5284: result: no
configure:5255: checking for xlf95
configure:5284: result: no
configure:5255: checking for ifc
configure:5284: result: no
configure:5255: checking for efc
configure:5284: result: no
configure:5255: checking for pgf95
configure:5284: result: no
configure:5255: checking for lf95
configure:5284: result: no
configure:5255: checking for gfortran
configure:5284: result: no
configure:5296: checking for Fortran 77 compiler version
configure:5299:  --version </dev/null >&5
./configure: line 5300: --version: command not found
configure:5302: $? = 127
configure:5304:  -v </dev/null >&5
./configure: line 5305: -v: command not found
configure:5307: $? = 127
configure:5309:  -V </dev/null >&5
./configure: line 5310: -V: command not found
configure:5312: $? = 127
configure:5320: checking whether we are using the GNU Fortran 77 compiler
configure:5334:  -c  conftest.F >&5
./configure: line 5335: -c: command not found
configure:5340: $? = 127
configure: failed program was:
|       program main
| #ifndef __GNUC__
|        choke me
| #endif
| 
|       end
configure:5366: result: no
configure:5372: checking whether  accepts -g
configure:5384:  -c -g conftest.f >&5
./configure: line 5385: -c: command not found
configure:5390: $? = 127
configure: failed program was:
|       program main
| 
|       end
configure:5415: result: no
configure:5445: checking the maximum length of command line arguments
configure:5554: result: 262144
configure:5565: checking command to parse /boot/develop/bin/nm -B output from gcc object
configure:5670: gcc -c -g -O2  conftest.c >&5
configure:5673: $? = 0
configure:5677: /boot/develop/bin/nm -B conftest.o \| sed -n -e 's/^.*[ 	]\([ABCDGIRSTW][ABCDGIRSTW]*\)[ 	][ 	]*\([_A-Za-z][_A-Za-z0-9]*\)$/\1 \2 \2/p' \> conftest.nm
configure:5680: $? = 0
configure:5732: gcc -o conftest -g -O2   conftest.c conftstm.o >&5
configure:5735: $? = 0
configure:5773: result: ok
configure:5777: checking for objdir
configure:5792: result: .libs
configure:5882: checking for ar
configure:5898: found /boot/develop/bin/ar
configure:5909: result: ar
configure:5962: checking for ranlib
configure:5978: found /boot/develop/bin/ranlib
configure:5989: result: ranlib
configure:6042: checking for strip
configure:6058: found /boot/develop/bin/strip
configure:6069: result: strip
configure:6345: checking if gcc supports -fno-rtti -fno-exceptions
configure:6363: gcc -c -g -O2  -fno-rtti -fno-exceptions conftest.c >&5
configure:6367: $? = 0
configure:6380: result: yes
configure:6395: checking for gcc option to produce PIC
configure:6605: result: 
configure:6676: checking if gcc static flag -static works
configure:6704: result: yes
configure:6714: checking if gcc supports -c -o file.o
configure:6735: gcc -c -g -O2  -o out/conftest2.o conftest.c >&5
configure:6739: $? = 0
configure:6761: result: yes
configure:6787: checking whether the gcc linker (/boot/develop/bin/ld) supports shared libraries
configure:7745: result: yes
configure:7766: checking whether -lc should be explicitly linked in
configure:7771: gcc -c -g -O2  conftest.c >&5
configure:7774: $? = 0
configure:7789: gcc -nostart conftest.o  -v -Wl,-soname -Wl,conftest -o conftest 2\>\&1 \| grep  -lc  \>/dev/null 2\>\&1
configure:7792: $? = 1
configure:7804: result: yes
configure:7812: checking dynamic linker characteristics
configure:8400: result: beos ld.so
configure:8409: checking how to hardcode library paths into programs
configure:8434: result: immediate
configure:8448: checking whether stripping libraries is possible
configure:8453: result: yes
configure:9287: checking if libtool supports shared libraries
configure:9289: result: yes
configure:9292: checking whether to build shared libraries
configure:9313: result: yes
configure:9316: checking whether to build static libraries
configure:9320: result: yes
configure:9412: creating libtool
configure:10000: checking for ld used by g++
configure:10067: result: /boot/develop/bin/ld
configure:10076: checking if the linker (/boot/develop/bin/ld) is GNU ld
configure:10091: result: yes
configure:10142: checking whether the g++ linker (/boot/develop/bin/ld) supports shared libraries
configure:11080: result: yes
configure:11102: g++ -c -g -O2  conftest.cpp >&5
configure:11105: $? = 0
configure:11224: checking for g++ option to produce PIC
configure:11498: result: 
configure:11569: checking if g++ static flag -static works
configure:11597: result: yes
configure:11607: checking if g++ supports -c -o file.o
configure:11628: g++ -c -g -O2  -o out/conftest2.o conftest.cpp >&5
configure:11632: $? = 0
configure:11654: result: yes
configure:11680: checking whether the g++ linker (/boot/develop/bin/ld) supports shared libraries
configure:11705: result: yes
configure:11772: checking dynamic linker characteristics
configure:12360: result: beos ld.so
configure:12369: checking how to hardcode library paths into programs
configure:12394: result: immediate
configure:18599: checking for gcc
configure:18625: result: gcc
configure:18869: checking for C compiler version
configure:18872: gcc --version </dev/null >&5
2.9-beos-000224
configure:18875: $? = 0
configure:18877: gcc -v </dev/null >&5
Reading specs from /boot/develop/tools/sdk/release/H-i586-pc-beos5/T-i586-pc-beos5/lib/gcc-lib/i586-pc-beos5/2.9-beos-000224/specs
gcc version 2.9-beos-000224
configure:18880: $? = 0
configure:18882: gcc -V </dev/null >&5
gcc: argument to `-V' is missing
configure:18885: $? = 1
configure:18888: checking whether we are using the GNU C compiler
configure:18944: result: yes
configure:18950: checking whether gcc accepts -g
configure:19001: result: yes
configure:19018: checking for gcc option to accept ANSI C
configure:19125: result: none needed
configure:19143: gcc -c -g -O2  conftest.c >&5
/Source/yt/personal/rajesh/rajeesh/AbiWord-Libs/expat-2.0.0/conftest.c:2: error: parse error before `me'
configure:19149: $? = 1
configure: failed program was:
| #ifndef __cplusplus
|   choke me
| #endif
configure:19295: checking for a BSD-compatible install
configure:19350: result: /bin/ginstall -c
configure:19365: checking whether gcc accepts -fexceptions
configure:19383: gcc -c -g -O2 -Wall -Wmissing-prototypes -Wstrict-prototypes -fexceptions  conftest.c >&5
/Source/yt/personal/rajesh/rajeesh/AbiWord-Libs/expat-2.0.0/conftest.c:23: warning: function declaration isn't a prototype
configure:19389: $? = 0
configure:19393: test -z 
			 || test ! -s conftest.err
configure:19396: $? = 0
configure:19399: test -s conftest.o
configure:19402: $? = 0
configure:19404: result: yes
configure:19416: checking for ANSI C header files
configure:19572: result: yes
configure:19584: checking whether byte ordering is bigendian
configure:19611: gcc -c -g -O2 -Wall -Wmissing-prototypes -Wstrict-prototypes -fexceptions  conftest.c >&5
/Source/yt/personal/rajesh/rajeesh/AbiWord-Libs/expat-2.0.0/conftest.c:25: warning: function declaration isn't a prototype
/Source/yt/personal/rajesh/rajeesh/AbiWord-Libs/expat-2.0.0/conftest.c: In function `main':
/Source/yt/personal/rajesh/rajeesh/AbiWord-Libs/expat-2.0.0/conftest.c:28: error: `bogus' undeclared (first use in this function)
/Source/yt/personal/rajesh/rajeesh/AbiWord-Libs/expat-2.0.0/conftest.c:28: error: (Each undeclared identifier is reported only once
/Source/yt/personal/rajesh/rajeesh/AbiWord-Libs/expat-2.0.0/conftest.c:28: error: for each function it appears in.)
/Source/yt/personal/rajesh/rajeesh/AbiWord-Libs/expat-2.0.0/conftest.c:28: error: parse error before `endian'
configure:19617: $? = 1
configure: failed program was:
| /* confdefs.h.  */
| 
| #define PACKAGE_NAME "expat"
| #define PACKAGE_TARNAME "expat"
| #define PACKAGE_VERSION "2.0.0"
| #define PACKAGE_STRING "expat 2.0.0"
| #define PACKAGE_BUGREPORT "expat-bugs@libexpat.org"
| #define STDC_HEADERS 1
| #define HAVE_SYS_TYPES_H 1
| #define HAVE_SYS_STAT_H 1
| #define HAVE_STDLIB_H 1
| #define HAVE_STRING_H 1
| #define HAVE_MEMORY_H 1
| #define HAVE_STRINGS_H 1
| #define HAVE_INTTYPES_H 1
| #define HAVE_STDINT_H 1
| #define HAVE_UNISTD_H 1
| #define HAVE_DLFCN_H 1
| #define STDC_HEADERS 1
| /* end confdefs.h.  */
| #include <sys/types.h>
| #include <sys/param.h>
| int
| main ()
| {
| 
| #if !BYTE_ORDER || !BIG_ENDIAN || !LITTLE_ENDIAN
|  bogus endian macros
| #endif
|   ;
|   return 0;
| }
configure:19710: gcc -o conftest -g -O2 -Wall -Wmissing-prototypes -Wstrict-prototypes -fexceptions   conftest.c  >&5
/Source/yt/personal/rajesh/rajeesh/AbiWord-Libs/expat-2.0.0/conftest.c:21: warning: return-type defaults to `int'
/Source/yt/personal/rajesh/rajeesh/AbiWord-Libs/expat-2.0.0/conftest.c:21: warning: function declaration isn't a prototype
configure:19713: $? = 0
configure:19715: ./conftest
configure:19718: $? = 0
configure:19733: result: no
configure:19790: checking for an ANSI C-conforming const
configure:19857: gcc -c -g -O2 -Wall -Wmissing-prototypes -Wstrict-prototypes -fexceptions  conftest.c >&5
/Source/yt/personal/rajesh/rajeesh/AbiWord-Libs/expat-2.0.0/conftest.c:25: warning: function declaration isn't a prototype
/Source/yt/personal/rajesh/rajeesh/AbiWord-Libs/expat-2.0.0/conftest.c: In function `main':
/Source/yt/personal/rajesh/rajeesh/AbiWord-Libs/expat-2.0.0/conftest.c:49: warning: unused variable `s'
/Source/yt/personal/rajesh/rajeesh/AbiWord-Libs/expat-2.0.0/conftest.c:69: warning: unused variable `foo'
/Source/yt/personal/rajesh/rajeesh/AbiWord-Libs/expat-2.0.0/conftest.c:36: warning: unused variable `zero'
/Source/yt/personal/rajesh/rajeesh/AbiWord-Libs/expat-2.0.0/conftest.c:30: warning: unused variable `x'
/Source/yt/personal/rajesh/rajeesh/AbiWord-Libs/expat-2.0.0/conftest.c:48: warning: `t' might be used uninitialized in this function
/Source/yt/personal/rajesh/rajeesh/AbiWord-Libs/expat-2.0.0/conftest.c:66: warning: `b' might be used uninitialized in this function
configure:19863: $? = 0
configure:19867: test -z 
			 || test ! -s conftest.err
configure:19870: $? = 0
configure:19873: test -s conftest.o
configure:19876: $? = 0
configure:19887: result: yes
configure:19897: checking for size_t
configure:19921: gcc -c -g -O2 -Wall -Wmissing-prototypes -Wstrict-prototypes -fexceptions  conftest.c >&5
/Source/yt/personal/rajesh/rajeesh/AbiWord-Libs/expat-2.0.0/conftest.c:58: warning: function declaration isn't a prototype
configure:19927: $? = 0
configure:19931: test -z 
			 || test ! -s conftest.err
configure:19934: $? = 0
configure:19937: test -s conftest.o
configure:19940: $? = 0
configure:19951: result: yes
configure:19968: checking for memmove
configure:20025: gcc -o conftest -g -O2 -Wall -Wmissing-prototypes -Wstrict-prototypes -fexceptions   conftest.c  >&5
/Source/yt/personal/rajesh/rajeesh/AbiWord-Libs/expat-2.0.0/conftest.c:46: warning: function declaration isn't a prototype
/Source/yt/personal/rajesh/rajeesh/AbiWord-Libs/expat-2.0.0/conftest.c:53: warning: function declaration isn't a prototype
/Source/yt/personal/rajesh/rajeesh/AbiWord-Libs/expat-2.0.0/conftest.c:61: warning: function declaration isn't a prototype
configure:20031: $? = 0
configure:20035: test -z 
			 || test ! -s conftest.err
configure:20038: $? = 0
configure:20041: test -s conftest
configure:20044: $? = 0
configure:20056: result: yes
configure:19968: checking for bcopy
configure:20025: gcc -o conftest -g -O2 -Wall -Wmissing-prototypes -Wstrict-prototypes -fexceptions   conftest.c  >&5
/Source/yt/personal/rajesh/rajeesh/AbiWord-Libs/expat-2.0.0/conftest.c:47: warning: function declaration isn't a prototype
/Source/yt/personal/rajesh/rajeesh/AbiWord-Libs/expat-2.0.0/conftest.c:54: warning: function declaration isn't a prototype
/Source/yt/personal/rajesh/rajeesh/AbiWord-Libs/expat-2.0.0/conftest.c:62: warning: function declaration isn't a prototype
configure:20031: $? = 0
configure:20035: test -z 
			 || test ! -s conftest.err
configure:20038: $? = 0
configure:20041: test -s conftest
configure:20044: $? = 0
configure:20056: result: yes
configure:20082: checking fcntl.h usability
configure:20094: gcc -c -g -O2 -Wall -Wmissing-prototypes -Wstrict-prototypes -fexceptions  conftest.c >&5
configure:20100: $? = 0
configure:20104: test -z 
			 || test ! -s conftest.err
configure:20107: $? = 0
configure:20110: test -s conftest.o
configure:20113: $? = 0
configure:20123: result: yes
configure:20127: checking fcntl.h presence
configure:20137: gcc -E  conftest.c
configure:20143: $? = 0
configure:20163: result: yes
configure:20198: checking for fcntl.h
configure:20205: result: yes
configure:20073: checking for unistd.h
configure:20078: result: yes
configure:20218: checking for off_t
configure:20242: gcc -c -g -O2 -Wall -Wmissing-prototypes -Wstrict-prototypes -fexceptions  conftest.c >&5
/Source/yt/personal/rajesh/rajeesh/AbiWord-Libs/expat-2.0.0/conftest.c:62: warning: function declaration isn't a prototype
configure:20248: $? = 0
configure:20252: test -z 
			 || test ! -s conftest.err
configure:20255: $? = 0
configure:20258: test -s conftest.o
configure:20261: $? = 0
configure:20272: result: yes
configure:20290: checking for stdlib.h
configure:20295: result: yes
configure:20290: checking for unistd.h
configure:20295: result: yes
configure:20439: checking for getpagesize
configure:20496: gcc -o conftest -g -O2 -Wall -Wmissing-prototypes -Wstrict-prototypes -fexceptions   conftest.c  >&5
/Source/yt/personal/rajesh/rajeesh/AbiWord-Libs/expat-2.0.0/conftest.c:52: warning: function declaration isn't a prototype
/Source/yt/personal/rajesh/rajeesh/AbiWord-Libs/expat-2.0.0/conftest.c:59: warning: function declaration isn't a prototype
/Source/yt/personal/rajesh/rajeesh/AbiWord-Libs/expat-2.0.0/conftest.c:67: warning: function declaration isn't a prototype
configure:20502: $? = 0
configure:20506: test -z 
			 || test ! -s conftest.err
configure:20509: $? = 0
configure:20512: test -s conftest
configure:20515: $? = 0
configure:20527: result: yes
configure:20537: checking for working mmap
configure:20679: gcc -o conftest -g -O2 -Wall -Wmissing-prototypes -Wstrict-prototypes -fexceptions   conftest.c  >&5
/Source/yt/personal/rajesh/rajeesh/AbiWord-Libs/expat-2.0.0/conftest.c:89: error: sys/mman.h: No such file or directory
configure:20682: $? = 1
configure: program exited with status 1
configure: failed program was:
| /* confdefs.h.  */
| 
| #define PACKAGE_NAME "expat"
| #define PACKAGE_TARNAME "expat"
| #define PACKAGE_VERSION "2.0.0"
| #define PACKAGE_STRING "expat 2.0.0"
| #define PACKAGE_BUGREPORT "expat-bugs@libexpat.org"
| #define STDC_HEADERS 1
| #define HAVE_SYS_TYPES_H 1
| #define HAVE_SYS_STAT_H 1
| #define HAVE_STDLIB_H 1
| #define HAVE_STRING_H 1
| #define HAVE_MEMORY_H 1
| #define HAVE_STRINGS_H 1
| #define HAVE_INTTYPES_H 1
| #define HAVE_STDINT_H 1
| #define HAVE_UNISTD_H 1
| #define HAVE_DLFCN_H 1
| #define STDC_HEADERS 1
| #define BYTEORDER 1234
| #define HAVE_MEMMOVE 1
| #define HAVE_BCOPY 1
| #define HAVE_FCNTL_H 1
| #define HAVE_UNISTD_H 1
| #define HAVE_STDLIB_H 1
| #define HAVE_UNISTD_H 1
| #define HAVE_GETPAGESIZE 1
| /* end confdefs.h.  */
| #include <stdio.h>
| #if HAVE_SYS_TYPES_H
| # include <sys/types.h>
| #endif
| #if HAVE_SYS_STAT_H
| # include <sys/stat.h>
| #endif
| #if STDC_HEADERS
| # include <stdlib.h>
| # include <stddef.h>
| #else
| # if HAVE_STDLIB_H
| #  include <stdlib.h>
| # endif
| #endif
| #if HAVE_STRING_H
| # if !STDC_HEADERS && HAVE_MEMORY_H
| #  include <memory.h>
| # endif
| # include <string.h>
| #endif
| #if HAVE_STRINGS_H
| # include <strings.h>
| #endif
| #if HAVE_INTTYPES_H
| # include <inttypes.h>
| #else
| # if HAVE_STDINT_H
| #  include <stdint.h>
| # endif
| #endif
| #if HAVE_UNISTD_H
| # include <unistd.h>
| #endif
| /* malloc might have been renamed as rpl_malloc. */
| #undef malloc
| 
| /* Thanks to Mike Haertel and Jim Avera for this test.
|    Here is a matrix of mmap possibilities:
| 	mmap private not fixed
| 	mmap private fixed at somewhere currently unmapped
| 	mmap private fixed at somewhere already mapped
| 	mmap shared not fixed
| 	mmap shared fixed at somewhere currently unmapped
| 	mmap shared fixed at somewhere already mapped
|    For private mappings, we should verify that changes cannot be read()
|    back from the file, nor mmap's back from the file at a different
|    address.  (There have been systems where private was not correctly
|    implemented like the infamous i386 svr4.0, and systems where the
|    VM page cache was not coherent with the file system buffer cache
|    like early versions of FreeBSD and possibly contemporary NetBSD.)
|    For shared mappings, we should conversely verify that changes get
|    propagated back to all the places they're supposed to be.
| 
|    Grep wants private fixed already mapped.
|    The main things grep needs to know about mmap are:
|    * does it exist and is it safe to write into the mmap'd area
|    * how to use it (BSD variants)  */
| 
| #include <fcntl.h>
| #include <sys/mman.h>
| 
| #if !STDC_HEADERS && !HAVE_STDLIB_H
| char *malloc ();
| #endif
| 
| /* This mess was copied from the GNU getpagesize.h.  */
| #if !HAVE_GETPAGESIZE
| /* Assume that all systems that can run configure have sys/param.h.  */
| # if !HAVE_SYS_PARAM_H
| #  define HAVE_SYS_PARAM_H 1
| # endif
| 
| # ifdef _SC_PAGESIZE
| #  define getpagesize() sysconf(_SC_PAGESIZE)
| # else /* no _SC_PAGESIZE */
| #  if HAVE_SYS_PARAM_H
| #   include <sys/param.h>
| #   ifdef EXEC_PAGESIZE
| #    define getpagesize() EXEC_PAGESIZE
| #   else /* no EXEC_PAGESIZE */
| #    ifdef NBPG
| #     define getpagesize() NBPG * CLSIZE
| #     ifndef CLSIZE
| #      define CLSIZE 1
| #     endif /* no CLSIZE */
| #    else /* no NBPG */
| #     ifdef NBPC
| #      define getpagesize() NBPC
| #     else /* no NBPC */
| #      ifdef PAGESIZE
| #       define getpagesize() PAGESIZE
| #      endif /* PAGESIZE */
| #     endif /* no NBPC */
| #    endif /* no NBPG */
| #   endif /* no EXEC_PAGESIZE */
| #  else /* no HAVE_SYS_PARAM_H */
| #   define getpagesize() 8192	/* punt totally */
| #  endif /* no HAVE_SYS_PARAM_H */
| # endif /* no _SC_PAGESIZE */
| 
| #endif /* no HAVE_GETPAGESIZE */
| 
| int
| main ()
| {
|   char *data, *data2, *data3;
|   int i, pagesize;
|   int fd;
| 
|   pagesize = getpagesize ();
| 
|   /* First, make a file with some known garbage in it. */
|   data = (char *) malloc (pagesize);
|   if (!data)
|     exit (1);
|   for (i = 0; i < pagesize; ++i)
|     *(data + i) = rand ();
|   umask (0);
|   fd = creat ("conftest.mmap", 0600);
|   if (fd < 0)
|     exit (1);
|   if (write (fd, data, pagesize) != pagesize)
|     exit (1);
|   close (fd);
| 
|   /* Next, try to mmap the file at a fixed address which already has
|      something else allocated at it.  If we can, also make sure that
|      we see the same garbage.  */
|   fd = open ("conftest.mmap", O_RDWR);
|   if (fd < 0)
|     exit (1);
|   data2 = (char *) malloc (2 * pagesize);
|   if (!data2)
|     exit (1);
|   data2 += (pagesize - ((long) data2 & (pagesize - 1))) & (pagesize - 1);
|   if (data2 != mmap (data2, pagesize, PROT_READ | PROT_WRITE,
| 		     MAP_PRIVATE | MAP_FIXED, fd, 0L))
|     exit (1);
|   for (i = 0; i < pagesize; ++i)
|     if (*(data + i) != *(data2 + i))
|       exit (1);
| 
|   /* Finally, make sure that changes to the mapped area do not
|      percolate back to the file as seen by read().  (This is a bug on
|      some variants of i386 svr4.0.)  */
|   for (i = 0; i < pagesize; ++i)
|     *(data2 + i) = *(data2 + i) + 1;
|   data3 = (char *) malloc (pagesize);
|   if (!data3)
|     exit (1);
|   if (read (fd, data3, pagesize) != pagesize)
|     exit (1);
|   for (i = 0; i < pagesize; ++i)
|     if (*(data + i) != *(data3 + i))
|       exit (1);
|   close (fd);
|   exit (0);
| }
configure:20701: result: no
configure:20729: checking for an ANSI C99-conforming __func__
configure:20750: gcc -c -g -O2 -Wall -Wmissing-prototypes -Wstrict-prototypes -fexceptions  conftest.c >&5
/Source/yt/personal/rajesh/rajeesh/AbiWord-Libs/expat-2.0.0/conftest.c:32: warning: function declaration isn't a prototype
/Source/yt/personal/rajesh/rajeesh/AbiWord-Libs/expat-2.0.0/conftest.c: In function `main':
/Source/yt/personal/rajesh/rajeesh/AbiWord-Libs/expat-2.0.0/conftest.c:33: warning: unused variable `foo'
configure:20756: $? = 0
configure:20760: test -z 
			 || test ! -s conftest.err
configure:20763: $? = 0
configure:20766: test -s conftest.o
configure:20769: $? = 0
configure:20824: result: yes
configure:20955: creating ./config.status

## ---------------------- ##
## Running config.status. ##
## ---------------------- ##

This file was extended by expat config.status 2.0.0, which was
generated by GNU Autoconf 2.59.  Invocation command line was

  CONFIG_FILES    = 
  CONFIG_HEADERS  = 
  CONFIG_LINKS    = 
  CONFIG_COMMANDS = 
  $ ./config.status 

on samsung

config.status:683: creating Makefile
config.status:787: creating expat_config.h

## ---------------- ##
## Cache variables. ##
## ---------------- ##

ac_cv_build=i586-pc-beos
ac_cv_build_alias=i586-pc-beos
ac_cv_c_bigendian=no
ac_cv_c_compiler_gnu=yes
ac_cv_c_const=yes
ac_cv_cpp_func=yes
ac_cv_cxx_compiler_gnu=yes
ac_cv_env_CC_set=
ac_cv_env_CC_value=
ac_cv_env_CFLAGS_set=
ac_cv_env_CFLAGS_value=
ac_cv_env_CPPFLAGS_set=
ac_cv_env_CPPFLAGS_value=
ac_cv_env_CPP_set=
ac_cv_env_CPP_value=
ac_cv_env_CXXCPP_set=
ac_cv_env_CXXCPP_value=
ac_cv_env_CXXFLAGS_set=
ac_cv_env_CXXFLAGS_value=
ac_cv_env_CXX_set=
ac_cv_env_CXX_value=
ac_cv_env_F77_set=
ac_cv_env_F77_value=
ac_cv_env_FFLAGS_set=
ac_cv_env_FFLAGS_value=
ac_cv_env_LDFLAGS_set=
ac_cv_env_LDFLAGS_value=
ac_cv_env_build_alias_set=
ac_cv_env_build_alias_value=
ac_cv_env_host_alias_set=
ac_cv_env_host_alias_value=
ac_cv_env_target_alias_set=
ac_cv_env_target_alias_value=
ac_cv_exeext=
ac_cv_f77_compiler_gnu=no
ac_cv_func_bcopy=yes
ac_cv_func_getpagesize=yes
ac_cv_func_memmove=yes
ac_cv_func_mmap_fixed_mapped=no
ac_cv_header_dlfcn_h=yes
ac_cv_header_fcntl_h=yes
ac_cv_header_inttypes_h=yes
ac_cv_header_memory_h=yes
ac_cv_header_stdc=yes
ac_cv_header_stdint_h=yes
ac_cv_header_stdlib_h=yes
ac_cv_header_string_h=yes
ac_cv_header_strings_h=yes
ac_cv_header_sys_stat_h=yes
ac_cv_header_sys_types_h=yes
ac_cv_header_unistd_h=yes
ac_cv_host=i586-pc-beos
ac_cv_host_alias=i586-pc-beos
ac_cv_objext=o
ac_cv_path_install='/bin/ginstall -c'
ac_cv_prog_CPP='gcc -E'
ac_cv_prog_CXXCPP='g++ -E'
ac_cv_prog_ac_ct_AR=ar
ac_cv_prog_ac_ct_CC=gcc
ac_cv_prog_ac_ct_CXX=g++
ac_cv_prog_ac_ct_RANLIB=ranlib
ac_cv_prog_ac_ct_STRIP=strip
ac_cv_prog_cc_g=yes
ac_cv_prog_cc_stdc=
ac_cv_prog_cxx_g=yes
ac_cv_prog_egrep='grep -E'
ac_cv_prog_f77_g=no
ac_cv_type_off_t=yes
ac_cv_type_size_t=yes
lt_cv_deplibs_check_method=pass_all
lt_cv_file_magic_cmd='$MAGIC_CMD'
lt_cv_file_magic_test_file=
lt_cv_ld_reload_flag=-r
lt_cv_objdir=.libs
lt_cv_path_LD=/boot/develop/bin/ld
lt_cv_path_LDCXX=/boot/develop/bin/ld
lt_cv_path_NM='/boot/develop/bin/nm -B'
lt_cv_path_SED=/bin/sed
lt_cv_prog_compiler_c_o=yes
lt_cv_prog_compiler_c_o_CXX=yes
lt_cv_prog_compiler_rtti_exceptions=yes
lt_cv_prog_gnu_ld=yes
lt_cv_prog_gnu_ldcxx=yes
lt_cv_sys_global_symbol_pipe='sed -n -e '\''s/^.*[ 	]\([ABCDGIRSTW][ABCDGIRSTW]*\)[ 	][ 	]*\([_A-Za-z][_A-Za-z0-9]*\)$/\1 \2 \2/p'\'''
lt_cv_sys_global_symbol_to_c_name_address='sed -n -e '\''s/^: \([^ ]*\) $/  {\"\1\", (lt_ptr) 0},/p'\'' -e '\''s/^[BCDEGRST] \([^ ]*\) \([^ ]*\)$/  {"\2", (lt_ptr) \&\2},/p'\'''
lt_cv_sys_global_symbol_to_cdecl='sed -n -e '\''s/^. .* \(.*\)$/extern int \1;/p'\'''
lt_cv_sys_max_cmd_len=262144
lt_lt_cv_prog_compiler_c_o='"yes"'
lt_lt_cv_prog_compiler_c_o_CXX='"yes"'
lt_lt_cv_sys_global_symbol_pipe='"sed -n -e '\''s/^.*[ 	]\\([ABCDGIRSTW][ABCDGIRSTW]*\\)[ 	][ 	]*\\([_A-Za-z][_A-Za-z0-9]*\\)\$/\\1 \\2 \\2/p'\''"'
lt_lt_cv_sys_global_symbol_to_c_name_address='"sed -n -e '\''s/^: \\([^ ]*\\) \$/  {\\\"\\1\\\", (lt_ptr) 0},/p'\'' -e '\''s/^[BCDEGRST] \\([^ ]*\\) \\([^ ]*\\)\$/  {\"\\2\", (lt_ptr) \\&\\2},/p'\''"'
lt_lt_cv_sys_global_symbol_to_cdecl='"sed -n -e '\''s/^. .* \\(.*\\)\$/extern int \\1;/p'\''"'

## ----------------- ##
## Output variables. ##
## ----------------- ##

AR='ar'
AS='as'
CC='gcc'
CFLAGS='-g -O2 -Wall -Wmissing-prototypes -Wstrict-prototypes -fexceptions'
CPP='gcc -E'
CPPFLAGS=''
CXX='g++'
CXXCPP='g++ -E'
CXXFLAGS='-g -O2'
DEFS='-DHAVE_CONFIG_H'
DLLTOOL='dlltool'
ECHO='echo'
ECHO_C=''
ECHO_N='-n'
ECHO_T=''
EGREP='grep -E'
EXEEXT=''
F77=''
FFLAGS=''
FILEMAP='readfilemap'
INSTALL_DATA='${INSTALL} -m 644'
INSTALL_PROGRAM='${INSTALL}'
INSTALL_SCRIPT='${INSTALL}'
LDFLAGS=''
LIBAGE='5'
LIBCURRENT='6'
LIBOBJS=''
LIBREVISION='0'
LIBS=''
LIBTOOL='$(SHELL) $(top_builddir)/libtool'
LN_S='ln -s'
LTLIBOBJS=''
OBJDUMP='objdump'
OBJEXT='o'
PACKAGE_BUGREPORT='expat-bugs@libexpat.org'
PACKAGE_NAME='expat'
PACKAGE_STRING='expat 2.0.0'
PACKAGE_TARNAME='expat'
PACKAGE_VERSION='2.0.0'
PATH_SEPARATOR=':'
RANLIB='ranlib'
SHELL='/bin/sh'
STRIP='strip'
ac_ct_AR='ar'
ac_ct_AS=''
ac_ct_CC='gcc'
ac_ct_CXX='g++'
ac_ct_DLLTOOL=''
ac_ct_F77=''
ac_ct_OBJDUMP=''
ac_ct_RANLIB='ranlib'
ac_ct_STRIP='strip'
bindir='${exec_prefix}/bin'
build='i586-pc-beos'
build_alias=''
build_cpu='i586'
build_os='beos'
build_vendor='pc'
datadir='${prefix}/share'
exec_prefix='${prefix}'
host='i586-pc-beos'
host_alias=''
host_cpu='i586'
host_os='beos'
host_vendor='pc'
includedir='${prefix}/include'
infodir='${prefix}/info'
libdir='${exec_prefix}/lib'
libexecdir='${exec_prefix}/libexec'
localstatedir='${prefix}/var'
mandir='${prefix}/man'
oldincludedir='/usr/include'
prefix='/boot/home/expat'
program_transform_name='s,x,x,'
sbindir='${exec_prefix}/sbin'
sharedstatedir='${prefix}/com'
sysconfdir='${prefix}/etc'
target_alias=''

## ----------- ##
## confdefs.h. ##
## ----------- ##

#define BYTEORDER 1234
#define HAVE_BCOPY 1
#define HAVE_DLFCN_H 1
#define HAVE_FCNTL_H 1
#define HAVE_GETPAGESIZE 1
#define HAVE_INTTYPES_H 1
#define HAVE_MEMMOVE 1
#define HAVE_MEMORY_H 1
#define HAVE_STDINT_H 1
#define HAVE_STDLIB_H 1
#define HAVE_STDLIB_H 1
#define HAVE_STRINGS_H 1
#define HAVE_STRING_H 1
#define HAVE_SYS_STAT_H 1
#define HAVE_SYS_TYPES_H 1
#define HAVE_UNISTD_H 1
#define HAVE_UNISTD_H 1
#define HAVE_UNISTD_H 1
#define PACKAGE_BUGREPORT "expat-bugs@libexpat.org"
#define PACKAGE_NAME "expat"
#define PACKAGE_STRING "expat 2.0.0"
#define PACKAGE_TARNAME "expat"
#define PACKAGE_VERSION "2.0.0"
#define STDC_HEADERS 1
#define STDC_HEADERS 1
#define XML_CONTEXT_BYTES 1024
#define XML_DTD 1
#define XML_NS 1

configure: exit 0
