This file contains any messages produced by compilers while
running configure, to aid debugging if configure makes a mistake.

It was created by configure, which was
generated by GNU Autoconf 2.57.  Invocation command line was

  $ ./configure --disable-shared --enable-static --no-create --no-recursion

## --------- ##
## Platform. ##
## --------- ##

hostname = rajeesh
uname -m = BePC
uname -r = 6.0.1
uname -s = BeOS
uname -v = 20392

/usr/bin/uname -p = unknown
/bin/uname -X     = unknown

/bin/arch              = unknown
/usr/bin/arch -k       = unknown
/usr/convex/getsysinfo = unknown
hostinfo               = unknown
/bin/machine           = unknown
/usr/bin/oslevel       = unknown
/bin/universe          = unknown

PATH: /boot/home/src/cebit/build/scripts
PATH: .
PATH: /boot/home/config/bin
PATH: /bin
PATH: /boot/beos/apps
PATH: /boot/home/config/ZetaMenu/Software/System
PATH: /boot/home/config/ZetaMenu/Software/Tools
PATH: /boot/home/config/ZetaMenu/Software/Develop
PATH: /boot/develop/bin
PATH: /boot/home/bin
PATH: /usr/X11/bin


## ----------- ##
## Core tests. ##
## ----------- ##

configure:1488: checking for a BSD-compatible install
configure:1542: result: /bin/ginstall -c
configure:1553: checking whether build environment is sane
configure:1596: result: yes
configure:1629: checking for gawk
configure:1645: found /bin/gawk
configure:1655: result: gawk
configure:1665: checking whether make sets $(MAKE)
configure:1685: result: yes
configure:1916: checking build system type
configure:1934: result: i586-pc-beos
configure:1942: checking host system type
configure:1956: result: i586-pc-beos
configure:1984: checking for style of include used by make
configure:2012: result: GNU
configure:2083: checking for gcc
configure:2099: found /bin/gcc
configure:2109: result: gcc
configure:2353: checking for C compiler version
configure:2356: gcc --version </dev/null >&5
2.9-beos-000224
configure:2359: $? = 0
configure:2361: gcc -v </dev/null >&5
Reading specs from /boot/develop/tools/sdk/release/H-i586-pc-beos5/T-i586-pc-beos5/lib/gcc-lib/i586-pc-beos5/2.9-beos-000224/specs
gcc version 2.9-beos-000224
configure:2364: $? = 0
configure:2366: gcc -V </dev/null >&5
gcc: argument to `-V' is missing
configure:2369: $? = 1
configure:2393: checking for C compiler default output
configure:2396: gcc    conftest.c  >&5
configure:2399: $? = 0
configure:2445: result: conftest
configure:2450: checking whether the C compiler works
configure:2456: ./conftest
configure:2459: $? = 0
configure:2476: result: yes
configure:2483: checking whether we are cross compiling
configure:2485: result: no
configure:2488: checking for suffix of executables
configure:2490: gcc -o conftest    conftest.c  >&5
configure:2493: $? = 0
configure:2518: result: 
configure:2524: checking for suffix of object files
configure:2546: gcc -c   conftest.c >&5
configure:2549: $? = 0
configure:2571: result: o
configure:2575: checking whether we are using the GNU C compiler
configure:2600: gcc -c   conftest.c >&5
configure:2603: $? = 0
configure:2606: test -s conftest.o
configure:2609: $? = 0
configure:2622: result: yes
configure:2628: checking whether gcc accepts -g
configure:2650: gcc -c -g  conftest.c >&5
configure:2653: $? = 0
configure:2656: test -s conftest.o
configure:2659: $? = 0
configure:2670: result: yes
configure:2687: checking for gcc option to accept ANSI C
configure:2748: gcc  -c -g -O2  conftest.c >&5
configure:2751: $? = 0
configure:2754: test -s conftest.o
configure:2757: $? = 0
configure:2775: result: none needed
configure:2793: gcc -c -g -O2  conftest.c >&5
/boot/home/personal/rajesh/rajeesh/abiword-2.2.8/psiconv/conftest.c:2: error: parse error before `me'
configure:2796: $? = 1
configure: failed program was:
| #ifndef __cplusplus
|   choke me
| #endif
configure:2907: checking dependency style of gcc
configure:2969: result: gcc
configure:2985: checking for ld used by GCC
configure:3049: result: /boot/develop/bin/ld
configure:3058: checking if the linker (/boot/develop/bin/ld) is GNU ld
GNU ld version 2.11 (with BFD 2.11)
configure:3070: result: yes
configure:3075: checking for /boot/develop/bin/ld option to reload object files
configure:3082: result: -r
configure:3091: checking for BSD-compatible nm
configure:3126: result: /boot/develop/bin/nm -B
configure:3130: checking whether ln -s works
configure:3134: result: yes
configure:3141: checking how to recognise dependant libraries
configure:3329: result: pass_all
configure:3474: checking how to run the C preprocessor
configure:3510: gcc -E  conftest.c
configure:3516: $? = 0
configure:3548: gcc -E  conftest.c
/boot/home/personal/rajesh/rajeesh/abiword-2.2.8/psiconv/configure:3549: error: ac_nonexistent.h: No such file or directory
configure:3554: $? = 1
configure: failed program was:
| #line 3539 "configure"
| /* confdefs.h.  */
| 
| #define PACKAGE_NAME ""
| #define PACKAGE_TARNAME ""
| #define PACKAGE_VERSION ""
| #define PACKAGE_STRING ""
| #define PACKAGE_BUGREPORT ""
| #define PACKAGE "psiconv"
| #define VERSION "0.8.3"
| /* end confdefs.h.  */
| #include <ac_nonexistent.h>
configure:3592: result: gcc -E
configure:3617: gcc -E  conftest.c
configure:3623: $? = 0
configure:3655: gcc -E  conftest.c
/boot/home/personal/rajesh/rajeesh/abiword-2.2.8/psiconv/configure:3656: error: ac_nonexistent.h: No such file or directory
configure:3661: $? = 1
configure: failed program was:
| #line 3646 "configure"
| /* confdefs.h.  */
| 
| #define PACKAGE_NAME ""
| #define PACKAGE_TARNAME ""
| #define PACKAGE_VERSION ""
| #define PACKAGE_STRING ""
| #define PACKAGE_BUGREPORT ""
| #define PACKAGE "psiconv"
| #define VERSION "0.8.3"
| /* end confdefs.h.  */
| #include <ac_nonexistent.h>
configure:3704: checking for egrep
configure:3714: result: grep -E
configure:3719: checking for ANSI C header files
configure:3745: gcc -c -g -O2  conftest.c >&5
configure:3748: $? = 0
configure:3751: test -s conftest.o
configure:3754: $? = 0
configure:3846: gcc -o conftest -g -O2   conftest.c  >&5
configure:3849: $? = 0
configure:3851: ./conftest
configure:3854: $? = 0
configure:3869: result: yes
configure:3893: checking for sys/types.h
configure:3910: gcc -c -g -O2  conftest.c >&5
configure:3913: $? = 0
configure:3916: test -s conftest.o
configure:3919: $? = 0
configure:3930: result: yes
configure:3893: checking for sys/stat.h
configure:3910: gcc -c -g -O2  conftest.c >&5
configure:3913: $? = 0
configure:3916: test -s conftest.o
configure:3919: $? = 0
configure:3930: result: yes
configure:3893: checking for stdlib.h
configure:3910: gcc -c -g -O2  conftest.c >&5
configure:3913: $? = 0
configure:3916: test -s conftest.o
configure:3919: $? = 0
configure:3930: result: yes
configure:3893: checking for string.h
configure:3910: gcc -c -g -O2  conftest.c >&5
configure:3913: $? = 0
configure:3916: test -s conftest.o
configure:3919: $? = 0
configure:3930: result: yes
configure:3893: checking for memory.h
configure:3910: gcc -c -g -O2  conftest.c >&5
configure:3913: $? = 0
configure:3916: test -s conftest.o
configure:3919: $? = 0
configure:3930: result: yes
configure:3893: checking for strings.h
configure:3910: gcc -c -g -O2  conftest.c >&5
configure:3913: $? = 0
configure:3916: test -s conftest.o
configure:3919: $? = 0
configure:3930: result: yes
configure:3893: checking for inttypes.h
configure:3910: gcc -c -g -O2  conftest.c >&5
configure:3913: $? = 0
configure:3916: test -s conftest.o
configure:3919: $? = 0
configure:3930: result: yes
configure:3893: checking for stdint.h
configure:3910: gcc -c -g -O2  conftest.c >&5
configure:3913: $? = 0
configure:3916: test -s conftest.o
configure:3919: $? = 0
configure:3930: result: yes
configure:3893: checking for unistd.h
configure:3910: gcc -c -g -O2  conftest.c >&5
configure:3913: $? = 0
configure:3916: test -s conftest.o
configure:3919: $? = 0
configure:3930: result: yes
configure:3956: checking dlfcn.h usability
configure:3969: gcc -c -g -O2  conftest.c >&5
configure:3972: $? = 0
configure:3975: test -s conftest.o
configure:3978: $? = 0
configure:3988: result: yes
configure:3992: checking dlfcn.h presence
configure:4003: gcc -E  conftest.c
configure:4009: $? = 0
configure:4028: result: yes
configure:4064: checking for dlfcn.h
configure:4071: result: yes
configure:4136: checking for g++
configure:4152: found /bin/g++
configure:4162: result: g++
configure:4178: checking for C++ compiler version
configure:4181: g++ --version </dev/null >&5
2.9-beos-000224
configure:4184: $? = 0
configure:4186: g++ -v </dev/null >&5
Reading specs from /boot/develop/tools/sdk/release/H-i586-pc-beos5/T-i586-pc-beos5/lib/gcc-lib/i586-pc-beos5/2.9-beos-000224/specs
gcc version 2.9-beos-000224
configure:4189: $? = 0
configure:4191: g++ -V </dev/null >&5
g++: argument to `-V' missing

configure:4194: $? = 1
configure:4197: checking whether we are using the GNU C++ compiler
configure:4222: g++ -c   conftest.cc >&5
configure:4225: $? = 0
configure:4228: test -s conftest.o
configure:4231: $? = 0
configure:4244: result: yes
configure:4250: checking whether g++ accepts -g
configure:4272: g++ -c -g  conftest.cc >&5
configure:4275: $? = 0
configure:4278: test -s conftest.o
configure:4281: $? = 0
configure:4292: result: yes
configure:4336: g++ -c -g -O2  conftest.cc >&5
configure:4339: $? = 0
configure:4342: test -s conftest.o
configure:4345: $? = 0
configure:4372: g++ -c -g -O2  conftest.cc >&5
configure:4375: $? = 0
configure:4378: test -s conftest.o
configure:4381: $? = 0
configure:4406: checking dependency style of g++
configure:4468: result: gcc
configure:4478: checking how to run the C++ preprocessor
configure:4510: g++ -E  conftest.cc
configure:4516: $? = 0
configure:4548: g++ -E  conftest.cc
/boot/home/personal/rajesh/rajeesh/abiword-2.2.8/psiconv/configure:4560: error: ac_nonexistent.h: No such file or directory
configure:4554: $? = 1
configure: failed program was:
| #line 4539 "configure"
| /* confdefs.h.  */
| 
| #define PACKAGE_NAME ""
| #define PACKAGE_TARNAME ""
| #define PACKAGE_VERSION ""
| #define PACKAGE_STRING ""
| #define PACKAGE_BUGREPORT ""
| #define PACKAGE "psiconv"
| #define VERSION "0.8.3"
| #define STDC_HEADERS 1
| #define HAVE_SYS_TYPES_H 1
| #define HAVE_SYS_STAT_H 1
| #define HAVE_STDLIB_H 1
| #define HAVE_STRING_H 1
| #define HAVE_MEMORY_H 1
| #define HAVE_STRINGS_H 1
| #define HAVE_INTTYPES_H 1
| #define HAVE_STDINT_H 1
| #define HAVE_UNISTD_H 1
| #define HAVE_DLFCN_H 1
| /* end confdefs.h.  */
| #include <ac_nonexistent.h>
configure:4592: result: g++ -E
configure:4617: g++ -E  conftest.cc
configure:4623: $? = 0
configure:4655: g++ -E  conftest.cc
/boot/home/personal/rajesh/rajeesh/abiword-2.2.8/psiconv/configure:4667: error: ac_nonexistent.h: No such file or directory
configure:4661: $? = 1
configure: failed program was:
| #line 4646 "configure"
| /* confdefs.h.  */
| 
| #define PACKAGE_NAME ""
| #define PACKAGE_TARNAME ""
| #define PACKAGE_VERSION ""
| #define PACKAGE_STRING ""
| #define PACKAGE_BUGREPORT ""
| #define PACKAGE "psiconv"
| #define VERSION "0.8.3"
| #define STDC_HEADERS 1
| #define HAVE_SYS_TYPES_H 1
| #define HAVE_SYS_STAT_H 1
| #define HAVE_STDLIB_H 1
| #define HAVE_STRING_H 1
| #define HAVE_MEMORY_H 1
| #define HAVE_STRINGS_H 1
| #define HAVE_INTTYPES_H 1
| #define HAVE_STDINT_H 1
| #define HAVE_UNISTD_H 1
| #define HAVE_DLFCN_H 1
| /* end confdefs.h.  */
| #include <ac_nonexistent.h>
configure:4707: checking the maximum length of command line arguments
configure:4755: result: 262144
configure:4766: checking command to parse /boot/develop/bin/nm -B output from gcc object
configure:4851: g++ -c -g -O2  conftest.cc >&5
configure:4854: $? = 0
configure:4858: /boot/develop/bin/nm -B conftest.o \| sed -n -e 's/^.*[ 	]\([ABCDGISTW][ABCDGISTW]*\)[ 	][ 	]*\(\)\([_A-Za-z][_A-Za-z0-9]*\)$/\1 \2\3 \3/p' \> conftest.nm
configure:4861: $? = 0
configure:4913: g++ -o conftest -g -O2   conftest.cc conftstm.o >&5
configure:4916: $? = 0
configure:4954: result: ok
configure:4958: checking for objdir
configure:4973: result: .libs
configure:5063: checking for ranlib
configure:5079: found /boot/develop/bin/ranlib
configure:5090: result: ranlib
configure:5143: checking for strip
configure:5159: found /boot/develop/bin/strip
configure:5170: result: strip
configure:5432: checking if gcc static flag  works
configure:5455: result: yes
configure:5472: checking if gcc supports -fno-rtti -fno-exceptions
configure:5496: result: yes
configure:5511: checking for gcc option to produce PIC
configure:5664: result: 
configure:5719: checking if gcc supports -c -o file.o
configure:5760: result: yes
configure:5786: checking whether the gcc linker (/boot/develop/bin/ld) supports shared libraries
configure:6580: result: yes
configure:6645: checking how to hardcode library paths into programs
configure:6669: result: immediate
configure:6683: checking whether stripping libraries is possible
configure:6688: result: yes
configure:6695: checking dynamic linker characteristics
configure:7137: result: beos ld.so
configure:7790: checking if libtool supports shared libraries
configure:7792: result: yes
configure:7795: checking whether to build shared libraries
configure:7816: result: no
configure:7819: checking whether to build static libraries
configure:7823: result: yes
configure:7902: creating libtool
configure:8624: checking whether the g++ linker (/boot/develop/bin/ld) supports shared libraries
configure:9291: result: no
configure:9308: g++ -c -g -O2  conftest.cc >&5
configure:9311: $? = 0
configure:9411: checking for g++ option to produce PIC
configure:9647: result: 
configure:9702: checking if g++ supports -c -o file.o
configure:9743: result: yes
configure:9769: checking whether the g++ linker (/boot/develop/bin/ld) supports shared libraries
configure:9791: result: no
configure:9856: checking how to hardcode library paths into programs
configure:9880: result: immediate
configure:9894: checking whether stripping libraries is possible
configure:9899: result: yes
configure:9906: checking dynamic linker characteristics
configure:10348: result: beos ld.so
configure:11414: checking if gcj supports -fno-rtti -fno-exceptions
configure:11438: result: yes
configure:11453: checking for gcj option to produce PIC
configure:11606: result: 
configure:11661: checking if gcj supports -c -o file.o
configure:11702: result: no
configure:11728: checking whether the gcj linker (/boot/develop/bin/ld) supports shared libraries
configure:12522: result: yes
configure:12587: checking how to hardcode library paths into programs
configure:12611: result: immediate
configure:12625: checking whether stripping libraries is possible
configure:12630: result: yes
configure:12637: checking dynamic linker characteristics
configure:13079: result: beos ld.so
configure:14563: checking what warning flags to pass to the C compiler
configure:14583: result: -Wall -Wunused
configure:14594: checking what language compliance flags to pass to the C compiler
configure:14610: result: 
configure:14619: checking for ANSI C header files
configure:14769: result: yes
configure:14784: checking for unistd.h
configure:14789: result: yes
configure:14922: checking for an ANSI C-conforming const
configure:14990: gcc -c -g -O2 -Wall -Wunused   conftest.c >&5
/boot/home/personal/rajesh/rajeesh/abiword-2.2.8/psiconv/configure: In function `main':
/boot/home/personal/rajesh/rajeesh/abiword-2.2.8/psiconv/configure:14977: warning: unused variable `s'
/boot/home/personal/rajesh/rajeesh/abiword-2.2.8/psiconv/configure:14997: warning: unused variable `foo'
/boot/home/personal/rajesh/rajeesh/abiword-2.2.8/psiconv/configure:14964: warning: unused variable `zero'
/boot/home/personal/rajesh/rajeesh/abiword-2.2.8/psiconv/configure:14958: warning: unused variable `x'
/boot/home/personal/rajesh/rajeesh/abiword-2.2.8/psiconv/configure:14976: warning: `t' might be used uninitialized in this function
/boot/home/personal/rajesh/rajeesh/abiword-2.2.8/psiconv/configure:14994: warning: `b' might be used uninitialized in this function
configure:14993: $? = 0
configure:14996: test -s conftest.o
configure:14999: $? = 0
configure:15010: result: yes
configure:15020: checking for size_t
configure:15045: gcc -c -g -O2 -Wall -Wunused   conftest.c >&5
configure:15048: $? = 0
configure:15051: test -s conftest.o
configure:15054: $? = 0
configure:15065: result: yes
configure:15079: checking for char
configure:15104: gcc -c -g -O2 -Wall -Wunused   conftest.c >&5
configure:15107: $? = 0
configure:15110: test -s conftest.o
configure:15113: $? = 0
configure:15124: result: yes
configure:15127: checking size of char
configure:15402: gcc -o conftest -g -O2 -Wall -Wunused    conftest.c  >&5
configure:15405: $? = 0
configure:15407: ./conftest
configure:15410: $? = 0
configure:15433: result: 1
configure:15440: checking for short
configure:15465: gcc -c -g -O2 -Wall -Wunused   conftest.c >&5
configure:15468: $? = 0
configure:15471: test -s conftest.o
configure:15474: $? = 0
configure:15485: result: yes
configure:15488: checking size of short
configure:15763: gcc -o conftest -g -O2 -Wall -Wunused    conftest.c  >&5
configure:15766: $? = 0
configure:15768: ./conftest
configure:15771: $? = 0
configure:15794: result: 2
configure:15801: checking for int
configure:15826: gcc -c -g -O2 -Wall -Wunused   conftest.c >&5
configure:15829: $? = 0
configure:15832: test -s conftest.o
configure:15835: $? = 0
configure:15846: result: yes
configure:15849: checking size of int
configure:16124: gcc -o conftest -g -O2 -Wall -Wunused    conftest.c  >&5
configure:16127: $? = 0
configure:16129: ./conftest
configure:16132: $? = 0
configure:16155: result: 4
configure:16162: checking for long
configure:16187: gcc -c -g -O2 -Wall -Wunused   conftest.c >&5
configure:16190: $? = 0
configure:16193: test -s conftest.o
configure:16196: $? = 0
configure:16207: result: yes
configure:16210: checking size of long
configure:16485: gcc -o conftest -g -O2 -Wall -Wunused    conftest.c  >&5
configure:16488: $? = 0
configure:16490: ./conftest
configure:16493: $? = 0
configure:16516: result: 4
configure:16524: checking for an 8 bit integer type
configure:16528: result: char
configure:16548: checking for a 16 bit integer type
configure:16556: result: short
configure:16572: checking for a 32 bit integer type
configure:16584: result: int
configure:16604: checking for vprintf
configure:16654: gcc -o conftest -g -O2 -Wall -Wunused    conftest.c  >&5
configure:16657: $? = 0
configure:16660: test -s conftest
configure:16663: $? = 0
configure:16674: result: yes
configure:16681: checking for _doprnt
configure:16731: gcc -o conftest -g -O2 -Wall -Wunused    conftest.c  >&5
/tmp/ccfPHvLH.o: In function `main':
/boot/home/personal/rajesh/rajeesh/abiword-2.2.8/psiconv/configure:16746: undefined reference to `_doprnt'
/boot/home/personal/rajesh/rajeesh/abiword-2.2.8/psiconv/configure:16745: undefined reference to `_doprnt'
collect2: ld returned 1 exit status
configure:16734: $? = 1
configure: failed program was:
| #line 16686 "configure"
| /* confdefs.h.  */
| 
| #define PACKAGE_NAME ""
| #define PACKAGE_TARNAME ""
| #define PACKAGE_VERSION ""
| #define PACKAGE_STRING ""
| #define PACKAGE_BUGREPORT ""
| #define PACKAGE "psiconv"
| #define VERSION "0.8.3"
| #define STDC_HEADERS 1
| #define HAVE_SYS_TYPES_H 1
| #define HAVE_SYS_STAT_H 1
| #define HAVE_STDLIB_H 1
| #define HAVE_STRING_H 1
| #define HAVE_MEMORY_H 1
| #define HAVE_STRINGS_H 1
| #define HAVE_INTTYPES_H 1
| #define HAVE_STDINT_H 1
| #define HAVE_UNISTD_H 1
| #define HAVE_DLFCN_H 1
| #define STDC_HEADERS 1
| #define HAVE_UNISTD_H 1
| #define SIZEOF_CHAR 1
| #define SIZEOF_SHORT 2
| #define SIZEOF_INT 4
| #define SIZEOF_LONG 4
| #define HAVE_VPRINTF 1
| /* end confdefs.h.  */
| /* System header to define __stub macros and hopefully few prototypes,
|     which can conflict with char _doprnt (); below.
|     Prefer <limits.h> to <assert.h> if __STDC__ is defined, since
|     <limits.h> exists even on freestanding compilers.  */
| #ifdef __STDC__
| # include <limits.h>
| #else
| # include <assert.h>
| #endif
| /* Override any gcc2 internal prototype to avoid an error.  */
| #ifdef __cplusplus
| extern "C"
| {
| #endif
| /* We use char because int might match the return type of a gcc2
|    builtin and then its argument prototype would still apply.  */
| char _doprnt ();
| /* The GNU C library defines this for functions which it implements
|     to always fail with ENOSYS.  Some functions are actually named
|     something starting with __ and the normal name is an alias.  */
| #if defined (__stub__doprnt) || defined (__stub____doprnt)
| choke me
| #else
| char (*f) () = _doprnt;
| #endif
| #ifdef __cplusplus
| }
| #endif
| 
| int
| main ()
| {
| return f != _doprnt;
|   ;
|   return 0;
| }
configure:16751: result: no
configure:16769: checking for strdup
configure:16819: gcc -o conftest -g -O2 -Wall -Wunused    conftest.c  >&5
configure:16822: $? = 0
configure:16825: test -s conftest
configure:16828: $? = 0
configure:16839: result: yes
configure:16956: creating ./config.status

## ---------------- ##
## Cache variables. ##
## ---------------- ##

ac_cv_build=i586-pc-beos
ac_cv_build_alias=i586-pc-beos
ac_cv_c_compiler_gnu=yes
ac_cv_c_const=yes
ac_cv_cxx_compiler_gnu=yes
ac_cv_env_CC_set=
ac_cv_env_CC_value=
ac_cv_env_CFLAGS_set=
ac_cv_env_CFLAGS_value=
ac_cv_env_CPPFLAGS_set=
ac_cv_env_CPPFLAGS_value=
ac_cv_env_CPP_set=
ac_cv_env_CPP_value=
ac_cv_env_CXXCPP_set=
ac_cv_env_CXXCPP_value=
ac_cv_env_CXXFLAGS_set=
ac_cv_env_CXXFLAGS_value=
ac_cv_env_CXX_set=
ac_cv_env_CXX_value=
ac_cv_env_LDFLAGS_set=
ac_cv_env_LDFLAGS_value=
ac_cv_env_build_alias_set=
ac_cv_env_build_alias_value=
ac_cv_env_host_alias_set=
ac_cv_env_host_alias_value=
ac_cv_env_target_alias_set=
ac_cv_env_target_alias_value=
ac_cv_exeext=
ac_cv_func__doprnt=no
ac_cv_func_strdup=yes
ac_cv_func_vprintf=yes
ac_cv_header_dlfcn_h=yes
ac_cv_header_inttypes_h=yes
ac_cv_header_memory_h=yes
ac_cv_header_stdc=yes
ac_cv_header_stdint_h=yes
ac_cv_header_stdlib_h=yes
ac_cv_header_string_h=yes
ac_cv_header_strings_h=yes
ac_cv_header_sys_stat_h=yes
ac_cv_header_sys_types_h=yes
ac_cv_header_unistd_h=yes
ac_cv_host=i586-pc-beos
ac_cv_host_alias=i586-pc-beos
ac_cv_objext=o
ac_cv_path_install='/bin/ginstall -c'
ac_cv_prog_AWK=gawk
ac_cv_prog_CPP='gcc -E'
ac_cv_prog_CXXCPP='g++ -E'
ac_cv_prog_ac_ct_CC=gcc
ac_cv_prog_ac_ct_CXX=g++
ac_cv_prog_ac_ct_RANLIB=ranlib
ac_cv_prog_ac_ct_STRIP=strip
ac_cv_prog_cc_g=yes
ac_cv_prog_cc_stdc=
ac_cv_prog_cxx_g=yes
ac_cv_prog_egrep='grep -E'
ac_cv_prog_make_make_set=yes
ac_cv_sizeof_char=1
ac_cv_sizeof_int=4
ac_cv_sizeof_long=4
ac_cv_sizeof_short=2
ac_cv_type_char=yes
ac_cv_type_int=yes
ac_cv_type_long=yes
ac_cv_type_short=yes
ac_cv_type_size_t=yes
am_cv_CC_dependencies_compiler_type=gcc
am_cv_CXX_dependencies_compiler_type=gcc
lt_cv_deplibs_check_method=pass_all
lt_cv_file_magic_cmd='$MAGIC_CMD'
lt_cv_file_magic_test_file=
lt_cv_ld_reload_flag=-r
lt_cv_objdir=.libs
lt_cv_path_LD=/boot/develop/bin/ld
lt_cv_path_NM='/boot/develop/bin/nm -B'
lt_cv_prog_compiler_c_o=yes
lt_cv_prog_compiler_c_o_CXX=yes
lt_cv_prog_compiler_c_o_GCJ=no
lt_cv_prog_compiler_rtti_exceptions=yes
lt_cv_prog_gnu_ld=yes
lt_cv_sys_global_symbol_pipe='sed -n -e '\''s/^.*[ 	]\([ABCDGISTW][ABCDGISTW]*\)[ 	][ 	]*\(\)\([_A-Za-z][_A-Za-z0-9]*\)$/\1 \2\3 \3/p'\'''
lt_cv_sys_global_symbol_to_c_name_address='sed -n -e '\''s/^: \([^ ]*\) $/  {\"\1\", (lt_ptr) 0},/p'\'' -e '\''s/^[BCDEGRST] \([^ ]*\) \([^ ]*\)$/  {"\2", (lt_ptr) \&\2},/p'\'''
lt_cv_sys_global_symbol_to_cdecl='sed -n -e '\''s/^. .* \(.*\)$/extern int \1;/p'\'''
lt_cv_sys_max_cmd_len=262144
lt_lt_cv_prog_compiler_c_o='"yes"'
lt_lt_cv_prog_compiler_c_o_CXX='"yes"'
lt_lt_cv_prog_compiler_c_o_GCJ='"no"'
lt_lt_cv_sys_global_symbol_pipe='"sed -n -e '\''s/^.*[ 	]\\([ABCDGISTW][ABCDGISTW]*\\)[ 	][ 	]*\\(\\)\\([_A-Za-z][_A-Za-z0-9]*\\)\$/\\1 \\2\\3 \\3/p'\''"'
lt_lt_cv_sys_global_symbol_to_c_name_address='"sed -n -e '\''s/^: \\([^ ]*\\) \$/  {\\\"\\1\\\", (lt_ptr) 0},/p'\'' -e '\''s/^[BCDEGRST] \\([^ ]*\\) \\([^ ]*\\)\$/  {\"\\2\", (lt_ptr) \\&\\2},/p'\''"'
lt_lt_cv_sys_global_symbol_to_cdecl='"sed -n -e '\''s/^. .* \\(.*\\)\$/extern int \\1;/p'\''"'

## ----------------- ##
## Output variables. ##
## ----------------- ##

ACLOCAL='${SHELL} /boot/home/personal/rajesh/rajeesh/abiword-2.2.8/psiconv/missing --run aclocal-1.5d'
AMDEPBACKSLASH='\'
AMDEP_FALSE='#'
AMDEP_TRUE=''
AMTAR='${SHELL} /boot/home/personal/rajesh/rajeesh/abiword-2.2.8/psiconv/missing --run tar'
AUTOCONF='${SHELL} /boot/home/personal/rajesh/rajeesh/abiword-2.2.8/psiconv/missing --run autoconf'
AUTOHEADER='${SHELL} /boot/home/personal/rajesh/rajeesh/abiword-2.2.8/psiconv/missing --run autoheader'
AUTOMAKE='${SHELL} /boot/home/personal/rajesh/rajeesh/abiword-2.2.8/psiconv/missing --run automake-1.5d'
AWK='gawk'
CC='gcc'
CCDEPMODE='depmode=gcc'
CFLAGS='-g -O2 -Wall -Wunused '
CPP='gcc -E'
CPPFLAGS=''
CXX='g++'
CXXCPP='g++ -E'
CXXDEPMODE='depmode=gcc'
CXXFLAGS='-g -O2'
DEFS='-DHAVE_CONFIG_H'
DEPDIR='.deps'
ECHO='echo'
ECHO_C=''
ECHO_N='-n'
ECHO_T=''
EGREP='grep -E'
EXEEXT=''
INSTALL_DATA='${INSTALL} -m 644'
INSTALL_PROGRAM='${INSTALL}'
INSTALL_SCRIPT='${INSTALL}'
INSTALL_STRIP_PROGRAM='${SHELL} $(install_sh) -c -s'
INT_16_BIT='short'
INT_32_BIT='int'
INT_8_BIT='char'
LDFLAGS=''
LIBOBJS=''
LIBS=''
LIBTOOL='$(SHELL) $(top_builddir)/libtool'
LN_S='ln -s'
LTLIBOBJS=''
MAKEINFO='${SHELL} /boot/home/personal/rajesh/rajeesh/abiword-2.2.8/psiconv/missing --run makeinfo'
OBJEXT='o'
PACKAGE='psiconv'
PACKAGE_BUGREPORT=''
PACKAGE_NAME=''
PACKAGE_STRING=''
PACKAGE_TARNAME=''
PACKAGE_VERSION=''
PATH_SEPARATOR=':'
RANLIB='ranlib'
SET_MAKE=''
SHELL='/bin/sh'
STRIP='strip'
VERSION='0.8.3'
ac_ct_CC='gcc'
ac_ct_CXX='g++'
ac_ct_RANLIB='ranlib'
ac_ct_STRIP='strip'
am__include='include'
am__quote=''
bindir='${exec_prefix}/bin'
build='i586-pc-beos'
build_alias=''
build_cpu='i586'
build_os='beos'
build_vendor='pc'
cflags_set='yes'
datadir='${prefix}/share'
exec_prefix='${prefix}'
host='i586-pc-beos'
host_alias=''
host_cpu='i586'
host_os='beos'
host_vendor='pc'
includedir='${prefix}/include'
infodir='${prefix}/info'
install_sh='/boot/home/personal/rajesh/rajeesh/abiword-2.2.8/psiconv/install-sh'
libdir='${exec_prefix}/lib'
libexecdir='${exec_prefix}/libexec'
localstatedir='${prefix}/var'
mandir='${prefix}/man'
oldincludedir='/usr/include'
prefix='/usr/local'
program_transform_name='s,x,x,'
sbindir='${exec_prefix}/sbin'
sharedstatedir='${prefix}/com'
sysconfdir='${prefix}/etc'
target_alias=''

## ----------- ##
## confdefs.h. ##
## ----------- ##

#define HAVE_DLFCN_H 1
#define HAVE_INTTYPES_H 1
#define HAVE_MEMORY_H 1
#define HAVE_STDINT_H 1
#define HAVE_STDLIB_H 1
#define HAVE_STRDUP 1
#define HAVE_STRINGS_H 1
#define HAVE_STRING_H 1
#define HAVE_SYS_STAT_H 1
#define HAVE_SYS_TYPES_H 1
#define HAVE_UNISTD_H 1
#define HAVE_UNISTD_H 1
#define HAVE_VPRINTF 1
#define PACKAGE "psiconv"
#define PACKAGE_BUGREPORT ""
#define PACKAGE_NAME ""
#define PACKAGE_STRING ""
#define PACKAGE_TARNAME ""
#define PACKAGE_VERSION ""
#define SIZEOF_CHAR 1
#define SIZEOF_INT 4
#define SIZEOF_LONG 4
#define SIZEOF_SHORT 2
#define STDC_HEADERS 1
#define STDC_HEADERS 1
#define VERSION "0.8.3"

configure: exit 0

## ---------------------- ##
## Running config.status. ##
## ---------------------- ##

This file was extended by config.status, which was
generated by GNU Autoconf 2.57.  Invocation command line was

  CONFIG_FILES    = 
  CONFIG_HEADERS  = 
  CONFIG_LINKS    = 
  CONFIG_COMMANDS = 
  $ ./config.status Makefile

on rajeesh

config.status:673: creating Makefile

## ---------------------- ##
## Running config.status. ##
## ---------------------- ##

This file was extended by config.status, which was
generated by GNU Autoconf 2.57.  Invocation command line was

  CONFIG_FILES    = 
  CONFIG_HEADERS  = 
  CONFIG_LINKS    = 
  CONFIG_COMMANDS = 
  $ ./config.status config.h

on rajeesh

config.status:777: creating config.h
config.status:900: config.h is unchanged

## ---------------------- ##
## Running config.status. ##
## ---------------------- ##

This file was extended by config.status, which was
generated by GNU Autoconf 2.57.  Invocation command line was

  CONFIG_FILES    = 
  CONFIG_HEADERS  = 
  CONFIG_LINKS    = 
  CONFIG_COMMANDS = 
  $ ./config.status compat/Makefile depfiles

on rajeesh

config.status:673: creating compat/Makefile
config.status:1006: executing depfiles commands

## ---------------------- ##
## Running config.status. ##
## ---------------------- ##

This file was extended by config.status, which was
generated by GNU Autoconf 2.57.  Invocation command line was

  CONFIG_FILES    = 
  CONFIG_HEADERS  = 
  CONFIG_LINKS    = 
  CONFIG_COMMANDS = 
  $ ./config.status psiconv/Makefile depfiles

on rajeesh

config.status:673: creating psiconv/Makefile
config.status:1006: executing depfiles commands

## ---------------------- ##
## Running config.status. ##
## ---------------------- ##

This file was extended by config.status, which was
generated by GNU Autoconf 2.57.  Invocation command line was

  CONFIG_FILES    = 
  CONFIG_HEADERS  = 
  CONFIG_LINKS    = 
  CONFIG_COMMANDS = 
  $ ./config.status psiconv/general.h

on rajeesh

config.status:673: creating psiconv/general.h
