This file contains any messages produced by compilers while
running configure, to aid debugging if configure makes a mistake.

It was created by configure, which was
generated by GNU Autoconf 2.57.  Invocation command line was

  $ ../libiconv/configure --disable-shared --enable-static --enable-extra-encodings

## --------- ##
## Platform. ##
## --------- ##

hostname = amigo-note
uname -m = BePC
uname -r = 5.0.4
uname -s = BeOS
uname -v = 1000009

/usr/bin/uname -p = unknown
/bin/uname -X     = unknown

/bin/arch              = unknown
/usr/bin/arch -k       = unknown
/usr/convex/getsysinfo = unknown
hostinfo               = unknown
/bin/machine           = unknown
/usr/bin/oslevel       = unknown
/bin/universe          = unknown

PATH: .
PATH: /boot/home/config/bin
PATH: /bin
PATH: /boot/apps
PATH: /boot/preferences
PATH: /boot/beos/apps
PATH: /boot/beos/preferences
PATH: /boot/develop/tools/gnupro/bin
PATH: /boot/apps/X11R6.4/bin
PATH: /boot/home/bekaffe/bin
PATH: /boot/home/fpc/bin/beos
PATH: /usr/X11/bin


## ----------- ##
## Core tests. ##
## ----------- ##

configure:1514: checking for a BSD-compatible install
configure:1568: result: /bin/install -c
configure:1579: checking whether build environment is sane
configure:1622: result: yes
configure:1655: checking for gawk
configure:1671: found /bin/gawk
configure:1681: result: gawk
configure:1691: checking whether make sets $(MAKE)
configure:1711: result: yes
configure:1877: checking whether make sets $(MAKE)
configure:1897: result: yes
configure:1957: checking for gcc
configure:1973: found /boot/develop/tools/gnupro/bin/gcc
configure:1983: result: gcc
configure:2227: checking for C compiler version
configure:2230: gcc --version </dev/null >&5
2.95.3-beos-041202
configure:2233: $? = 0
configure:2235: gcc -v </dev/null >&5
using priority 5
Reading specs from /boot/develop/tools/gnupro/lib/gcc-lib/i586-pc-beos/2.95.3-beos-041202/specs
gcc version 2.95.3-beos-041202
configure:2238: $? = 0
configure:2240: gcc -V </dev/null >&5
gcc: argument to `-V' is missing
configure:2243: $? = 1
configure:2267: checking for C compiler default output
configure:2270: gcc    conftest.c  >&5
configure:2273: $? = 0
configure:2319: result: conftest
configure:2324: checking whether the C compiler works
configure:2330: ./conftest
configure:2333: $? = 0
configure:2350: result: yes
configure:2357: checking whether we are cross compiling
configure:2359: result: no
configure:2362: checking for suffix of executables
configure:2364: gcc -o conftest    conftest.c  >&5
configure:2367: $? = 0
configure:2392: result: 
configure:2398: checking for suffix of object files
configure:2420: gcc -c   conftest.c >&5
configure:2423: $? = 0
configure:2445: result: o
configure:2449: checking whether we are using the GNU C compiler
configure:2474: gcc -c   conftest.c >&5
configure:2477: $? = 0
configure:2480: test -s conftest.o
configure:2483: $? = 0
configure:2496: result: yes
configure:2502: checking whether gcc accepts -g
configure:2524: gcc -c -g  conftest.c >&5
configure:2527: $? = 0
configure:2530: test -s conftest.o
configure:2533: $? = 0
configure:2544: result: yes
configure:2561: checking for gcc option to accept ANSI C
configure:2622: gcc  -c -g -O2  conftest.c >&5
configure:2625: $? = 0
configure:2628: test -s conftest.o
configure:2631: $? = 0
configure:2649: result: none needed
configure:2667: gcc -c -g -O2  conftest.c >&5
/files/abiword-2.2.8/libiconv/conftest.c:2: parse error before `me'
configure:2670: $? = 1
configure: failed program was:
| #ifndef __cplusplus
|   choke me
| #endif
configure:2790: checking for style of include used by make
configure:2818: result: GNU
configure:2846: checking dependency style of gcc
configure:2914: result: none
configure:2936: checking how to run the C preprocessor
configure:2972: gcc -E  conftest.c
configure:2978: $? = 0
configure:3010: gcc -E  conftest.c
/files/abiword-2.2.8/libiconv/configure:3011: ac_nonexistent.h: No such file or directory
configure:3016: $? = 1
configure: failed program was:
| #line 3001 "configure"
| /* confdefs.h.  */
| 
| #define PACKAGE_NAME ""
| #define PACKAGE_TARNAME ""
| #define PACKAGE_VERSION ""
| #define PACKAGE_STRING ""
| #define PACKAGE_BUGREPORT ""
| #define PACKAGE "libiconv"
| #define VERSION "1.9"
| /* end confdefs.h.  */
| #include <ac_nonexistent.h>
configure:3054: result: gcc -E
configure:3079: gcc -E  conftest.c
configure:3085: $? = 0
configure:3117: gcc -E  conftest.c
/files/abiword-2.2.8/libiconv/configure:3118: ac_nonexistent.h: No such file or directory
configure:3123: $? = 1
configure: failed program was:
| #line 3108 "configure"
| /* confdefs.h.  */
| 
| #define PACKAGE_NAME ""
| #define PACKAGE_TARNAME ""
| #define PACKAGE_VERSION ""
| #define PACKAGE_STRING ""
| #define PACKAGE_BUGREPORT ""
| #define PACKAGE "libiconv"
| #define VERSION "1.9"
| /* end confdefs.h.  */
| #include <ac_nonexistent.h>
configure:3167: checking for egrep
configure:3177: result: grep -E
configure:3183: checking whether gcc needs -traditional
/files/abiword-2.2.8/libiconv/configure:3199: sgtty.h: No such file or directory
/files/abiword-2.2.8/libiconv/configure:3219: termio.h: No such file or directory
configure:3227: result: no
configure:3246: checking for a BSD-compatible install
configure:3300: result: /bin/install -c
configure:3319: checking build system type
configure:3337: result: i586-pc-beos
configure:3345: checking host system type
configure:3359: result: i586-pc-beos
configure:3393: checking for ld used by GCC
configure:3456: result: /boot/develop/tools/gnupro/i586-pc-beos/bin/ld
configure:3465: checking if the linker (/boot/develop/tools/gnupro/i586-pc-beos/bin/ld) is GNU ld
GNU ld version 2.15-beos-041202
configure:3477: result: yes
configure:3483: checking for shared library path variable
configure:3496: result: LIBRARY_PATH
configure:3501: checking whether to activate relocatable installation
configure:3516: result: no
configure:3635: checking for ranlib
configure:3651: found /boot/develop/tools/gnupro/bin/ranlib
configure:3662: result: ranlib
configure:3674: checking how to copy files
configure:3690: result: cp -p
configure:3694: checking how to make hard links
configure:3710: result: cp -p
configure:3714: checking whether ln -s works
configure:3718: result: yes
configure:3734: checking for AIX
configure:3757: result: no
configure:3763: checking for ANSI C header files
configure:3789: gcc -c -g -O2  conftest.c >&5
configure:3792: $? = 0
configure:3795: test -s conftest.o
configure:3798: $? = 0
configure:3887: gcc -o conftest -g -O2   conftest.c  >&5
configure:3890: $? = 0
configure:3892: ./conftest
configure:3895: $? = 0
configure:3910: result: yes
configure:3934: checking for sys/types.h
configure:3951: gcc -c -g -O2  conftest.c >&5
configure:3954: $? = 0
configure:3957: test -s conftest.o
configure:3960: $? = 0
configure:3971: result: yes
configure:3934: checking for sys/stat.h
configure:3951: gcc -c -g -O2  conftest.c >&5
configure:3954: $? = 0
configure:3957: test -s conftest.o
configure:3960: $? = 0
configure:3971: result: yes
configure:3934: checking for stdlib.h
configure:3951: gcc -c -g -O2  conftest.c >&5
configure:3954: $? = 0
configure:3957: test -s conftest.o
configure:3960: $? = 0
configure:3971: result: yes
configure:3934: checking for string.h
configure:3951: gcc -c -g -O2  conftest.c >&5
configure:3954: $? = 0
configure:3957: test -s conftest.o
configure:3960: $? = 0
configure:3971: result: yes
configure:3934: checking for memory.h
configure:3951: gcc -c -g -O2  conftest.c >&5
configure:3954: $? = 0
configure:3957: test -s conftest.o
configure:3960: $? = 0
configure:3971: result: yes
configure:3934: checking for strings.h
configure:3951: gcc -c -g -O2  conftest.c >&5
configure:3954: $? = 0
configure:3957: test -s conftest.o
configure:3960: $? = 0
configure:3971: result: yes
configure:3934: checking for inttypes.h
configure:3951: gcc -c -g -O2  conftest.c >&5
configure:3954: $? = 0
configure:3957: test -s conftest.o
configure:3960: $? = 0
configure:3971: result: yes
configure:3934: checking for stdint.h
configure:3951: gcc -c -g -O2  conftest.c >&5
/files/abiword-2.2.8/libiconv/configure:3995: stdint.h: No such file or directory
configure:3954: $? = 1
configure: failed program was:
| #line 3939 "configure"
| /* confdefs.h.  */
| 
| #define PACKAGE_NAME ""
| #define PACKAGE_TARNAME ""
| #define PACKAGE_VERSION ""
| #define PACKAGE_STRING ""
| #define PACKAGE_BUGREPORT ""
| #define PACKAGE "libiconv"
| #define VERSION "1.9"
| #define INSTALLPREFIX "/usr/local"
| #define ENABLE_EXTRA 1
| #define _GNU_SOURCE 1
| #define STDC_HEADERS 1
| #define HAVE_SYS_TYPES_H 1
| #define HAVE_SYS_STAT_H 1
| #define HAVE_STDLIB_H 1
| #define HAVE_STRING_H 1
| #define HAVE_MEMORY_H 1
| #define HAVE_STRINGS_H 1
| #define HAVE_INTTYPES_H 1
| /* end confdefs.h.  */
| #include <stdio.h>
| #if HAVE_SYS_TYPES_H
| # include <sys/types.h>
| #endif
| #if HAVE_SYS_STAT_H
| # include <sys/stat.h>
| #endif
| #if STDC_HEADERS
| # include <stdlib.h>
| # include <stddef.h>
| #else
| # if HAVE_STDLIB_H
| #  include <stdlib.h>
| # endif
| #endif
| #if HAVE_STRING_H
| # if !STDC_HEADERS && HAVE_MEMORY_H
| #  include <memory.h>
| # endif
| # include <string.h>
| #endif
| #if HAVE_STRINGS_H
| # include <strings.h>
| #endif
| #if HAVE_INTTYPES_H
| # include <inttypes.h>
| #else
| # if HAVE_STDINT_H
| #  include <stdint.h>
| # endif
| #endif
| #if HAVE_UNISTD_H
| # include <unistd.h>
| #endif
| 
| #include <stdint.h>
configure:3971: result: no
configure:3934: checking for unistd.h
configure:3951: gcc -c -g -O2  conftest.c >&5
configure:3954: $? = 0
configure:3957: test -s conftest.o
configure:3960: $? = 0
configure:3971: result: yes
configure:3993: checking minix/config.h usability
configure:4006: gcc -c -g -O2  conftest.c >&5
/files/abiword-2.2.8/libiconv/configure:4051: minix/config.h: No such file or directory
configure:4009: $? = 1
configure: failed program was:
| #line 3995 "configure"
| /* confdefs.h.  */
| 
| #define PACKAGE_NAME ""
| #define PACKAGE_TARNAME ""
| #define PACKAGE_VERSION ""
| #define PACKAGE_STRING ""
| #define PACKAGE_BUGREPORT ""
| #define PACKAGE "libiconv"
| #define VERSION "1.9"
| #define INSTALLPREFIX "/usr/local"
| #define ENABLE_EXTRA 1
| #define _GNU_SOURCE 1
| #define STDC_HEADERS 1
| #define HAVE_SYS_TYPES_H 1
| #define HAVE_SYS_STAT_H 1
| #define HAVE_STDLIB_H 1
| #define HAVE_STRING_H 1
| #define HAVE_MEMORY_H 1
| #define HAVE_STRINGS_H 1
| #define HAVE_INTTYPES_H 1
| #define HAVE_UNISTD_H 1
| /* end confdefs.h.  */
| #include <stdio.h>
| #if HAVE_SYS_TYPES_H
| # include <sys/types.h>
| #endif
| #if HAVE_SYS_STAT_H
| # include <sys/stat.h>
| #endif
| #if STDC_HEADERS
| # include <stdlib.h>
| # include <stddef.h>
| #else
| # if HAVE_STDLIB_H
| #  include <stdlib.h>
| # endif
| #endif
| #if HAVE_STRING_H
| # if !STDC_HEADERS && HAVE_MEMORY_H
| #  include <memory.h>
| # endif
| # include <string.h>
| #endif
| #if HAVE_STRINGS_H
| # include <strings.h>
| #endif
| #if HAVE_INTTYPES_H
| # include <inttypes.h>
| #else
| # if HAVE_STDINT_H
| #  include <stdint.h>
| # endif
| #endif
| #if HAVE_UNISTD_H
| # include <unistd.h>
| #endif
| #include <minix/config.h>
configure:4025: result: no
configure:4029: checking minix/config.h presence
configure:4040: gcc -E  conftest.c
/files/abiword-2.2.8/libiconv/configure:4053: minix/config.h: No such file or directory
configure:4046: $? = 1
configure: failed program was:
| #line 4031 "configure"
| /* confdefs.h.  */
| 
| #define PACKAGE_NAME ""
| #define PACKAGE_TARNAME ""
| #define PACKAGE_VERSION ""
| #define PACKAGE_STRING ""
| #define PACKAGE_BUGREPORT ""
| #define PACKAGE "libiconv"
| #define VERSION "1.9"
| #define INSTALLPREFIX "/usr/local"
| #define ENABLE_EXTRA 1
| #define _GNU_SOURCE 1
| #define STDC_HEADERS 1
| #define HAVE_SYS_TYPES_H 1
| #define HAVE_SYS_STAT_H 1
| #define HAVE_STDLIB_H 1
| #define HAVE_STRING_H 1
| #define HAVE_MEMORY_H 1
| #define HAVE_STRINGS_H 1
| #define HAVE_INTTYPES_H 1
| #define HAVE_UNISTD_H 1
| /* end confdefs.h.  */
| #include <minix/config.h>
configure:4065: result: no
configure:4101: checking for minix/config.h
configure:4108: result: no
configure:4138: checking for strerror in -lcposix
configure:4169: gcc -o conftest -g -O2   conftest.c -lcposix   >&5
/boot/develop/tools/gnupro/i586-pc-beos/bin/ld: cannot find -lcposix
collect2: ld returned 1 exit status
configure:4172: $? = 1
configure: failed program was:
| #line 4145 "configure"
| /* confdefs.h.  */
| 
| #define PACKAGE_NAME ""
| #define PACKAGE_TARNAME ""
| #define PACKAGE_VERSION ""
| #define PACKAGE_STRING ""
| #define PACKAGE_BUGREPORT ""
| #define PACKAGE "libiconv"
| #define VERSION "1.9"
| #define INSTALLPREFIX "/usr/local"
| #define ENABLE_EXTRA 1
| #define _GNU_SOURCE 1
| #define STDC_HEADERS 1
| #define HAVE_SYS_TYPES_H 1
| #define HAVE_SYS_STAT_H 1
| #define HAVE_STDLIB_H 1
| #define HAVE_STRING_H 1
| #define HAVE_MEMORY_H 1
| #define HAVE_STRINGS_H 1
| #define HAVE_INTTYPES_H 1
| #define HAVE_UNISTD_H 1
| /* end confdefs.h.  */
| 
| /* Override any gcc2 internal prototype to avoid an error.  */
| #ifdef __cplusplus
| extern "C"
| #endif
| /* We use char because int might match the return type of a gcc2
|    builtin and then its argument prototype would still apply.  */
| char strerror ();
| int
| main ()
| {
| strerror ();
|   ;
|   return 0;
| }
configure:4190: result: no
configure:4279: checking for a sed that does not truncate output
configure:4333: result: /bin/sed
configure:4347: checking for ld used by gcc
configure:4414: result: /boot/develop/tools/gnupro/i586-pc-beos/bin/ld
configure:4423: checking if the linker (/boot/develop/tools/gnupro/i586-pc-beos/bin/ld) is GNU ld
configure:4438: result: yes
configure:4443: checking for /boot/develop/tools/gnupro/i586-pc-beos/bin/ld option to reload object files
configure:4450: result: -r
configure:4459: checking for BSD-compatible nm
configure:4501: result: /boot/develop/tools/gnupro/bin/nm -B
configure:4505: checking how to recognise dependent libraries
configure:4705: result: pass_all
configure:5157: checking dlfcn.h usability
configure:5170: gcc -c -g -O2  conftest.c >&5
/files/abiword-2.2.8/libiconv/configure:5215: dlfcn.h: No such file or directory
configure:5173: $? = 1
configure: failed program was:
| #line 5159 "configure"
| /* confdefs.h.  */
| 
| #define PACKAGE_NAME ""
| #define PACKAGE_TARNAME ""
| #define PACKAGE_VERSION ""
| #define PACKAGE_STRING ""
| #define PACKAGE_BUGREPORT ""
| #define PACKAGE "libiconv"
| #define VERSION "1.9"
| #define INSTALLPREFIX "/usr/local"
| #define ENABLE_EXTRA 1
| #define _GNU_SOURCE 1
| #define STDC_HEADERS 1
| #define HAVE_SYS_TYPES_H 1
| #define HAVE_SYS_STAT_H 1
| #define HAVE_STDLIB_H 1
| #define HAVE_STRING_H 1
| #define HAVE_MEMORY_H 1
| #define HAVE_STRINGS_H 1
| #define HAVE_INTTYPES_H 1
| #define HAVE_UNISTD_H 1
| /* end confdefs.h.  */
| #include <stdio.h>
| #if HAVE_SYS_TYPES_H
| # include <sys/types.h>
| #endif
| #if HAVE_SYS_STAT_H
| # include <sys/stat.h>
| #endif
| #if STDC_HEADERS
| # include <stdlib.h>
| # include <stddef.h>
| #else
| # if HAVE_STDLIB_H
| #  include <stdlib.h>
| # endif
| #endif
| #if HAVE_STRING_H
| # if !STDC_HEADERS && HAVE_MEMORY_H
| #  include <memory.h>
| # endif
| # include <string.h>
| #endif
| #if HAVE_STRINGS_H
| # include <strings.h>
| #endif
| #if HAVE_INTTYPES_H
| # include <inttypes.h>
| #else
| # if HAVE_STDINT_H
| #  include <stdint.h>
| # endif
| #endif
| #if HAVE_UNISTD_H
| # include <unistd.h>
| #endif
| #include <dlfcn.h>
configure:5189: result: no
configure:5193: checking dlfcn.h presence
configure:5204: gcc -E  conftest.c
/files/abiword-2.2.8/libiconv/configure:5217: dlfcn.h: No such file or directory
configure:5210: $? = 1
configure: failed program was:
| #line 5195 "configure"
| /* confdefs.h.  */
| 
| #define PACKAGE_NAME ""
| #define PACKAGE_TARNAME ""
| #define PACKAGE_VERSION ""
| #define PACKAGE_STRING ""
| #define PACKAGE_BUGREPORT ""
| #define PACKAGE "libiconv"
| #define VERSION "1.9"
| #define INSTALLPREFIX "/usr/local"
| #define ENABLE_EXTRA 1
| #define _GNU_SOURCE 1
| #define STDC_HEADERS 1
| #define HAVE_SYS_TYPES_H 1
| #define HAVE_SYS_STAT_H 1
| #define HAVE_STDLIB_H 1
| #define HAVE_STRING_H 1
| #define HAVE_MEMORY_H 1
| #define HAVE_STRINGS_H 1
| #define HAVE_INTTYPES_H 1
| #define HAVE_UNISTD_H 1
| /* end confdefs.h.  */
| #include <dlfcn.h>
configure:5229: result: no
configure:5265: checking for dlfcn.h
configure:5272: result: no
configure:5337: checking for g++
configure:5353: found /boot/develop/tools/gnupro/bin/g++
configure:5363: result: g++
configure:5379: checking for C++ compiler version
configure:5382: g++ --version </dev/null >&5
2.95.3-beos-041202
configure:5385: $? = 0
configure:5387: g++ -v </dev/null >&5
using priority 5
Reading specs from /boot/develop/tools/gnupro/lib/gcc-lib/i586-pc-beos/2.95.3-beos-041202/specs
gcc version 2.95.3-beos-041202
configure:5390: $? = 0
configure:5392: g++ -V </dev/null >&5
g++: argument to `-V' missing

configure:5395: $? = 1
configure:5398: checking whether we are using the GNU C++ compiler
configure:5423: g++ -c   conftest.cc >&5
configure:5426: $? = 0
configure:5429: test -s conftest.o
configure:5432: $? = 0
configure:5445: result: yes
configure:5451: checking whether g++ accepts -g
configure:5473: g++ -c -g  conftest.cc >&5
configure:5476: $? = 0
configure:5479: test -s conftest.o
configure:5482: $? = 0
configure:5493: result: yes
configure:5537: g++ -c -g -O2  conftest.cc >&5
configure:5540: $? = 0
configure:5543: test -s conftest.o
configure:5546: $? = 0
configure:5573: g++ -c -g -O2  conftest.cc >&5
configure:5576: $? = 0
configure:5579: test -s conftest.o
configure:5582: $? = 0
configure:5607: checking dependency style of g++
configure:5675: result: none
configure:5697: checking how to run the C++ preprocessor
configure:5729: g++ -E  conftest.cc
configure:5735: $? = 0
configure:5767: g++ -E  conftest.cc
/files/abiword-2.2.8/libiconv/configure:5780: ac_nonexistent.h: No such file or directory
configure:5773: $? = 1
configure: failed program was:
| #line 5758 "configure"
| /* confdefs.h.  */
| 
| #define PACKAGE_NAME ""
| #define PACKAGE_TARNAME ""
| #define PACKAGE_VERSION ""
| #define PACKAGE_STRING ""
| #define PACKAGE_BUGREPORT ""
| #define PACKAGE "libiconv"
| #define VERSION "1.9"
| #define INSTALLPREFIX "/usr/local"
| #define ENABLE_EXTRA 1
| #define _GNU_SOURCE 1
| #define STDC_HEADERS 1
| #define HAVE_SYS_TYPES_H 1
| #define HAVE_SYS_STAT_H 1
| #define HAVE_STDLIB_H 1
| #define HAVE_STRING_H 1
| #define HAVE_MEMORY_H 1
| #define HAVE_STRINGS_H 1
| #define HAVE_INTTYPES_H 1
| #define HAVE_UNISTD_H 1
| /* end confdefs.h.  */
| #include <ac_nonexistent.h>
configure:5811: result: g++ -E
configure:5836: g++ -E  conftest.cc
configure:5842: $? = 0
configure:5874: g++ -E  conftest.cc
/files/abiword-2.2.8/libiconv/configure:5887: ac_nonexistent.h: No such file or directory
configure:5880: $? = 1
configure: failed program was:
| #line 5865 "configure"
| /* confdefs.h.  */
| 
| #define PACKAGE_NAME ""
| #define PACKAGE_TARNAME ""
| #define PACKAGE_VERSION ""
| #define PACKAGE_STRING ""
| #define PACKAGE_BUGREPORT ""
| #define PACKAGE "libiconv"
| #define VERSION "1.9"
| #define INSTALLPREFIX "/usr/local"
| #define ENABLE_EXTRA 1
| #define _GNU_SOURCE 1
| #define STDC_HEADERS 1
| #define HAVE_SYS_TYPES_H 1
| #define HAVE_SYS_STAT_H 1
| #define HAVE_STDLIB_H 1
| #define HAVE_STRING_H 1
| #define HAVE_MEMORY_H 1
| #define HAVE_STRINGS_H 1
| #define HAVE_INTTYPES_H 1
| #define HAVE_UNISTD_H 1
| /* end confdefs.h.  */
| #include <ac_nonexistent.h>
configure:5974: checking for g77
configure:6003: result: no
configure:5974: checking for f77
configure:6003: result: no
configure:5974: checking for xlf
configure:6003: result: no
configure:5974: checking for frt
configure:6003: result: no
configure:5974: checking for pgf77
configure:6003: result: no
configure:5974: checking for fl32
configure:6003: result: no
configure:5974: checking for af77
configure:6003: result: no
configure:5974: checking for fort77
configure:6003: result: no
configure:5974: checking for f90
configure:6003: result: no
configure:5974: checking for xlf90
configure:6003: result: no
configure:5974: checking for pgf90
configure:6003: result: no
configure:5974: checking for epcf90
configure:6003: result: no
configure:5974: checking for f95
configure:6003: result: no
configure:5974: checking for fort
configure:6003: result: no
configure:5974: checking for xlf95
configure:6003: result: no
configure:5974: checking for lf95
configure:6003: result: no
configure:5974: checking for g95
configure:6003: result: no
configure:6018: checking for Fortran 77 compiler version
configure:6018:  --version </dev/null >&5
../libiconv/configure: --version: command not found
configure:6021: $? = 127
configure:6023:  -v </dev/null >&5
../libiconv/configure: -v: command not found
configure:6026: $? = 127
configure:6028:  -V </dev/null >&5
../libiconv/configure: -V: command not found
configure:6031: $? = 127
configure:6038: checking whether we are using the GNU Fortran 77 compiler
configure:6052:  -c  conftest.F >&5
../libiconv/configure: -c: command not found
configure:6055: $? = 127
configure: failed program was:
|       program main
| #ifndef __GNUC__
|        choke me
| #endif
| 
|       end
configure:6074: result: no
configure:6081: checking whether  accepts -g
configure:6093:  -c -g conftest.f >&5
../libiconv/configure: -c: command not found
configure:6096: $? = 127
configure: failed program was:
|       program main
| 
|       end
configure:6114: result: no
configure:6142: checking the maximum length of command line arguments
configure:6201: result: 262144
configure:6212: checking command to parse /boot/develop/tools/gnupro/bin/nm -B output from gcc object
configure:6301: gcc -c -g -O2  conftest.c >&5
configure:6304: $? = 0
configure:6308: /boot/develop/tools/gnupro/bin/nm -B conftest.o \| sed -n -e 's/^.*[ 	]\([ABCDGISTW][ABCDGISTW]*\)[ 	][ 	]*\(\)\([_A-Za-z][_A-Za-z0-9]*\)$/\1 \2\3 \3/p' \> conftest.nm
configure:6311: $? = 0
configure:6363: gcc -o conftest -g -O2   conftest.c conftstm.o >&5
configure:6366: $? = 0
configure:6404: result: ok
configure:6408: checking for objdir
configure:6423: result: .libs
configure:6513: checking for ar
configure:6529: found /boot/develop/tools/gnupro/bin/ar
configure:6540: result: ar
configure:6593: checking for ranlib
configure:6620: result: ranlib
configure:6673: checking for strip
configure:6689: found /boot/develop/tools/gnupro/bin/strip
configure:6700: result: strip
configure:6962: checking if gcc static flag  works
configure:6985: result: yes
configure:7002: checking if gcc supports -fno-rtti -fno-exceptions
configure:7023: gcc -c -g -O2  -fno-rtti -fno-exceptions conftest.c >&5
configure:7027: $? = 0
configure:7035: result: yes
configure:7050: checking for gcc option to produce PIC
configure:7227: result: 
configure:7291: checking if gcc supports -c -o file.o
configure:7322: gcc -c -g -O2  -o out/conftest2.o conftest.c >&5
configure:7326: $? = 0
configure:7340: result: yes
configure:7366: checking whether the gcc linker (/boot/develop/tools/gnupro/i586-pc-beos/bin/ld) supports shared libraries
configure:8160: result: yes
configure:8231: checking how to hardcode library paths into programs
configure:8256: result: immediate
configure:8270: checking whether stripping libraries is possible
configure:8275: result: yes
configure:8297: checking dynamic linker characteristics
configure:8820: result: beos ld.so
configure:9546: checking if libtool supports shared libraries
configure:9548: result: yes
configure:9551: checking whether to build shared libraries
configure:9600: result: no
configure:9603: checking whether to build static libraries
configure:9607: result: yes
configure:9698: creating libtool
configure:10242: checking for ld used by g++
configure:10309: result: /boot/develop/tools/gnupro/i586-pc-beos/bin/ld
configure:10318: checking if the linker (/boot/develop/tools/gnupro/i586-pc-beos/bin/ld) is GNU ld
configure:10333: result: yes
configure:10384: checking whether the g++ linker (/boot/develop/tools/gnupro/i586-pc-beos/bin/ld) supports shared libraries
configure:11179: result: no
configure:11197: g++ -c -g -O2  conftest.cc >&5
configure:11200: $? = 0
configure:11296: checking for g++ option to produce PIC
configure:11548: result: 
configure:11612: checking if g++ supports -c -o file.o
configure:11643: g++ -c -g -O2  -o out/conftest2.o conftest.cc >&5
configure:11647: $? = 0
configure:11661: result: yes
configure:11687: checking whether the g++ linker (/boot/develop/tools/gnupro/i586-pc-beos/bin/ld) supports shared libraries
configure:11712: result: no
configure:11783: checking how to hardcode library paths into programs
configure:11808: result: immediate
configure:11822: checking whether stripping libraries is possible
configure:11827: result: yes
configure:11849: checking dynamic linker characteristics
configure:12372: result: beos ld.so
configure:19278: checking for shared library run path origin
configure:19291: result: done
configure:19721: checking for iconv
configure:19749: gcc -o conftest -g -O2   conftest.c  >&5
/files/abiword-2.2.8/libiconv/configure:19752: iconv.h: No such file or directory
configure:19752: $? = 1
configure: failed program was:
| #line 19729 "configure"
| /* confdefs.h.  */
| 
| #define PACKAGE_NAME ""
| #define PACKAGE_TARNAME ""
| #define PACKAGE_VERSION ""
| #define PACKAGE_STRING ""
| #define PACKAGE_BUGREPORT ""
| #define PACKAGE "libiconv"
| #define VERSION "1.9"
| #define INSTALLPREFIX "/usr/local"
| #define ENABLE_EXTRA 1
| #define _GNU_SOURCE 1
| #define STDC_HEADERS 1
| #define HAVE_SYS_TYPES_H 1
| #define HAVE_SYS_STAT_H 1
| #define HAVE_STDLIB_H 1
| #define HAVE_STRING_H 1
| #define HAVE_MEMORY_H 1
| #define HAVE_STRINGS_H 1
| #define HAVE_INTTYPES_H 1
| #define HAVE_UNISTD_H 1
| /* end confdefs.h.  */
| #include <stdlib.h>
| #include <iconv.h>
| int
| main ()
| {
| iconv_t cd = iconv_open("","");
|        iconv(cd,NULL,NULL,NULL,NULL);
|        iconv_close(cd);
|   ;
|   return 0;
| }
configure:19790: gcc -o conftest -g -O2   conftest.c  -liconv >&5
/files/abiword-2.2.8/libiconv/configure:19793: iconv.h: No such file or directory
configure:19793: $? = 1
configure: failed program was:
| #line 19770 "configure"
| /* confdefs.h.  */
| 
| #define PACKAGE_NAME ""
| #define PACKAGE_TARNAME ""
| #define PACKAGE_VERSION ""
| #define PACKAGE_STRING ""
| #define PACKAGE_BUGREPORT ""
| #define PACKAGE "libiconv"
| #define VERSION "1.9"
| #define INSTALLPREFIX "/usr/local"
| #define ENABLE_EXTRA 1
| #define _GNU_SOURCE 1
| #define STDC_HEADERS 1
| #define HAVE_SYS_TYPES_H 1
| #define HAVE_SYS_STAT_H 1
| #define HAVE_STDLIB_H 1
| #define HAVE_STRING_H 1
| #define HAVE_MEMORY_H 1
| #define HAVE_STRINGS_H 1
| #define HAVE_INTTYPES_H 1
| #define HAVE_UNISTD_H 1
| /* end confdefs.h.  */
| #include <stdlib.h>
| #include <iconv.h>
| int
| main ()
| {
| iconv_t cd = iconv_open("","");
|          iconv(cd,NULL,NULL,NULL,NULL);
|          iconv_close(cd);
|   ;
|   return 0;
| }
configure:19813: result: no, consider installing GNU libiconv
configure:19919: checking whether NLS is requested
configure:19928: result: yes
configure:19966: checking for msgfmt
configure:19997: result: /boot/home/config/bin/msgfmt
configure:20006: checking for gmsgfmt
configure:20037: result: /boot/home/config/bin/msgfmt
configure:20076: checking for xgettext
configure:20107: result: /boot/home/config/bin/xgettext
configure:20147: checking for msgmerge
configure:20177: result: /boot/home/config/bin/msgmerge
configure:20228: checking whether NLS is requested
configure:20237: result: yes
configure:20255: checking for GNU gettext in libc
configure:20280: gcc -o conftest -g -O2   conftest.c  >&5
/files/abiword-2.2.8/libiconv/configure:20282: libintl.h: No such file or directory
configure:20283: $? = 1
configure: failed program was:
| #line 20260 "configure"
| /* confdefs.h.  */
| 
| #define PACKAGE_NAME ""
| #define PACKAGE_TARNAME ""
| #define PACKAGE_VERSION ""
| #define PACKAGE_STRING ""
| #define PACKAGE_BUGREPORT ""
| #define PACKAGE "libiconv"
| #define VERSION "1.9"
| #define INSTALLPREFIX "/usr/local"
| #define ENABLE_EXTRA 1
| #define _GNU_SOURCE 1
| #define STDC_HEADERS 1
| #define HAVE_SYS_TYPES_H 1
| #define HAVE_SYS_STAT_H 1
| #define HAVE_STDLIB_H 1
| #define HAVE_STRING_H 1
| #define HAVE_MEMORY_H 1
| #define HAVE_STRINGS_H 1
| #define HAVE_INTTYPES_H 1
| #define HAVE_UNISTD_H 1
| /* end confdefs.h.  */
| #include <libintl.h>
| extern int _nl_msg_cat_cntr;
| extern int *_nl_domain_bindings;
| int
| main ()
| {
| bindtextdomain ("", "");
| return (int) gettext ("") + _nl_msg_cat_cntr + *_nl_domain_bindings
|   ;
|   return 0;
| }
configure:20300: result: no
configure:20334: checking for iconv
configure:20426: result: no, consider installing GNU libiconv
configure:20827: checking for GNU gettext in libintl
configure:20860: gcc -o conftest -g -O2    conftest.c  -lintl >&5
/files/abiword-2.2.8/libiconv/configure:20858: libintl.h: No such file or directory
configure:20863: $? = 1
configure: failed program was:
| #line 20836 "configure"
| /* confdefs.h.  */
| 
| #define PACKAGE_NAME ""
| #define PACKAGE_TARNAME ""
| #define PACKAGE_VERSION ""
| #define PACKAGE_STRING ""
| #define PACKAGE_BUGREPORT ""
| #define PACKAGE "libiconv"
| #define VERSION "1.9"
| #define INSTALLPREFIX "/usr/local"
| #define ENABLE_EXTRA 1
| #define _GNU_SOURCE 1
| #define STDC_HEADERS 1
| #define HAVE_SYS_TYPES_H 1
| #define HAVE_SYS_STAT_H 1
| #define HAVE_STDLIB_H 1
| #define HAVE_STRING_H 1
| #define HAVE_MEMORY_H 1
| #define HAVE_STRINGS_H 1
| #define HAVE_INTTYPES_H 1
| #define HAVE_UNISTD_H 1
| /* end confdefs.h.  */
| #include <libintl.h>
| extern int _nl_msg_cat_cntr;
| extern
| #ifdef __cplusplus
| "C"
| #endif
| const char *_nl_expand_alias ();
| int
| main ()
| {
| bindtextdomain ("", "");
| return (int) gettext ("") + _nl_msg_cat_cntr + *_nl_expand_alias (0)
|   ;
|   return 0;
| }
configure:20930: result: no
configure:20959: checking whether to use NLS
configure:20961: result: no
configure:21038: checking for ANSI C header files
configure:21185: result: yes
configure:21212: checking locale.h usability
configure:21225: gcc -c -g -O2  conftest.c >&5
configure:21228: $? = 0
configure:21231: test -s conftest.o
configure:21234: $? = 0
configure:21244: result: yes
configure:21248: checking locale.h presence
configure:21259: gcc -E  conftest.c
configure:21265: $? = 0
configure:21284: result: yes
configure:21320: checking for locale.h
configure:21327: result: yes
configure:21212: checking stddef.h usability
configure:21225: gcc -c -g -O2  conftest.c >&5
configure:21228: $? = 0
configure:21231: test -s conftest.o
configure:21234: $? = 0
configure:21244: result: yes
configure:21248: checking stddef.h presence
configure:21259: gcc -E  conftest.c
configure:21265: $? = 0
configure:21284: result: yes
configure:21320: checking for stddef.h
configure:21327: result: yes
configure:21203: checking for stdlib.h
configure:21208: result: yes
configure:21203: checking for string.h
configure:21208: result: yes
configure:21348: checking for stdlib.h
configure:21353: result: yes
configure:21486: checking for mbstate_t
configure:21512: gcc -c -g -O2  conftest.c >&5
/files/abiword-2.2.8/libiconv/configure: In function `main':
/files/abiword-2.2.8/libiconv/configure:21527: `mbstate_t' undeclared (first use in this function)
/files/abiword-2.2.8/libiconv/configure:21527: (Each undeclared identifier is reported only once
/files/abiword-2.2.8/libiconv/configure:21527: for each function it appears in.)
/files/abiword-2.2.8/libiconv/configure:21527: parse error before `x'
/files/abiword-2.2.8/libiconv/configure:21527: `x' undeclared (first use in this function)
configure:21515: $? = 1
configure: failed program was:
| #line 21491 "configure"
| /* confdefs.h.  */
| 
| #define PACKAGE_NAME ""
| #define PACKAGE_TARNAME ""
| #define PACKAGE_VERSION ""
| #define PACKAGE_STRING ""
| #define PACKAGE_BUGREPORT ""
| #define PACKAGE "libiconv"
| #define VERSION "1.9"
| #define INSTALLPREFIX "/usr/local"
| #define ENABLE_EXTRA 1
| #define _GNU_SOURCE 1
| #define STDC_HEADERS 1
| #define HAVE_SYS_TYPES_H 1
| #define HAVE_SYS_STAT_H 1
| #define HAVE_STDLIB_H 1
| #define HAVE_STRING_H 1
| #define HAVE_MEMORY_H 1
| #define HAVE_STRINGS_H 1
| #define HAVE_INTTYPES_H 1
| #define HAVE_UNISTD_H 1
| #define STDC_HEADERS 1
| #define HAVE_LOCALE_H 1
| #define HAVE_STDDEF_H 1
| #define HAVE_STDLIB_H 1
| #define HAVE_STRING_H 1
| #define HAVE_STDLIB_H 1
| /* end confdefs.h.  */
| 
| #if HAVE_STDLIB_H
| # include <stdlib.h>
| #endif
| #include <wchar.h>
| int
| main ()
| {
| mbstate_t x; return sizeof x;
|   ;
|   return 0;
| }
configure:21532: result: no
configure:21558: checking for getc_unlocked
configure:21608: gcc -o conftest -g -O2   conftest.c  >&5
configure:21611: $? = 0
configure:21614: test -s conftest
configure:21617: $? = 0
configure:21628: result: yes
configure:21558: checking for mbrtowc
configure:21608: gcc -o conftest -g -O2   conftest.c  >&5
configure:21611: $? = 0
configure:21614: test -s conftest
configure:21617: $? = 0
configure:21628: result: yes
configure:21558: checking for wcrtomb
configure:21608: gcc -o conftest -g -O2   conftest.c  >&5
configure:21611: $? = 0
configure:21614: test -s conftest
configure:21617: $? = 0
configure:21628: result: yes
configure:21558: checking for mbsinit
configure:21608: gcc -o conftest -g -O2   conftest.c  >&5
configure:21611: $? = 0
configure:21614: test -s conftest
configure:21617: $? = 0
configure:21628: result: yes
configure:21558: checking for setlocale
configure:21608: gcc -o conftest -g -O2   conftest.c  >&5
configure:21611: $? = 0
configure:21614: test -s conftest
configure:21617: $? = 0
configure:21628: result: yes
configure:21642: checking for memmove
configure:21692: gcc -o conftest -g -O2   conftest.c  >&5
configure:21695: $? = 0
configure:21698: test -s conftest
configure:21701: $? = 0
configure:21712: result: yes
configure:21727: checking for nl_langinfo and CODESET
configure:21749: gcc -o conftest -g -O2   conftest.c  >&5
/files/abiword-2.2.8/libiconv/configure:21767: langinfo.h: No such file or directory
configure:21752: $? = 1
configure: failed program was:
| #line 21732 "configure"
| /* confdefs.h.  */
| 
| #define PACKAGE_NAME ""
| #define PACKAGE_TARNAME ""
| #define PACKAGE_VERSION ""
| #define PACKAGE_STRING ""
| #define PACKAGE_BUGREPORT ""
| #define PACKAGE "libiconv"
| #define VERSION "1.9"
| #define INSTALLPREFIX "/usr/local"
| #define ENABLE_EXTRA 1
| #define _GNU_SOURCE 1
| #define STDC_HEADERS 1
| #define HAVE_SYS_TYPES_H 1
| #define HAVE_SYS_STAT_H 1
| #define HAVE_STDLIB_H 1
| #define HAVE_STRING_H 1
| #define HAVE_MEMORY_H 1
| #define HAVE_STRINGS_H 1
| #define HAVE_INTTYPES_H 1
| #define HAVE_UNISTD_H 1
| #define STDC_HEADERS 1
| #define HAVE_LOCALE_H 1
| #define HAVE_STDDEF_H 1
| #define HAVE_STDLIB_H 1
| #define HAVE_STRING_H 1
| #define HAVE_STDLIB_H 1
| #define mbstate_t int
| #define HAVE_GETC_UNLOCKED 1
| #define HAVE_MBRTOWC 1
| #define HAVE_WCRTOMB 1
| #define HAVE_MBSINIT 1
| #define HAVE_SETLOCALE 1
| #define HAVE_MEMMOVE 1
| /* end confdefs.h.  */
| #include <langinfo.h>
| int
| main ()
| {
| char* cs = nl_langinfo(CODESET);
|   ;
|   return 0;
| }
configure:21770: result: no
configure:21797: checking wchar.h usability
configure:21810: gcc -c -g -O2  conftest.c >&5
configure:21813: $? = 0
configure:21816: test -s conftest.o
configure:21819: $? = 0
configure:21829: result: yes
configure:21833: checking wchar.h presence
configure:21844: gcc -E  conftest.c
configure:21850: $? = 0
configure:21869: result: yes
configure:21905: checking for wchar.h
configure:21912: result: yes
configure:21926: checking for EILSEQ
configure:22315: result: yes
configure:22328: checking byte ordering
configure:22357: gcc -o conftest -g -O2   conftest.c  >&5
configure:22360: $? = 0
configure:22362: ./conftest
configure:22365: $? = 1
configure: program exited with status 1
configure: failed program was:
| #line 22338 "configure"
| /* confdefs.h.  */
| 
| #define PACKAGE_NAME ""
| #define PACKAGE_TARNAME ""
| #define PACKAGE_VERSION ""
| #define PACKAGE_STRING ""
| #define PACKAGE_BUGREPORT ""
| #define PACKAGE "libiconv"
| #define VERSION "1.9"
| #define INSTALLPREFIX "/usr/local"
| #define ENABLE_EXTRA 1
| #define _GNU_SOURCE 1
| #define STDC_HEADERS 1
| #define HAVE_SYS_TYPES_H 1
| #define HAVE_SYS_STAT_H 1
| #define HAVE_STDLIB_H 1
| #define HAVE_STRING_H 1
| #define HAVE_MEMORY_H 1
| #define HAVE_STRINGS_H 1
| #define HAVE_INTTYPES_H 1
| #define HAVE_UNISTD_H 1
| #define STDC_HEADERS 1
| #define HAVE_LOCALE_H 1
| #define HAVE_STDDEF_H 1
| #define HAVE_STDLIB_H 1
| #define HAVE_STRING_H 1
| #define HAVE_STDLIB_H 1
| #define mbstate_t int
| #define HAVE_GETC_UNLOCKED 1
| #define HAVE_MBRTOWC 1
| #define HAVE_WCRTOMB 1
| #define HAVE_MBSINIT 1
| #define HAVE_SETLOCALE 1
| #define HAVE_MEMMOVE 1
| #define HAVE_WCHAR_H 1
| /* end confdefs.h.  */
| int main () {
|   /* Are we little or big endian?  From Harbison&Steele.  */
|   union
|   {
|     long l;
|     char c[sizeof (long)];
|   } u;
|   u.l = 1;
|   exit (u.c[0] == 1);
| }
configure:22423: result: little endian
configure:22438: checking for working alloca.h
configure:22460: gcc -o conftest -g -O2   conftest.c  >&5
configure:22463: $? = 0
configure:22466: test -s conftest
configure:22469: $? = 0
configure:22480: result: yes
configure:22490: checking for alloca
configure:22532: gcc -o conftest -g -O2   conftest.c  >&5
configure:22535: $? = 0
configure:22538: test -s conftest
configure:22541: $? = 0
configure:22552: result: yes
configure:22765: checking for stdlib.h
configure:22770: result: yes
configure:22909: checking for string.h
configure:22914: result: yes
configure:23107: checking sys/param.h usability
configure:23120: gcc -c -g -O2  conftest.c >&5
configure:23123: $? = 0
configure:23126: test -s conftest.o
configure:23129: $? = 0
configure:23139: result: yes
configure:23143: checking sys/param.h presence
configure:23154: gcc -E  conftest.c
configure:23160: $? = 0
configure:23179: result: yes
configure:23215: checking for sys/param.h
configure:23222: result: yes
configure:23242: checking for unistd.h
configure:23247: result: yes
configure:23385: checking for canonicalize_file_name
configure:23435: gcc -o conftest -g -O2   conftest.c  >&5
/tmp/ccJUKNPu.o(.text+0x18): In function `main':
/files/abiword-2.2.8/libiconv/configure:23465: undefined reference to `canonicalize_file_name'
/tmp/ccJUKNPu.o(.data+0x0):/files/abiword-2.2.8/libiconv/configure:23465: undefined reference to `canonicalize_file_name'
collect2: ld returned 1 exit status
configure:23438: $? = 1
configure: failed program was:
| #line 23390 "configure"
| /* confdefs.h.  */
| 
| #define PACKAGE_NAME ""
| #define PACKAGE_TARNAME ""
| #define PACKAGE_VERSION ""
| #define PACKAGE_STRING ""
| #define PACKAGE_BUGREPORT ""
| #define PACKAGE "libiconv"
| #define VERSION "1.9"
| #define INSTALLPREFIX "/usr/local"
| #define ENABLE_EXTRA 1
| #define _GNU_SOURCE 1
| #define STDC_HEADERS 1
| #define HAVE_SYS_TYPES_H 1
| #define HAVE_SYS_STAT_H 1
| #define HAVE_STDLIB_H 1
| #define HAVE_STRING_H 1
| #define HAVE_MEMORY_H 1
| #define HAVE_STRINGS_H 1
| #define HAVE_INTTYPES_H 1
| #define HAVE_UNISTD_H 1
| #define STDC_HEADERS 1
| #define HAVE_LOCALE_H 1
| #define HAVE_STDDEF_H 1
| #define HAVE_STDLIB_H 1
| #define HAVE_STRING_H 1
| #define HAVE_STDLIB_H 1
| #define mbstate_t int
| #define HAVE_GETC_UNLOCKED 1
| #define HAVE_MBRTOWC 1
| #define HAVE_WCRTOMB 1
| #define HAVE_MBSINIT 1
| #define HAVE_SETLOCALE 1
| #define HAVE_MEMMOVE 1
| #define HAVE_WCHAR_H 1
| #define WORDS_LITTLEENDIAN 1
| #define HAVE_ALLOCA_H 1
| #define HAVE_ALLOCA 1
| #define HAVE_STDLIB_H 1
| #define HAVE_STRING_H 1
| #define HAVE_SYS_PARAM_H 1
| #define HAVE_UNISTD_H 1
| /* end confdefs.h.  */
| /* System header to define __stub macros and hopefully few prototypes,
|     which can conflict with char canonicalize_file_name (); below.
|     Prefer <limits.h> to <assert.h> if __STDC__ is defined, since
|     <limits.h> exists even on freestanding compilers.  */
| #ifdef __STDC__
| # include <limits.h>
| #else
| # include <assert.h>
| #endif
| /* Override any gcc2 internal prototype to avoid an error.  */
| #ifdef __cplusplus
| extern "C"
| {
| #endif
| /* We use char because int might match the return type of a gcc2
|    builtin and then its argument prototype would still apply.  */
| char canonicalize_file_name ();
| /* The GNU C library defines this for functions which it implements
|     to always fail with ENOSYS.  Some functions are actually named
|     something starting with __ and the normal name is an alias.  */
| #if defined (__stub_canonicalize_file_name) || defined (__stub___canonicalize_file_name)
| choke me
| #else
| char (*f) () = canonicalize_file_name;
| #endif
| #ifdef __cplusplus
| }
| #endif
| 
| int
| main ()
| {
| return f != canonicalize_file_name;
|   ;
|   return 0;
| }
configure:23455: result: no
configure:23487: checking for getcwd
configure:23537: gcc -o conftest -g -O2   conftest.c  >&5
configure:23540: $? = 0
configure:23543: test -s conftest
configure:23546: $? = 0
configure:23557: result: yes
configure:23571: checking whether clearerr_unlocked is declared
configure:23596: gcc -c -g -O2  conftest.c >&5
configure:23599: $? = 0
configure:23602: test -s conftest.o
configure:23605: $? = 0
configure:23616: result: yes
configure:23636: checking whether feof_unlocked is declared
configure:23661: gcc -c -g -O2  conftest.c >&5
configure:23664: $? = 0
configure:23667: test -s conftest.o
configure:23670: $? = 0
configure:23681: result: yes
configure:23701: checking whether ferror_unlocked is declared
configure:23726: gcc -c -g -O2  conftest.c >&5
configure:23729: $? = 0
configure:23732: test -s conftest.o
configure:23735: $? = 0
configure:23746: result: yes
configure:23766: checking whether fflush_unlocked is declared
configure:23791: gcc -c -g -O2  conftest.c >&5
configure:23794: $? = 0
configure:23797: test -s conftest.o
configure:23800: $? = 0
configure:23811: result: yes
configure:23831: checking whether fgets_unlocked is declared
configure:23856: gcc -c -g -O2  conftest.c >&5
/files/abiword-2.2.8/libiconv/configure: In function `main':
/files/abiword-2.2.8/libiconv/configure:23923: `fgets_unlocked' undeclared (first use in this function)
/files/abiword-2.2.8/libiconv/configure:23923: (Each undeclared identifier is reported only once
/files/abiword-2.2.8/libiconv/configure:23923: for each function it appears in.)
configure:23859: $? = 1
configure: failed program was:
| #line 23836 "configure"
| /* confdefs.h.  */
| 
| #define PACKAGE_NAME ""
| #define PACKAGE_TARNAME ""
| #define PACKAGE_VERSION ""
| #define PACKAGE_STRING ""
| #define PACKAGE_BUGREPORT ""
| #define PACKAGE "libiconv"
| #define VERSION "1.9"
| #define INSTALLPREFIX "/usr/local"
| #define ENABLE_EXTRA 1
| #define _GNU_SOURCE 1
| #define STDC_HEADERS 1
| #define HAVE_SYS_TYPES_H 1
| #define HAVE_SYS_STAT_H 1
| #define HAVE_STDLIB_H 1
| #define HAVE_STRING_H 1
| #define HAVE_MEMORY_H 1
| #define HAVE_STRINGS_H 1
| #define HAVE_INTTYPES_H 1
| #define HAVE_UNISTD_H 1
| #define STDC_HEADERS 1
| #define HAVE_LOCALE_H 1
| #define HAVE_STDDEF_H 1
| #define HAVE_STDLIB_H 1
| #define HAVE_STRING_H 1
| #define HAVE_STDLIB_H 1
| #define mbstate_t int
| #define HAVE_GETC_UNLOCKED 1
| #define HAVE_MBRTOWC 1
| #define HAVE_WCRTOMB 1
| #define HAVE_MBSINIT 1
| #define HAVE_SETLOCALE 1
| #define HAVE_MEMMOVE 1
| #define HAVE_WCHAR_H 1
| #define WORDS_LITTLEENDIAN 1
| #define HAVE_ALLOCA_H 1
| #define HAVE_ALLOCA 1
| #define HAVE_STDLIB_H 1
| #define HAVE_STRING_H 1
| #define HAVE_SYS_PARAM_H 1
| #define HAVE_UNISTD_H 1
| #define realpath rpl_realpath
| #define HAVE_GETCWD 1
| #define HAVE_DECL_CLEARERR_UNLOCKED 1
| #define HAVE_DECL_FEOF_UNLOCKED 1
| #define HAVE_DECL_FERROR_UNLOCKED 1
| #define HAVE_DECL_FFLUSH_UNLOCKED 1
| /* end confdefs.h.  */
| #include <stdio.h>
| #if HAVE_SYS_TYPES_H
| # include <sys/types.h>
| #endif
| #if HAVE_SYS_STAT_H
| # include <sys/stat.h>
| #endif
| #if STDC_HEADERS
| # include <stdlib.h>
| # include <stddef.h>
| #else
| # if HAVE_STDLIB_H
| #  include <stdlib.h>
| # endif
| #endif
| #if HAVE_STRING_H
| # if !STDC_HEADERS && HAVE_MEMORY_H
| #  include <memory.h>
| # endif
| # include <string.h>
| #endif
| #if HAVE_STRINGS_H
| # include <strings.h>
| #endif
| #if HAVE_INTTYPES_H
| # include <inttypes.h>
| #else
| # if HAVE_STDINT_H
| #  include <stdint.h>
| # endif
| #endif
| #if HAVE_UNISTD_H
| # include <unistd.h>
| #endif
| int
| main ()
| {
| #ifndef fgets_unlocked
|   char *p = (char *) fgets_unlocked;
| #endif
| 
|   ;
|   return 0;
| }
configure:23876: result: no
configure:23896: checking whether fputc_unlocked is declared
configure:23921: gcc -c -g -O2  conftest.c >&5
configure:23924: $? = 0
configure:23927: test -s conftest.o
configure:23930: $? = 0
configure:23941: result: yes
configure:23961: checking whether fputs_unlocked is declared
configure:23986: gcc -c -g -O2  conftest.c >&5
/files/abiword-2.2.8/libiconv/configure: In function `main':
/files/abiword-2.2.8/libiconv/configure:24055: `fputs_unlocked' undeclared (first use in this function)
/files/abiword-2.2.8/libiconv/configure:24055: (Each undeclared identifier is reported only once
/files/abiword-2.2.8/libiconv/configure:24055: for each function it appears in.)
configure:23989: $? = 1
configure: failed program was:
| #line 23966 "configure"
| /* confdefs.h.  */
| 
| #define PACKAGE_NAME ""
| #define PACKAGE_TARNAME ""
| #define PACKAGE_VERSION ""
| #define PACKAGE_STRING ""
| #define PACKAGE_BUGREPORT ""
| #define PACKAGE "libiconv"
| #define VERSION "1.9"
| #define INSTALLPREFIX "/usr/local"
| #define ENABLE_EXTRA 1
| #define _GNU_SOURCE 1
| #define STDC_HEADERS 1
| #define HAVE_SYS_TYPES_H 1
| #define HAVE_SYS_STAT_H 1
| #define HAVE_STDLIB_H 1
| #define HAVE_STRING_H 1
| #define HAVE_MEMORY_H 1
| #define HAVE_STRINGS_H 1
| #define HAVE_INTTYPES_H 1
| #define HAVE_UNISTD_H 1
| #define STDC_HEADERS 1
| #define HAVE_LOCALE_H 1
| #define HAVE_STDDEF_H 1
| #define HAVE_STDLIB_H 1
| #define HAVE_STRING_H 1
| #define HAVE_STDLIB_H 1
| #define mbstate_t int
| #define HAVE_GETC_UNLOCKED 1
| #define HAVE_MBRTOWC 1
| #define HAVE_WCRTOMB 1
| #define HAVE_MBSINIT 1
| #define HAVE_SETLOCALE 1
| #define HAVE_MEMMOVE 1
| #define HAVE_WCHAR_H 1
| #define WORDS_LITTLEENDIAN 1
| #define HAVE_ALLOCA_H 1
| #define HAVE_ALLOCA 1
| #define HAVE_STDLIB_H 1
| #define HAVE_STRING_H 1
| #define HAVE_SYS_PARAM_H 1
| #define HAVE_UNISTD_H 1
| #define realpath rpl_realpath
| #define HAVE_GETCWD 1
| #define HAVE_DECL_CLEARERR_UNLOCKED 1
| #define HAVE_DECL_FEOF_UNLOCKED 1
| #define HAVE_DECL_FERROR_UNLOCKED 1
| #define HAVE_DECL_FFLUSH_UNLOCKED 1
| #define HAVE_DECL_FGETS_UNLOCKED 0
| #define HAVE_DECL_FPUTC_UNLOCKED 1
| /* end confdefs.h.  */
| #include <stdio.h>
| #if HAVE_SYS_TYPES_H
| # include <sys/types.h>
| #endif
| #if HAVE_SYS_STAT_H
| # include <sys/stat.h>
| #endif
| #if STDC_HEADERS
| # include <stdlib.h>
| # include <stddef.h>
| #else
| # if HAVE_STDLIB_H
| #  include <stdlib.h>
| # endif
| #endif
| #if HAVE_STRING_H
| # if !STDC_HEADERS && HAVE_MEMORY_H
| #  include <memory.h>
| # endif
| # include <string.h>
| #endif
| #if HAVE_STRINGS_H
| # include <strings.h>
| #endif
| #if HAVE_INTTYPES_H
| # include <inttypes.h>
| #else
| # if HAVE_STDINT_H
| #  include <stdint.h>
| # endif
| #endif
| #if HAVE_UNISTD_H
| # include <unistd.h>
| #endif
| int
| main ()
| {
| #ifndef fputs_unlocked
|   char *p = (char *) fputs_unlocked;
| #endif
| 
|   ;
|   return 0;
| }
configure:24006: result: no
configure:24026: checking whether fread_unlocked is declared
configure:24051: gcc -c -g -O2  conftest.c >&5
configure:24054: $? = 0
configure:24057: test -s conftest.o
configure:24060: $? = 0
configure:24071: result: yes
configure:24091: checking whether fwrite_unlocked is declared
configure:24116: gcc -c -g -O2  conftest.c >&5
configure:24119: $? = 0
configure:24122: test -s conftest.o
configure:24125: $? = 0
configure:24136: result: yes
configure:24156: checking whether getc_unlocked is declared
configure:24181: gcc -c -g -O2  conftest.c >&5
configure:24184: $? = 0
configure:24187: test -s conftest.o
configure:24190: $? = 0
configure:24201: result: yes
configure:24221: checking whether getchar_unlocked is declared
configure:24246: gcc -c -g -O2  conftest.c >&5
configure:24249: $? = 0
configure:24252: test -s conftest.o
configure:24255: $? = 0
configure:24266: result: yes
configure:24286: checking whether putc_unlocked is declared
configure:24311: gcc -c -g -O2  conftest.c >&5
configure:24314: $? = 0
configure:24317: test -s conftest.o
configure:24320: $? = 0
configure:24331: result: yes
configure:24351: checking whether putchar_unlocked is declared
configure:24376: gcc -c -g -O2  conftest.c >&5
configure:24379: $? = 0
configure:24382: test -s conftest.o
configure:24385: $? = 0
configure:24396: result: yes
configure:24466: checking for vprintf
configure:24516: gcc -o conftest -g -O2   conftest.c  >&5
configure:24519: $? = 0
configure:24522: test -s conftest
configure:24525: $? = 0
configure:24536: result: yes
configure:24543: checking for _doprnt
configure:24593: gcc -o conftest -g -O2   conftest.c  >&5
/tmp/ccJISjEj.o(.text+0x18): In function `main':
/files/abiword-2.2.8/libiconv/configure:24639: undefined reference to `_doprnt'
/tmp/ccJISjEj.o(.data+0x0):/files/abiword-2.2.8/libiconv/configure:24639: undefined reference to `_doprnt'
collect2: ld returned 1 exit status
configure:24596: $? = 1
configure: failed program was:
| #line 24548 "configure"
| /* confdefs.h.  */
| 
| #define PACKAGE_NAME ""
| #define PACKAGE_TARNAME ""
| #define PACKAGE_VERSION ""
| #define PACKAGE_STRING ""
| #define PACKAGE_BUGREPORT ""
| #define PACKAGE "libiconv"
| #define VERSION "1.9"
| #define INSTALLPREFIX "/usr/local"
| #define ENABLE_EXTRA 1
| #define _GNU_SOURCE 1
| #define STDC_HEADERS 1
| #define HAVE_SYS_TYPES_H 1
| #define HAVE_SYS_STAT_H 1
| #define HAVE_STDLIB_H 1
| #define HAVE_STRING_H 1
| #define HAVE_MEMORY_H 1
| #define HAVE_STRINGS_H 1
| #define HAVE_INTTYPES_H 1
| #define HAVE_UNISTD_H 1
| #define STDC_HEADERS 1
| #define HAVE_LOCALE_H 1
| #define HAVE_STDDEF_H 1
| #define HAVE_STDLIB_H 1
| #define HAVE_STRING_H 1
| #define HAVE_STDLIB_H 1
| #define mbstate_t int
| #define HAVE_GETC_UNLOCKED 1
| #define HAVE_MBRTOWC 1
| #define HAVE_WCRTOMB 1
| #define HAVE_MBSINIT 1
| #define HAVE_SETLOCALE 1
| #define HAVE_MEMMOVE 1
| #define HAVE_WCHAR_H 1
| #define WORDS_LITTLEENDIAN 1
| #define HAVE_ALLOCA_H 1
| #define HAVE_ALLOCA 1
| #define HAVE_STDLIB_H 1
| #define HAVE_STRING_H 1
| #define HAVE_SYS_PARAM_H 1
| #define HAVE_UNISTD_H 1
| #define realpath rpl_realpath
| #define HAVE_GETCWD 1
| #define HAVE_DECL_CLEARERR_UNLOCKED 1
| #define HAVE_DECL_FEOF_UNLOCKED 1
| #define HAVE_DECL_FERROR_UNLOCKED 1
| #define HAVE_DECL_FFLUSH_UNLOCKED 1
| #define HAVE_DECL_FGETS_UNLOCKED 0
| #define HAVE_DECL_FPUTC_UNLOCKED 1
| #define HAVE_DECL_FPUTS_UNLOCKED 0
| #define HAVE_DECL_FREAD_UNLOCKED 1
| #define HAVE_DECL_FWRITE_UNLOCKED 1
| #define HAVE_DECL_GETC_UNLOCKED 1
| #define HAVE_DECL_GETCHAR_UNLOCKED 1
| #define HAVE_DECL_PUTC_UNLOCKED 1
| #define HAVE_DECL_PUTCHAR_UNLOCKED 1
| #define HAVE_VPRINTF 1
| /* end confdefs.h.  */
| /* System header to define __stub macros and hopefully few prototypes,
|     which can conflict with char _doprnt (); below.
|     Prefer <limits.h> to <assert.h> if __STDC__ is defined, since
|     <limits.h> exists even on freestanding compilers.  */
| #ifdef __STDC__
| # include <limits.h>
| #else
| # include <assert.h>
| #endif
| /* Override any gcc2 internal prototype to avoid an error.  */
| #ifdef __cplusplus
| extern "C"
| {
| #endif
| /* We use char because int might match the return type of a gcc2
|    builtin and then its argument prototype would still apply.  */
| char _doprnt ();
| /* The GNU C library defines this for functions which it implements
|     to always fail with ENOSYS.  Some functions are actually named
|     something starting with __ and the normal name is an alias.  */
| #if defined (__stub__doprnt) || defined (__stub____doprnt)
| choke me
| #else
| char (*f) () = _doprnt;
| #endif
| #ifdef __cplusplus
| }
| #endif
| 
| int
| main ()
| {
| return f != _doprnt;
|   ;
|   return 0;
| }
configure:24613: result: no
configure:24628: checking for error_at_line
configure:24650: gcc -o conftest -g -O2   conftest.c  >&5
/tmp/ccXW80gv.o(.text+0x25): In function `main':
/files/abiword-2.2.8/libiconv/configure:24696: undefined reference to `error_at_line'
collect2: ld returned 1 exit status
configure:24653: $? = 1
configure: failed program was:
| #line 24633 "configure"
| /* confdefs.h.  */
| 
| #define PACKAGE_NAME ""
| #define PACKAGE_TARNAME ""
| #define PACKAGE_VERSION ""
| #define PACKAGE_STRING ""
| #define PACKAGE_BUGREPORT ""
| #define PACKAGE "libiconv"
| #define VERSION "1.9"
| #define INSTALLPREFIX "/usr/local"
| #define ENABLE_EXTRA 1
| #define _GNU_SOURCE 1
| #define STDC_HEADERS 1
| #define HAVE_SYS_TYPES_H 1
| #define HAVE_SYS_STAT_H 1
| #define HAVE_STDLIB_H 1
| #define HAVE_STRING_H 1
| #define HAVE_MEMORY_H 1
| #define HAVE_STRINGS_H 1
| #define HAVE_INTTYPES_H 1
| #define HAVE_UNISTD_H 1
| #define STDC_HEADERS 1
| #define HAVE_LOCALE_H 1
| #define HAVE_STDDEF_H 1
| #define HAVE_STDLIB_H 1
| #define HAVE_STRING_H 1
| #define HAVE_STDLIB_H 1
| #define mbstate_t int
| #define HAVE_GETC_UNLOCKED 1
| #define HAVE_MBRTOWC 1
| #define HAVE_WCRTOMB 1
| #define HAVE_MBSINIT 1
| #define HAVE_SETLOCALE 1
| #define HAVE_MEMMOVE 1
| #define HAVE_WCHAR_H 1
| #define WORDS_LITTLEENDIAN 1
| #define HAVE_ALLOCA_H 1
| #define HAVE_ALLOCA 1
| #define HAVE_STDLIB_H 1
| #define HAVE_STRING_H 1
| #define HAVE_SYS_PARAM_H 1
| #define HAVE_UNISTD_H 1
| #define realpath rpl_realpath
| #define HAVE_GETCWD 1
| #define HAVE_DECL_CLEARERR_UNLOCKED 1
| #define HAVE_DECL_FEOF_UNLOCKED 1
| #define HAVE_DECL_FERROR_UNLOCKED 1
| #define HAVE_DECL_FFLUSH_UNLOCKED 1
| #define HAVE_DECL_FGETS_UNLOCKED 0
| #define HAVE_DECL_FPUTC_UNLOCKED 1
| #define HAVE_DECL_FPUTS_UNLOCKED 0
| #define HAVE_DECL_FREAD_UNLOCKED 1
| #define HAVE_DECL_FWRITE_UNLOCKED 1
| #define HAVE_DECL_GETC_UNLOCKED 1
| #define HAVE_DECL_GETCHAR_UNLOCKED 1
| #define HAVE_DECL_PUTC_UNLOCKED 1
| #define HAVE_DECL_PUTCHAR_UNLOCKED 1
| #define HAVE_VPRINTF 1
| /* end confdefs.h.  */
| 
| int
| main ()
| {
| error_at_line(0, 0, "", 0, "");
|   ;
|   return 0;
| }
configure:24670: result: no
configure:24686: checking for strerror
configure:24736: gcc -o conftest -g -O2   conftest.c  >&5
configure:24739: $? = 0
configure:24742: test -s conftest
configure:24745: $? = 0
configure:24756: result: yes
configure:24766: checking whether strerror is declared
configure:24791: gcc -c -g -O2  conftest.c >&5
configure:24794: $? = 0
configure:24797: test -s conftest.o
configure:24800: $? = 0
configure:24811: result: yes
configure:24829: checking whether strerror_r is declared
configure:24854: gcc -c -g -O2  conftest.c >&5
/files/abiword-2.2.8/libiconv/configure: In function `main':
/files/abiword-2.2.8/libiconv/configure:24933: `strerror_r' undeclared (first use in this function)
/files/abiword-2.2.8/libiconv/configure:24933: (Each undeclared identifier is reported only once
/files/abiword-2.2.8/libiconv/configure:24933: for each function it appears in.)
configure:24857: $? = 1
configure: failed program was:
| #line 24834 "configure"
| /* confdefs.h.  */
| 
| #define PACKAGE_NAME ""
| #define PACKAGE_TARNAME ""
| #define PACKAGE_VERSION ""
| #define PACKAGE_STRING ""
| #define PACKAGE_BUGREPORT ""
| #define PACKAGE "libiconv"
| #define VERSION "1.9"
| #define INSTALLPREFIX "/usr/local"
| #define ENABLE_EXTRA 1
| #define _GNU_SOURCE 1
| #define STDC_HEADERS 1
| #define HAVE_SYS_TYPES_H 1
| #define HAVE_SYS_STAT_H 1
| #define HAVE_STDLIB_H 1
| #define HAVE_STRING_H 1
| #define HAVE_MEMORY_H 1
| #define HAVE_STRINGS_H 1
| #define HAVE_INTTYPES_H 1
| #define HAVE_UNISTD_H 1
| #define STDC_HEADERS 1
| #define HAVE_LOCALE_H 1
| #define HAVE_STDDEF_H 1
| #define HAVE_STDLIB_H 1
| #define HAVE_STRING_H 1
| #define HAVE_STDLIB_H 1
| #define mbstate_t int
| #define HAVE_GETC_UNLOCKED 1
| #define HAVE_MBRTOWC 1
| #define HAVE_WCRTOMB 1
| #define HAVE_MBSINIT 1
| #define HAVE_SETLOCALE 1
| #define HAVE_MEMMOVE 1
| #define HAVE_WCHAR_H 1
| #define WORDS_LITTLEENDIAN 1
| #define HAVE_ALLOCA_H 1
| #define HAVE_ALLOCA 1
| #define HAVE_STDLIB_H 1
| #define HAVE_STRING_H 1
| #define HAVE_SYS_PARAM_H 1
| #define HAVE_UNISTD_H 1
| #define realpath rpl_realpath
| #define HAVE_GETCWD 1
| #define HAVE_DECL_CLEARERR_UNLOCKED 1
| #define HAVE_DECL_FEOF_UNLOCKED 1
| #define HAVE_DECL_FERROR_UNLOCKED 1
| #define HAVE_DECL_FFLUSH_UNLOCKED 1
| #define HAVE_DECL_FGETS_UNLOCKED 0
| #define HAVE_DECL_FPUTC_UNLOCKED 1
| #define HAVE_DECL_FPUTS_UNLOCKED 0
| #define HAVE_DECL_FREAD_UNLOCKED 1
| #define HAVE_DECL_FWRITE_UNLOCKED 1
| #define HAVE_DECL_GETC_UNLOCKED 1
| #define HAVE_DECL_GETCHAR_UNLOCKED 1
| #define HAVE_DECL_PUTC_UNLOCKED 1
| #define HAVE_DECL_PUTCHAR_UNLOCKED 1
| #define HAVE_VPRINTF 1
| #define HAVE_STRERROR 1
| #define HAVE_DECL_STRERROR 1
| /* end confdefs.h.  */
| #include <stdio.h>
| #if HAVE_SYS_TYPES_H
| # include <sys/types.h>
| #endif
| #if HAVE_SYS_STAT_H
| # include <sys/stat.h>
| #endif
| #if STDC_HEADERS
| # include <stdlib.h>
| # include <stddef.h>
| #else
| # if HAVE_STDLIB_H
| #  include <stdlib.h>
| # endif
| #endif
| #if HAVE_STRING_H
| # if !STDC_HEADERS && HAVE_MEMORY_H
| #  include <memory.h>
| # endif
| # include <string.h>
| #endif
| #if HAVE_STRINGS_H
| # include <strings.h>
| #endif
| #if HAVE_INTTYPES_H
| # include <inttypes.h>
| #else
| # if HAVE_STDINT_H
| #  include <stdint.h>
| # endif
| #endif
| #if HAVE_UNISTD_H
| # include <unistd.h>
| #endif
| int
| main ()
| {
| #ifndef strerror_r
|   char *p = (char *) strerror_r;
| #endif
| 
|   ;
|   return 0;
| }
configure:24874: result: no
configure:24896: checking for strerror_r
configure:24946: gcc -o conftest -g -O2   conftest.c  >&5
configure:24949: $? = 0
configure:24952: test -s conftest
configure:24955: $? = 0
configure:24966: result: yes
configure:24976: checking whether strerror_r returns char *
configure:25053: gcc -o conftest -g -O2   conftest.c  >&5
configure:25056: $? = 0
configure:25058: ./conftest
configure:25061: $? = 0
configure:25075: result: yes
configure:25103: checking limits.h usability
configure:25116: gcc -c -g -O2  conftest.c >&5
configure:25119: $? = 0
configure:25122: test -s conftest.o
configure:25125: $? = 0
configure:25135: result: yes
configure:25139: checking limits.h presence
configure:25150: gcc -E  conftest.c
configure:25156: $? = 0
configure:25175: result: yes
configure:25211: checking for limits.h
configure:25218: result: yes
configure:25253: checking for setenv
configure:25303: gcc -o conftest -g -O2   conftest.c  >&5
/tmp/ccela5nw.o(.text+0x18): In function `main':
/files/abiword-2.2.8/libiconv/configure:25355: undefined reference to `setenv'
/tmp/ccela5nw.o(.data+0x0):/files/abiword-2.2.8/libiconv/configure:25355: undefined reference to `setenv'
collect2: ld returned 1 exit status
configure:25306: $? = 1
configure: failed program was:
| #line 25258 "configure"
| /* confdefs.h.  */
| 
| #define PACKAGE_NAME ""
| #define PACKAGE_TARNAME ""
| #define PACKAGE_VERSION ""
| #define PACKAGE_STRING ""
| #define PACKAGE_BUGREPORT ""
| #define PACKAGE "libiconv"
| #define VERSION "1.9"
| #define INSTALLPREFIX "/usr/local"
| #define ENABLE_EXTRA 1
| #define _GNU_SOURCE 1
| #define STDC_HEADERS 1
| #define HAVE_SYS_TYPES_H 1
| #define HAVE_SYS_STAT_H 1
| #define HAVE_STDLIB_H 1
| #define HAVE_STRING_H 1
| #define HAVE_MEMORY_H 1
| #define HAVE_STRINGS_H 1
| #define HAVE_INTTYPES_H 1
| #define HAVE_UNISTD_H 1
| #define STDC_HEADERS 1
| #define HAVE_LOCALE_H 1
| #define HAVE_STDDEF_H 1
| #define HAVE_STDLIB_H 1
| #define HAVE_STRING_H 1
| #define HAVE_STDLIB_H 1
| #define mbstate_t int
| #define HAVE_GETC_UNLOCKED 1
| #define HAVE_MBRTOWC 1
| #define HAVE_WCRTOMB 1
| #define HAVE_MBSINIT 1
| #define HAVE_SETLOCALE 1
| #define HAVE_MEMMOVE 1
| #define HAVE_WCHAR_H 1
| #define WORDS_LITTLEENDIAN 1
| #define HAVE_ALLOCA_H 1
| #define HAVE_ALLOCA 1
| #define HAVE_STDLIB_H 1
| #define HAVE_STRING_H 1
| #define HAVE_SYS_PARAM_H 1
| #define HAVE_UNISTD_H 1
| #define realpath rpl_realpath
| #define HAVE_GETCWD 1
| #define HAVE_DECL_CLEARERR_UNLOCKED 1
| #define HAVE_DECL_FEOF_UNLOCKED 1
| #define HAVE_DECL_FERROR_UNLOCKED 1
| #define HAVE_DECL_FFLUSH_UNLOCKED 1
| #define HAVE_DECL_FGETS_UNLOCKED 0
| #define HAVE_DECL_FPUTC_UNLOCKED 1
| #define HAVE_DECL_FPUTS_UNLOCKED 0
| #define HAVE_DECL_FREAD_UNLOCKED 1
| #define HAVE_DECL_FWRITE_UNLOCKED 1
| #define HAVE_DECL_GETC_UNLOCKED 1
| #define HAVE_DECL_GETCHAR_UNLOCKED 1
| #define HAVE_DECL_PUTC_UNLOCKED 1
| #define HAVE_DECL_PUTCHAR_UNLOCKED 1
| #define HAVE_VPRINTF 1
| #define HAVE_STRERROR 1
| #define HAVE_DECL_STRERROR 1
| #define HAVE_DECL_STRERROR_R 0
| #define HAVE_STRERROR_R 1
| #define STRERROR_R_CHAR_P 1
| #define HAVE_LIMITS_H 1
| /* end confdefs.h.  */
| /* System header to define __stub macros and hopefully few prototypes,
|     which can conflict with char setenv (); below.
|     Prefer <limits.h> to <assert.h> if __STDC__ is defined, since
|     <limits.h> exists even on freestanding compilers.  */
| #ifdef __STDC__
| # include <limits.h>
| #else
| # include <assert.h>
| #endif
| /* Override any gcc2 internal prototype to avoid an error.  */
| #ifdef __cplusplus
| extern "C"
| {
| #endif
| /* We use char because int might match the return type of a gcc2
|    builtin and then its argument prototype would still apply.  */
| char setenv ();
| /* The GNU C library defines this for functions which it implements
|     to always fail with ENOSYS.  Some functions are actually named
|     something starting with __ and the normal name is an alias.  */
| #if defined (__stub_setenv) || defined (__stub___setenv)
| choke me
| #else
| char (*f) () = setenv;
| #endif
| #ifdef __cplusplus
| }
| #endif
| 
| int
| main ()
| {
| return f != setenv;
|   ;
|   return 0;
| }
configure:25323: result: no
configure:25253: checking for unsetenv
configure:25303: gcc -o conftest -g -O2   conftest.c  >&5
/tmp/ccNttYDp.o(.text+0x18): In function `main':
/files/abiword-2.2.8/libiconv/configure:25355: undefined reference to `unsetenv'
/tmp/ccNttYDp.o(.data+0x0):/files/abiword-2.2.8/libiconv/configure:25355: undefined reference to `unsetenv'
collect2: ld returned 1 exit status
configure:25306: $? = 1
configure: failed program was:
| #line 25258 "configure"
| /* confdefs.h.  */
| 
| #define PACKAGE_NAME ""
| #define PACKAGE_TARNAME ""
| #define PACKAGE_VERSION ""
| #define PACKAGE_STRING ""
| #define PACKAGE_BUGREPORT ""
| #define PACKAGE "libiconv"
| #define VERSION "1.9"
| #define INSTALLPREFIX "/usr/local"
| #define ENABLE_EXTRA 1
| #define _GNU_SOURCE 1
| #define STDC_HEADERS 1
| #define HAVE_SYS_TYPES_H 1
| #define HAVE_SYS_STAT_H 1
| #define HAVE_STDLIB_H 1
| #define HAVE_STRING_H 1
| #define HAVE_MEMORY_H 1
| #define HAVE_STRINGS_H 1
| #define HAVE_INTTYPES_H 1
| #define HAVE_UNISTD_H 1
| #define STDC_HEADERS 1
| #define HAVE_LOCALE_H 1
| #define HAVE_STDDEF_H 1
| #define HAVE_STDLIB_H 1
| #define HAVE_STRING_H 1
| #define HAVE_STDLIB_H 1
| #define mbstate_t int
| #define HAVE_GETC_UNLOCKED 1
| #define HAVE_MBRTOWC 1
| #define HAVE_WCRTOMB 1
| #define HAVE_MBSINIT 1
| #define HAVE_SETLOCALE 1
| #define HAVE_MEMMOVE 1
| #define HAVE_WCHAR_H 1
| #define WORDS_LITTLEENDIAN 1
| #define HAVE_ALLOCA_H 1
| #define HAVE_ALLOCA 1
| #define HAVE_STDLIB_H 1
| #define HAVE_STRING_H 1
| #define HAVE_SYS_PARAM_H 1
| #define HAVE_UNISTD_H 1
| #define realpath rpl_realpath
| #define HAVE_GETCWD 1
| #define HAVE_DECL_CLEARERR_UNLOCKED 1
| #define HAVE_DECL_FEOF_UNLOCKED 1
| #define HAVE_DECL_FERROR_UNLOCKED 1
| #define HAVE_DECL_FFLUSH_UNLOCKED 1
| #define HAVE_DECL_FGETS_UNLOCKED 0
| #define HAVE_DECL_FPUTC_UNLOCKED 1
| #define HAVE_DECL_FPUTS_UNLOCKED 0
| #define HAVE_DECL_FREAD_UNLOCKED 1
| #define HAVE_DECL_FWRITE_UNLOCKED 1
| #define HAVE_DECL_GETC_UNLOCKED 1
| #define HAVE_DECL_GETCHAR_UNLOCKED 1
| #define HAVE_DECL_PUTC_UNLOCKED 1
| #define HAVE_DECL_PUTCHAR_UNLOCKED 1
| #define HAVE_VPRINTF 1
| #define HAVE_STRERROR 1
| #define HAVE_DECL_STRERROR 1
| #define HAVE_DECL_STRERROR_R 0
| #define HAVE_STRERROR_R 1
| #define STRERROR_R_CHAR_P 1
| #define HAVE_LIMITS_H 1
| /* end confdefs.h.  */
| /* System header to define __stub macros and hopefully few prototypes,
|     which can conflict with char unsetenv (); below.
|     Prefer <limits.h> to <assert.h> if __STDC__ is defined, since
|     <limits.h> exists even on freestanding compilers.  */
| #ifdef __STDC__
| # include <limits.h>
| #else
| # include <assert.h>
| #endif
| /* Override any gcc2 internal prototype to avoid an error.  */
| #ifdef __cplusplus
| extern "C"
| {
| #endif
| /* We use char because int might match the return type of a gcc2
|    builtin and then its argument prototype would still apply.  */
| char unsetenv ();
| /* The GNU C library defines this for functions which it implements
|     to always fail with ENOSYS.  Some functions are actually named
|     something starting with __ and the normal name is an alias.  */
| #if defined (__stub_unsetenv) || defined (__stub___unsetenv)
| choke me
| #else
| char (*f) () = unsetenv;
| #endif
| #ifdef __cplusplus
| }
| #endif
| 
| int
| main ()
| {
| return f != unsetenv;
|   ;
|   return 0;
| }
configure:25323: result: no
configure:25353: checking search.h usability
configure:25366: gcc -c -g -O2  conftest.c >&5
/files/abiword-2.2.8/libiconv/configure:25454: search.h: No such file or directory
configure:25369: $? = 1
configure: failed program was:
| #line 25355 "configure"
| /* confdefs.h.  */
| 
| #define PACKAGE_NAME ""
| #define PACKAGE_TARNAME ""
| #define PACKAGE_VERSION ""
| #define PACKAGE_STRING ""
| #define PACKAGE_BUGREPORT ""
| #define PACKAGE "libiconv"
| #define VERSION "1.9"
| #define INSTALLPREFIX "/usr/local"
| #define ENABLE_EXTRA 1
| #define _GNU_SOURCE 1
| #define STDC_HEADERS 1
| #define HAVE_SYS_TYPES_H 1
| #define HAVE_SYS_STAT_H 1
| #define HAVE_STDLIB_H 1
| #define HAVE_STRING_H 1
| #define HAVE_MEMORY_H 1
| #define HAVE_STRINGS_H 1
| #define HAVE_INTTYPES_H 1
| #define HAVE_UNISTD_H 1
| #define STDC_HEADERS 1
| #define HAVE_LOCALE_H 1
| #define HAVE_STDDEF_H 1
| #define HAVE_STDLIB_H 1
| #define HAVE_STRING_H 1
| #define HAVE_STDLIB_H 1
| #define mbstate_t int
| #define HAVE_GETC_UNLOCKED 1
| #define HAVE_MBRTOWC 1
| #define HAVE_WCRTOMB 1
| #define HAVE_MBSINIT 1
| #define HAVE_SETLOCALE 1
| #define HAVE_MEMMOVE 1
| #define HAVE_WCHAR_H 1
| #define WORDS_LITTLEENDIAN 1
| #define HAVE_ALLOCA_H 1
| #define HAVE_ALLOCA 1
| #define HAVE_STDLIB_H 1
| #define HAVE_STRING_H 1
| #define HAVE_SYS_PARAM_H 1
| #define HAVE_UNISTD_H 1
| #define realpath rpl_realpath
| #define HAVE_GETCWD 1
| #define HAVE_DECL_CLEARERR_UNLOCKED 1
| #define HAVE_DECL_FEOF_UNLOCKED 1
| #define HAVE_DECL_FERROR_UNLOCKED 1
| #define HAVE_DECL_FFLUSH_UNLOCKED 1
| #define HAVE_DECL_FGETS_UNLOCKED 0
| #define HAVE_DECL_FPUTC_UNLOCKED 1
| #define HAVE_DECL_FPUTS_UNLOCKED 0
| #define HAVE_DECL_FREAD_UNLOCKED 1
| #define HAVE_DECL_FWRITE_UNLOCKED 1
| #define HAVE_DECL_GETC_UNLOCKED 1
| #define HAVE_DECL_GETCHAR_UNLOCKED 1
| #define HAVE_DECL_PUTC_UNLOCKED 1
| #define HAVE_DECL_PUTCHAR_UNLOCKED 1
| #define HAVE_VPRINTF 1
| #define HAVE_STRERROR 1
| #define HAVE_DECL_STRERROR 1
| #define HAVE_DECL_STRERROR_R 0
| #define HAVE_STRERROR_R 1
| #define STRERROR_R_CHAR_P 1
| #define HAVE_LIMITS_H 1
| /* end confdefs.h.  */
| #include <stdio.h>
| #if HAVE_SYS_TYPES_H
| # include <sys/types.h>
| #endif
| #if HAVE_SYS_STAT_H
| # include <sys/stat.h>
| #endif
| #if STDC_HEADERS
| # include <stdlib.h>
| # include <stddef.h>
| #else
| # if HAVE_STDLIB_H
| #  include <stdlib.h>
| # endif
| #endif
| #if HAVE_STRING_H
| # if !STDC_HEADERS && HAVE_MEMORY_H
| #  include <memory.h>
| # endif
| # include <string.h>
| #endif
| #if HAVE_STRINGS_H
| # include <strings.h>
| #endif
| #if HAVE_INTTYPES_H
| # include <inttypes.h>
| #else
| # if HAVE_STDINT_H
| #  include <stdint.h>
| # endif
| #endif
| #if HAVE_UNISTD_H
| # include <unistd.h>
| #endif
| #include <search.h>
configure:25385: result: no
configure:25389: checking search.h presence
configure:25400: gcc -E  conftest.c
/files/abiword-2.2.8/libiconv/configure:25456: search.h: No such file or directory
configure:25406: $? = 1
configure: failed program was:
| #line 25391 "configure"
| /* confdefs.h.  */
| 
| #define PACKAGE_NAME ""
| #define PACKAGE_TARNAME ""
| #define PACKAGE_VERSION ""
| #define PACKAGE_STRING ""
| #define PACKAGE_BUGREPORT ""
| #define PACKAGE "libiconv"
| #define VERSION "1.9"
| #define INSTALLPREFIX "/usr/local"
| #define ENABLE_EXTRA 1
| #define _GNU_SOURCE 1
| #define STDC_HEADERS 1
| #define HAVE_SYS_TYPES_H 1
| #define HAVE_SYS_STAT_H 1
| #define HAVE_STDLIB_H 1
| #define HAVE_STRING_H 1
| #define HAVE_MEMORY_H 1
| #define HAVE_STRINGS_H 1
| #define HAVE_INTTYPES_H 1
| #define HAVE_UNISTD_H 1
| #define STDC_HEADERS 1
| #define HAVE_LOCALE_H 1
| #define HAVE_STDDEF_H 1
| #define HAVE_STDLIB_H 1
| #define HAVE_STRING_H 1
| #define HAVE_STDLIB_H 1
| #define mbstate_t int
| #define HAVE_GETC_UNLOCKED 1
| #define HAVE_MBRTOWC 1
| #define HAVE_WCRTOMB 1
| #define HAVE_MBSINIT 1
| #define HAVE_SETLOCALE 1
| #define HAVE_MEMMOVE 1
| #define HAVE_WCHAR_H 1
| #define WORDS_LITTLEENDIAN 1
| #define HAVE_ALLOCA_H 1
| #define HAVE_ALLOCA 1
| #define HAVE_STDLIB_H 1
| #define HAVE_STRING_H 1
| #define HAVE_SYS_PARAM_H 1
| #define HAVE_UNISTD_H 1
| #define realpath rpl_realpath
| #define HAVE_GETCWD 1
| #define HAVE_DECL_CLEARERR_UNLOCKED 1
| #define HAVE_DECL_FEOF_UNLOCKED 1
| #define HAVE_DECL_FERROR_UNLOCKED 1
| #define HAVE_DECL_FFLUSH_UNLOCKED 1
| #define HAVE_DECL_FGETS_UNLOCKED 0
| #define HAVE_DECL_FPUTC_UNLOCKED 1
| #define HAVE_DECL_FPUTS_UNLOCKED 0
| #define HAVE_DECL_FREAD_UNLOCKED 1
| #define HAVE_DECL_FWRITE_UNLOCKED 1
| #define HAVE_DECL_GETC_UNLOCKED 1
| #define HAVE_DECL_GETCHAR_UNLOCKED 1
| #define HAVE_DECL_PUTC_UNLOCKED 1
| #define HAVE_DECL_PUTCHAR_UNLOCKED 1
| #define HAVE_VPRINTF 1
| #define HAVE_STRERROR 1
| #define HAVE_DECL_STRERROR 1
| #define HAVE_DECL_STRERROR_R 0
| #define HAVE_STRERROR_R 1
| #define STRERROR_R_CHAR_P 1
| #define HAVE_LIMITS_H 1
| /* end confdefs.h.  */
| #include <search.h>
configure:25425: result: no
configure:25461: checking for search.h
configure:25468: result: no
configure:25344: checking for stdlib.h
configure:25349: result: yes
configure:25344: checking for string.h
configure:25349: result: yes
configure:25344: checking for unistd.h
configure:25349: result: yes
configure:25485: checking for tsearch
configure:25535: gcc -o conftest -g -O2   conftest.c  >&5
/tmp/ccQBljML.o(.text+0x18): In function `main':
/files/abiword-2.2.8/libiconv/configure:25590: undefined reference to `tsearch'
/tmp/ccQBljML.o(.data+0x0):/files/abiword-2.2.8/libiconv/configure:25590: undefined reference to `tsearch'
collect2: ld returned 1 exit status
configure:25538: $? = 1
configure: failed program was:
| #line 25490 "configure"
| /* confdefs.h.  */
| 
| #define PACKAGE_NAME ""
| #define PACKAGE_TARNAME ""
| #define PACKAGE_VERSION ""
| #define PACKAGE_STRING ""
| #define PACKAGE_BUGREPORT ""
| #define PACKAGE "libiconv"
| #define VERSION "1.9"
| #define INSTALLPREFIX "/usr/local"
| #define ENABLE_EXTRA 1
| #define _GNU_SOURCE 1
| #define STDC_HEADERS 1
| #define HAVE_SYS_TYPES_H 1
| #define HAVE_SYS_STAT_H 1
| #define HAVE_STDLIB_H 1
| #define HAVE_STRING_H 1
| #define HAVE_MEMORY_H 1
| #define HAVE_STRINGS_H 1
| #define HAVE_INTTYPES_H 1
| #define HAVE_UNISTD_H 1
| #define STDC_HEADERS 1
| #define HAVE_LOCALE_H 1
| #define HAVE_STDDEF_H 1
| #define HAVE_STDLIB_H 1
| #define HAVE_STRING_H 1
| #define HAVE_STDLIB_H 1
| #define mbstate_t int
| #define HAVE_GETC_UNLOCKED 1
| #define HAVE_MBRTOWC 1
| #define HAVE_WCRTOMB 1
| #define HAVE_MBSINIT 1
| #define HAVE_SETLOCALE 1
| #define HAVE_MEMMOVE 1
| #define HAVE_WCHAR_H 1
| #define WORDS_LITTLEENDIAN 1
| #define HAVE_ALLOCA_H 1
| #define HAVE_ALLOCA 1
| #define HAVE_STDLIB_H 1
| #define HAVE_STRING_H 1
| #define HAVE_SYS_PARAM_H 1
| #define HAVE_UNISTD_H 1
| #define realpath rpl_realpath
| #define HAVE_GETCWD 1
| #define HAVE_DECL_CLEARERR_UNLOCKED 1
| #define HAVE_DECL_FEOF_UNLOCKED 1
| #define HAVE_DECL_FERROR_UNLOCKED 1
| #define HAVE_DECL_FFLUSH_UNLOCKED 1
| #define HAVE_DECL_FGETS_UNLOCKED 0
| #define HAVE_DECL_FPUTC_UNLOCKED 1
| #define HAVE_DECL_FPUTS_UNLOCKED 0
| #define HAVE_DECL_FREAD_UNLOCKED 1
| #define HAVE_DECL_FWRITE_UNLOCKED 1
| #define HAVE_DECL_GETC_UNLOCKED 1
| #define HAVE_DECL_GETCHAR_UNLOCKED 1
| #define HAVE_DECL_PUTC_UNLOCKED 1
| #define HAVE_DECL_PUTCHAR_UNLOCKED 1
| #define HAVE_VPRINTF 1
| #define HAVE_STRERROR 1
| #define HAVE_DECL_STRERROR 1
| #define HAVE_DECL_STRERROR_R 0
| #define HAVE_STRERROR_R 1
| #define STRERROR_R_CHAR_P 1
| #define HAVE_LIMITS_H 1
| #define HAVE_STDLIB_H 1
| #define HAVE_STRING_H 1
| #define HAVE_UNISTD_H 1
| /* end confdefs.h.  */
| /* System header to define __stub macros and hopefully few prototypes,
|     which can conflict with char tsearch (); below.
|     Prefer <limits.h> to <assert.h> if __STDC__ is defined, since
|     <limits.h> exists even on freestanding compilers.  */
| #ifdef __STDC__
| # include <limits.h>
| #else
| # include <assert.h>
| #endif
| /* Override any gcc2 internal prototype to avoid an error.  */
| #ifdef __cplusplus
| extern "C"
| {
| #endif
| /* We use char because int might match the return type of a gcc2
|    builtin and then its argument prototype would still apply.  */
| char tsearch ();
| /* The GNU C library defines this for functions which it implements
|     to always fail with ENOSYS.  Some functions are actually named
|     something starting with __ and the normal name is an alias.  */
| #if defined (__stub_tsearch) || defined (__stub___tsearch)
| choke me
| #else
| char (*f) () = tsearch;
| #endif
| #ifdef __cplusplus
| }
| #endif
| 
| int
| main ()
| {
| return f != tsearch;
|   ;
|   return 0;
| }
configure:25555: result: no
configure:25567: checking if errno is properly declared
configure:25591: gcc -c -g -O2  conftest.c >&5
/files/abiword-2.2.8/libiconv/configure:25642: conflicting types for `_errnop'
/boot/develop/headers/posix/errno.h:13: previous declaration of `_errnop'
configure:25594: $? = 1
configure: failed program was:
| #line 25573 "configure"
| /* confdefs.h.  */
| 
| #define PACKAGE_NAME ""
| #define PACKAGE_TARNAME ""
| #define PACKAGE_VERSION ""
| #define PACKAGE_STRING ""
| #define PACKAGE_BUGREPORT ""
| #define PACKAGE "libiconv"
| #define VERSION "1.9"
| #define INSTALLPREFIX "/usr/local"
| #define ENABLE_EXTRA 1
| #define _GNU_SOURCE 1
| #define STDC_HEADERS 1
| #define HAVE_SYS_TYPES_H 1
| #define HAVE_SYS_STAT_H 1
| #define HAVE_STDLIB_H 1
| #define HAVE_STRING_H 1
| #define HAVE_MEMORY_H 1
| #define HAVE_STRINGS_H 1
| #define HAVE_INTTYPES_H 1
| #define HAVE_UNISTD_H 1
| #define STDC_HEADERS 1
| #define HAVE_LOCALE_H 1
| #define HAVE_STDDEF_H 1
| #define HAVE_STDLIB_H 1
| #define HAVE_STRING_H 1
| #define HAVE_STDLIB_H 1
| #define mbstate_t int
| #define HAVE_GETC_UNLOCKED 1
| #define HAVE_MBRTOWC 1
| #define HAVE_WCRTOMB 1
| #define HAVE_MBSINIT 1
| #define HAVE_SETLOCALE 1
| #define HAVE_MEMMOVE 1
| #define HAVE_WCHAR_H 1
| #define WORDS_LITTLEENDIAN 1
| #define HAVE_ALLOCA_H 1
| #define HAVE_ALLOCA 1
| #define HAVE_STDLIB_H 1
| #define HAVE_STRING_H 1
| #define HAVE_SYS_PARAM_H 1
| #define HAVE_UNISTD_H 1
| #define realpath rpl_realpath
| #define HAVE_GETCWD 1
| #define HAVE_DECL_CLEARERR_UNLOCKED 1
| #define HAVE_DECL_FEOF_UNLOCKED 1
| #define HAVE_DECL_FERROR_UNLOCKED 1
| #define HAVE_DECL_FFLUSH_UNLOCKED 1
| #define HAVE_DECL_FGETS_UNLOCKED 0
| #define HAVE_DECL_FPUTC_UNLOCKED 1
| #define HAVE_DECL_FPUTS_UNLOCKED 0
| #define HAVE_DECL_FREAD_UNLOCKED 1
| #define HAVE_DECL_FWRITE_UNLOCKED 1
| #define HAVE_DECL_GETC_UNLOCKED 1
| #define HAVE_DECL_GETCHAR_UNLOCKED 1
| #define HAVE_DECL_PUTC_UNLOCKED 1
| #define HAVE_DECL_PUTCHAR_UNLOCKED 1
| #define HAVE_VPRINTF 1
| #define HAVE_STRERROR 1
| #define HAVE_DECL_STRERROR 1
| #define HAVE_DECL_STRERROR_R 0
| #define HAVE_STRERROR_R 1
| #define STRERROR_R_CHAR_P 1
| #define HAVE_LIMITS_H 1
| #define HAVE_STDLIB_H 1
| #define HAVE_STRING_H 1
| #define HAVE_UNISTD_H 1
| /* end confdefs.h.  */
| #include <errno.h>
|       extern struct { int foo; } errno;
| int
| main ()
| {
| errno.foo = 1;
|   ;
|   return 0;
| }
configure:25612: result: yes
configure:25624: checking if environ is properly declared
configure:25648: gcc -c -g -O2  conftest.c >&5
configure:25651: $? = 0
configure:25654: test -s conftest.o
configure:25657: $? = 0
configure:25669: result: no
configure:25680: checking for stdbool.h
configure:25714: gcc -c -g -O2  conftest.c >&5
/files/abiword-2.2.8/libiconv/configure:25764: size of array `B' is negative
configure:25717: $? = 1
configure: failed program was:
| #line 25686 "configure"
| /* confdefs.h.  */
| 
| #define PACKAGE_NAME ""
| #define PACKAGE_TARNAME ""
| #define PACKAGE_VERSION ""
| #define PACKAGE_STRING ""
| #define PACKAGE_BUGREPORT ""
| #define PACKAGE "libiconv"
| #define VERSION "1.9"
| #define INSTALLPREFIX "/usr/local"
| #define ENABLE_EXTRA 1
| #define _GNU_SOURCE 1
| #define STDC_HEADERS 1
| #define HAVE_SYS_TYPES_H 1
| #define HAVE_SYS_STAT_H 1
| #define HAVE_STDLIB_H 1
| #define HAVE_STRING_H 1
| #define HAVE_MEMORY_H 1
| #define HAVE_STRINGS_H 1
| #define HAVE_INTTYPES_H 1
| #define HAVE_UNISTD_H 1
| #define STDC_HEADERS 1
| #define HAVE_LOCALE_H 1
| #define HAVE_STDDEF_H 1
| #define HAVE_STDLIB_H 1
| #define HAVE_STRING_H 1
| #define HAVE_STDLIB_H 1
| #define mbstate_t int
| #define HAVE_GETC_UNLOCKED 1
| #define HAVE_MBRTOWC 1
| #define HAVE_WCRTOMB 1
| #define HAVE_MBSINIT 1
| #define HAVE_SETLOCALE 1
| #define HAVE_MEMMOVE 1
| #define HAVE_WCHAR_H 1
| #define WORDS_LITTLEENDIAN 1
| #define HAVE_ALLOCA_H 1
| #define HAVE_ALLOCA 1
| #define HAVE_STDLIB_H 1
| #define HAVE_STRING_H 1
| #define HAVE_SYS_PARAM_H 1
| #define HAVE_UNISTD_H 1
| #define realpath rpl_realpath
| #define HAVE_GETCWD 1
| #define HAVE_DECL_CLEARERR_UNLOCKED 1
| #define HAVE_DECL_FEOF_UNLOCKED 1
| #define HAVE_DECL_FERROR_UNLOCKED 1
| #define HAVE_DECL_FFLUSH_UNLOCKED 1
| #define HAVE_DECL_FGETS_UNLOCKED 0
| #define HAVE_DECL_FPUTC_UNLOCKED 1
| #define HAVE_DECL_FPUTS_UNLOCKED 0
| #define HAVE_DECL_FREAD_UNLOCKED 1
| #define HAVE_DECL_FWRITE_UNLOCKED 1
| #define HAVE_DECL_GETC_UNLOCKED 1
| #define HAVE_DECL_GETCHAR_UNLOCKED 1
| #define HAVE_DECL_PUTC_UNLOCKED 1
| #define HAVE_DECL_PUTCHAR_UNLOCKED 1
| #define HAVE_VPRINTF 1
| #define HAVE_STRERROR 1
| #define HAVE_DECL_STRERROR 1
| #define HAVE_DECL_STRERROR_R 0
| #define HAVE_STRERROR_R 1
| #define STRERROR_R_CHAR_P 1
| #define HAVE_LIMITS_H 1
| #define HAVE_STDLIB_H 1
| #define HAVE_STRING_H 1
| #define HAVE_UNISTD_H 1
| #define HAVE_ERRNO_DECL 1
| /* end confdefs.h.  */
| #include <stdbool.h>
| #if false
| int A[-1];
| #endif
| #define b -1
| #if true
| #undef b
| #define b 1
| #endif
| int B[b];
| bool c;
| 
| int
| main ()
| {
| 
|   ;
|   return 0;
| }
configure:25735: result: no
configure:25746: checking for _Bool type
configure:25769: gcc -c -g -O2  conftest.c >&5
/files/abiword-2.2.8/libiconv/configure:25821: parse error before `x'
/files/abiword-2.2.8/libiconv/configure:25821: `_Bool' undeclared here (not in a function)
/files/abiword-2.2.8/libiconv/configure:25821: warning: data definition has no type or storage class
configure:25772: $? = 1
configure: failed program was:
| #line 25752 "configure"
| /* confdefs.h.  */
| 
| #define PACKAGE_NAME ""
| #define PACKAGE_TARNAME ""
| #define PACKAGE_VERSION ""
| #define PACKAGE_STRING ""
| #define PACKAGE_BUGREPORT ""
| #define PACKAGE "libiconv"
| #define VERSION "1.9"
| #define INSTALLPREFIX "/usr/local"
| #define ENABLE_EXTRA 1
| #define _GNU_SOURCE 1
| #define STDC_HEADERS 1
| #define HAVE_SYS_TYPES_H 1
| #define HAVE_SYS_STAT_H 1
| #define HAVE_STDLIB_H 1
| #define HAVE_STRING_H 1
| #define HAVE_MEMORY_H 1
| #define HAVE_STRINGS_H 1
| #define HAVE_INTTYPES_H 1
| #define HAVE_UNISTD_H 1
| #define STDC_HEADERS 1
| #define HAVE_LOCALE_H 1
| #define HAVE_STDDEF_H 1
| #define HAVE_STDLIB_H 1
| #define HAVE_STRING_H 1
| #define HAVE_STDLIB_H 1
| #define mbstate_t int
| #define HAVE_GETC_UNLOCKED 1
| #define HAVE_MBRTOWC 1
| #define HAVE_WCRTOMB 1
| #define HAVE_MBSINIT 1
| #define HAVE_SETLOCALE 1
| #define HAVE_MEMMOVE 1
| #define HAVE_WCHAR_H 1
| #define WORDS_LITTLEENDIAN 1
| #define HAVE_ALLOCA_H 1
| #define HAVE_ALLOCA 1
| #define HAVE_STDLIB_H 1
| #define HAVE_STRING_H 1
| #define HAVE_SYS_PARAM_H 1
| #define HAVE_UNISTD_H 1
| #define realpath rpl_realpath
| #define HAVE_GETCWD 1
| #define HAVE_DECL_CLEARERR_UNLOCKED 1
| #define HAVE_DECL_FEOF_UNLOCKED 1
| #define HAVE_DECL_FERROR_UNLOCKED 1
| #define HAVE_DECL_FFLUSH_UNLOCKED 1
| #define HAVE_DECL_FGETS_UNLOCKED 0
| #define HAVE_DECL_FPUTC_UNLOCKED 1
| #define HAVE_DECL_FPUTS_UNLOCKED 0
| #define HAVE_DECL_FREAD_UNLOCKED 1
| #define HAVE_DECL_FWRITE_UNLOCKED 1
| #define HAVE_DECL_GETC_UNLOCKED 1
| #define HAVE_DECL_GETCHAR_UNLOCKED 1
| #define HAVE_DECL_PUTC_UNLOCKED 1
| #define HAVE_DECL_PUTCHAR_UNLOCKED 1
| #define HAVE_VPRINTF 1
| #define HAVE_STRERROR 1
| #define HAVE_DECL_STRERROR 1
| #define HAVE_DECL_STRERROR_R 0
| #define HAVE_STRERROR_R 1
| #define STRERROR_R_CHAR_P 1
| #define HAVE_LIMITS_H 1
| #define HAVE_STDLIB_H 1
| #define HAVE_STRING_H 1
| #define HAVE_UNISTD_H 1
| #define HAVE_ERRNO_DECL 1
| /* end confdefs.h.  */
| _Bool x = sizeof (_Bool);
| int
| main ()
| {
| 
|   ;
|   return 0;
| }
configure:25790: result: no
configure:25806: checking for strerror
configure:25876: result: yes
configure:25901: checking for sys/types.h
configure:25906: result: yes
configure:26207: creating ./config.status

## ---------------------- ##
## Running config.status. ##
## ---------------------- ##

This file was extended by config.status, which was
generated by GNU Autoconf 2.57.  Invocation command line was

  CONFIG_FILES    = 
  CONFIG_HEADERS  = 
  CONFIG_LINKS    = 
  CONFIG_COMMANDS = 
  $ ./config.status 

on amigo-note

config.status:728: creating Makefile
config.status:728: creating lib/Makefile
config.status:728: creating srclib/Makefile
config.status:728: creating src/Makefile
config.status:728: creating po/Makefile.in
config.status:728: creating man/Makefile
config.status:728: creating tests/Makefile
config.status:728: creating include/iconv.h
config.status:825: creating lib/config.h
config.status:1050: lib/config.h is unchanged
config.status:1172: executing depfiles commands
config.status:1172: executing default-1 commands
configure:27625: configuring in libcharset
configure:27709: running /bin/sh '../../libiconv/libcharset/configure' --prefix=/usr/local  '--disable-shared' '--enable-static' '--enable-extra-encodings' --cache-file=/dev/null --srcdir=../../libiconv/libcharset

## ---------------- ##
## Cache variables. ##
## ---------------- ##

ac_cv_build=i586-pc-beos
ac_cv_build_alias=i586-pc-beos
ac_cv_c_compiler_gnu=yes
ac_cv_cxx_compiler_gnu=yes
ac_cv_decl_EILSEQ=yes
ac_cv_env_CC_set=
ac_cv_env_CC_value=
ac_cv_env_CFLAGS_set=
ac_cv_env_CFLAGS_value=
ac_cv_env_CPPFLAGS_set=
ac_cv_env_CPPFLAGS_value=
ac_cv_env_CPP_set=
ac_cv_env_CPP_value=
ac_cv_env_CXXCPP_set=
ac_cv_env_CXXCPP_value=
ac_cv_env_CXXFLAGS_set=
ac_cv_env_CXXFLAGS_value=
ac_cv_env_CXX_set=
ac_cv_env_CXX_value=
ac_cv_env_F77_set=
ac_cv_env_F77_value=
ac_cv_env_FFLAGS_set=
ac_cv_env_FFLAGS_value=
ac_cv_env_LDFLAGS_set=
ac_cv_env_LDFLAGS_value=
ac_cv_env_build_alias_set=
ac_cv_env_build_alias_value=
ac_cv_env_host_alias_set=
ac_cv_env_host_alias_value=
ac_cv_env_target_alias_set=
ac_cv_env_target_alias_value=
ac_cv_exeext=
ac_cv_f77_compiler_gnu=no
ac_cv_func__doprnt=no
ac_cv_func_alloca_works=yes
ac_cv_func_canonicalize_file_name=no
ac_cv_func_getc_unlocked=yes
ac_cv_func_getcwd=yes
ac_cv_func_mbrtowc=yes
ac_cv_func_mbsinit=yes
ac_cv_func_memmove=yes
ac_cv_func_setenv=no
ac_cv_func_setlocale=yes
ac_cv_func_strerror=yes
ac_cv_func_strerror_r=yes
ac_cv_func_strerror_r_char_p=yes
ac_cv_func_tsearch=no
ac_cv_func_unsetenv=no
ac_cv_func_vprintf=yes
ac_cv_func_wcrtomb=yes
ac_cv_have_decl_clearerr_unlocked=yes
ac_cv_have_decl_feof_unlocked=yes
ac_cv_have_decl_ferror_unlocked=yes
ac_cv_have_decl_fflush_unlocked=yes
ac_cv_have_decl_fgets_unlocked=no
ac_cv_have_decl_fputc_unlocked=yes
ac_cv_have_decl_fputs_unlocked=no
ac_cv_have_decl_fread_unlocked=yes
ac_cv_have_decl_fwrite_unlocked=yes
ac_cv_have_decl_getc_unlocked=yes
ac_cv_have_decl_getchar_unlocked=yes
ac_cv_have_decl_putc_unlocked=yes
ac_cv_have_decl_putchar_unlocked=yes
ac_cv_have_decl_strerror=yes
ac_cv_have_decl_strerror_r=no
ac_cv_header_dlfcn_h=no
ac_cv_header_inttypes_h=yes
ac_cv_header_limits_h=yes
ac_cv_header_locale_h=yes
ac_cv_header_memory_h=yes
ac_cv_header_minix_config_h=no
ac_cv_header_search_h=no
ac_cv_header_stdc=yes
ac_cv_header_stddef_h=yes
ac_cv_header_stdint_h=no
ac_cv_header_stdlib_h=yes
ac_cv_header_string_h=yes
ac_cv_header_strings_h=yes
ac_cv_header_sys_param_h=yes
ac_cv_header_sys_stat_h=yes
ac_cv_header_sys_types_h=yes
ac_cv_header_unistd_h=yes
ac_cv_header_wchar_h=yes
ac_cv_host=i586-pc-beos
ac_cv_host_alias=i586-pc-beos
ac_cv_lib_cposix_strerror=no
ac_cv_objext=o
ac_cv_path_GMSGFMT=/boot/home/config/bin/msgfmt
ac_cv_path_MSGFMT=/boot/home/config/bin/msgfmt
ac_cv_path_MSGMERGE=/boot/home/config/bin/msgmerge
ac_cv_path_XGETTEXT=/boot/home/config/bin/xgettext
ac_cv_path_install='/bin/install -c'
ac_cv_prog_AWK=gawk
ac_cv_prog_CPP='gcc -E'
ac_cv_prog_CXXCPP='g++ -E'
ac_cv_prog_ac_ct_AR=ar
ac_cv_prog_ac_ct_CC=gcc
ac_cv_prog_ac_ct_CXX=g++
ac_cv_prog_ac_ct_RANLIB=ranlib
ac_cv_prog_ac_ct_STRIP=strip
ac_cv_prog_cc_g=yes
ac_cv_prog_cc_stdc=
ac_cv_prog_cxx_g=yes
ac_cv_prog_egrep='grep -E'
ac_cv_prog_f77_g=no
ac_cv_prog_gcc_traditional=no
ac_cv_prog_make_make_set=yes
ac_cv_type_mbstate_t=no
ac_cv_working_alloca_h=yes
acl_cv_hardcode_direct=no
acl_cv_hardcode_libdir_flag_spec='${wl}-rpath ${wl}$libdir'
acl_cv_hardcode_libdir_separator=
acl_cv_hardcode_minus_L=no
acl_cv_libext=a
acl_cv_libpath=LIBRARY_PATH
acl_cv_path_LD=/boot/develop/tools/gnupro/i586-pc-beos/bin/ld
acl_cv_prog_gnu_ld=yes
acl_cv_rpath=done
acl_cv_shlibext=so
acl_cv_shlibpath_var=LIBRARY_PATH
acl_cv_wl=-Wl,
am_cv_CC_dependencies_compiler_type=none
am_cv_CXX_dependencies_compiler_type=none
am_cv_func_iconv='no, consider installing GNU libiconv'
am_cv_langinfo_codeset=no
am_cv_lib_error_at_line=no
am_cv_lib_iconv=no
cl_cv_prog_LN='cp -p'
cl_cv_prog_cp='cp -p'
cl_cv_sys_endian='little endian'
gt_cv_func_gnugettext1_libc=no
gt_cv_func_gnugettext1_libintl=no
gt_cv_header_stdbool_h=no
gt_cv_type_Bool=no
gt_cv_var_environ_declaration=no
gt_cv_var_errno_declaration=yes
lt_cv_deplibs_check_method=pass_all
lt_cv_file_magic_cmd='$MAGIC_CMD'
lt_cv_file_magic_test_file=
lt_cv_ld_reload_flag=-r
lt_cv_objdir=.libs
lt_cv_path_LD=/boot/develop/tools/gnupro/i586-pc-beos/bin/ld
lt_cv_path_LDCXX=/boot/develop/tools/gnupro/i586-pc-beos/bin/ld
lt_cv_path_NM='/boot/develop/tools/gnupro/bin/nm -B'
lt_cv_path_SED=/bin/sed
lt_cv_prog_compiler_c_o=yes
lt_cv_prog_compiler_c_o_CXX=yes
lt_cv_prog_compiler_rtti_exceptions=yes
lt_cv_prog_gnu_ld=yes
lt_cv_prog_gnu_ldcxx=yes
lt_cv_sys_global_symbol_pipe='sed -n -e '\''s/^.*[ 	]\([ABCDGISTW][ABCDGISTW]*\)[ 	][ 	]*\(\)\([_A-Za-z][_A-Za-z0-9]*\)$/\1 \2\3 \3/p'\'''
lt_cv_sys_global_symbol_to_c_name_address='sed -n -e '\''s/^: \([^ ]*\) $/  {\"\1\", (lt_ptr) 0},/p'\'' -e '\''s/^[BCDEGRST] \([^ ]*\) \([^ ]*\)$/  {"\2", (lt_ptr) \&\2},/p'\'''
lt_cv_sys_global_symbol_to_cdecl='sed -n -e '\''s/^. .* \(.*\)$/extern int \1;/p'\'''
lt_cv_sys_max_cmd_len=262144
lt_lt_cv_prog_compiler_c_o='"yes"'
lt_lt_cv_prog_compiler_c_o_CXX='"yes"'
lt_lt_cv_sys_global_symbol_pipe='"sed -n -e '\''s/^.*[ 	]\\([ABCDGISTW][ABCDGISTW]*\\)[ 	][ 	]*\\(\\)\\([_A-Za-z][_A-Za-z0-9]*\\)\$/\\1 \\2\\3 \\3/p'\''"'
lt_lt_cv_sys_global_symbol_to_c_name_address='"sed -n -e '\''s/^: \\([^ ]*\\) \$/  {\\\"\\1\\\", (lt_ptr) 0},/p'\'' -e '\''s/^[BCDEGRST] \\([^ ]*\\) \\([^ ]*\\)\$/  {\"\\2\", (lt_ptr) \\&\\2},/p'\''"'
lt_lt_cv_sys_global_symbol_to_cdecl='"sed -n -e '\''s/^. .* \\(.*\\)\$/extern int \\1;/p'\''"'

## ----------------- ##
## Output variables. ##
## ----------------- ##

ACLOCAL='${SHELL} /files/abiword-2.2.8/libiconv/autoconf/missing --run aclocal-1.7'
ALLOCA=''
ALLOCA_H='alloca.h'
AMDEPBACKSLASH='\'
AMDEP_FALSE='#'
AMDEP_TRUE=''
AMTAR='${SHELL} /files/abiword-2.2.8/libiconv/autoconf/missing --run tar'
AR='ar'
AS='as'
AUTOCONF='${SHELL} /files/abiword-2.2.8/libiconv/autoconf/missing --run autoconf'
AUTOHEADER='${SHELL} /files/abiword-2.2.8/libiconv/autoconf/missing --run autoheader'
AUTOMAKE='${SHELL} /files/abiword-2.2.8/libiconv/autoconf/missing --run automake-1.7'
AWK='gawk'
CC='gcc'
CCDEPMODE='depmode=none'
CFLAGS='-g -O2'
CP='cp -p'
CPP='gcc -E'
CPPFLAGS=''
CXX='g++'
CXXCPP='g++ -E'
CXXDEPMODE='depmode=none'
CXXFLAGS='-g -O2'
CYGPATH_W='echo'
DEFS='-DHAVE_CONFIG_H'
DEPDIR='.deps'
DLLTOOL='dlltool'
ECHO='echo'
ECHO_C=''
ECHO_N='-n'
ECHO_T=''
EGREP='grep -E'
EILSEQ=''
EXEEXT=''
F77=''
FFLAGS=''
GCC='yes'
GMSGFMT='/boot/home/config/bin/msgfmt'
HAVE__BOOL='0'
ICONV_CONST='const'
INSTALL_DATA='${INSTALL} -m 644'
INSTALL_PROGRAM='${INSTALL}'
INSTALL_SCRIPT='${INSTALL}'
INSTALL_STRIP_PROGRAM='${SHELL} $(install_sh) -c -s'
INTLLIBS=''
LDFLAGS=''
LIBICONV=''
LIBINTL=''
LIBOBJS=' canonicalize$U.o setenv$U.o unsetenv$U.o'
LIBS=''
LIBTOOL='$(SHELL) $(top_builddir)/libtool'
LN='cp -p'
LN_S='ln -s'
LTLIBICONV=''
LTLIBINTL=''
LTLIBOBJS=' canonicalize$U.lo setenv$U.lo unsetenv$U.lo'
MAKEINFO='${SHELL} /files/abiword-2.2.8/libiconv/autoconf/missing --run makeinfo'
MKINSTALLDIRS='$(top_builddir)/autoconf/mkinstalldirs'
MSGFMT='/boot/home/config/bin/msgfmt'
MSGMERGE='/boot/home/config/bin/msgmerge'
OBJDUMP='objdump'
OBJEXT='o'
OS=''
PACKAGE='libiconv'
PACKAGE_BUGREPORT=''
PACKAGE_NAME=''
PACKAGE_STRING=''
PACKAGE_TARNAME=''
PACKAGE_VERSION=''
PATH_SEPARATOR=':'
PLUGLIB=''
POSUB=''
RANLIB='ranlib'
RELOCATABLE='no'
RELOCATABLE_VIA_LD_FALSE=''
RELOCATABLE_VIA_LD_TRUE='#'
SET_MAKE=''
SET_RELOCATABLE=''
SHELL='/bin/sh'
STDBOOL_H='stdbool.h'
STRIP='strip'
USE_EXTRA_ENCODINGS='yes'
USE_NLS='no'
VERSION='1.9'
XGETTEXT='/boot/home/config/bin/xgettext'
ac_ct_AR='ar'
ac_ct_AS=''
ac_ct_CC='gcc'
ac_ct_CXX='g++'
ac_ct_DLLTOOL=''
ac_ct_F77=''
ac_ct_OBJDUMP=''
ac_ct_RANLIB='ranlib'
ac_ct_STRIP='strip'
am__fastdepCC_FALSE=''
am__fastdepCC_TRUE='#'
am__fastdepCXX_FALSE=''
am__fastdepCXX_TRUE='#'
am__include='include'
am__leading_dot='.'
am__quote=''
bindir='${exec_prefix}/bin'
build='i586-pc-beos'
build_alias=''
build_cpu='i586'
build_os='beos'
build_vendor='pc'
datadir='${prefix}/share'
exec_prefix='${prefix}'
host='i586-pc-beos'
host_alias=''
host_cpu='i586'
host_os='beos'
host_vendor='pc'
includedir='${prefix}/include'
infodir='${prefix}/info'
install_sh='/files/abiword-2.2.8/libiconv/autoconf/install-sh'
libdir='${exec_prefix}/lib'
libexecdir='${exec_prefix}/libexec'
localstatedir='${prefix}/var'
mandir='${datadir}/man'
oldincludedir='/usr/include'
prefix='/usr/local'
program_transform_name='s,x,x,'
sbindir='${exec_prefix}/sbin'
sharedstatedir='${prefix}/com'
subdirs=' libcharset'
sysconfdir='${prefix}/etc'
target_alias=''

## ----------- ##
## confdefs.h. ##
## ----------- ##

#define ENABLE_EXTRA 1
#define HAVE_ALLOCA 1
#define HAVE_ALLOCA_H 1
#define HAVE_DECL_CLEARERR_UNLOCKED 1
#define HAVE_DECL_FEOF_UNLOCKED 1
#define HAVE_DECL_FERROR_UNLOCKED 1
#define HAVE_DECL_FFLUSH_UNLOCKED 1
#define HAVE_DECL_FGETS_UNLOCKED 0
#define HAVE_DECL_FPUTC_UNLOCKED 1
#define HAVE_DECL_FPUTS_UNLOCKED 0
#define HAVE_DECL_FREAD_UNLOCKED 1
#define HAVE_DECL_FWRITE_UNLOCKED 1
#define HAVE_DECL_GETCHAR_UNLOCKED 1
#define HAVE_DECL_GETC_UNLOCKED 1
#define HAVE_DECL_PUTCHAR_UNLOCKED 1
#define HAVE_DECL_PUTC_UNLOCKED 1
#define HAVE_DECL_STRERROR 1
#define HAVE_DECL_STRERROR_R 0
#define HAVE_ERRNO_DECL 1
#define HAVE_GETCWD 1
#define HAVE_GETC_UNLOCKED 1
#define HAVE_INTTYPES_H 1
#define HAVE_LIMITS_H 1
#define HAVE_LOCALE_H 1
#define HAVE_MBRTOWC 1
#define HAVE_MBSINIT 1
#define HAVE_MEMMOVE 1
#define HAVE_MEMORY_H 1
#define HAVE_SETLOCALE 1
#define HAVE_STDDEF_H 1
#define HAVE_STDLIB_H 1
#define HAVE_STDLIB_H 1
#define HAVE_STDLIB_H 1
#define HAVE_STDLIB_H 1
#define HAVE_STDLIB_H 1
#define HAVE_STRERROR 1
#define HAVE_STRERROR 1
#define HAVE_STRERROR_R 1
#define HAVE_STRINGS_H 1
#define HAVE_STRING_H 1
#define HAVE_STRING_H 1
#define HAVE_STRING_H 1
#define HAVE_STRING_H 1
#define HAVE_SYS_PARAM_H 1
#define HAVE_SYS_STAT_H 1
#define HAVE_SYS_TYPES_H 1
#define HAVE_SYS_TYPES_H 1
#define HAVE_UNISTD_H 1
#define HAVE_UNISTD_H 1
#define HAVE_UNISTD_H 1
#define HAVE_VPRINTF 1
#define HAVE_WCHAR_H 1
#define HAVE_WCRTOMB 1
#define INSTALLPREFIX "/usr/local"
#define PACKAGE "libiconv"
#define PACKAGE_BUGREPORT ""
#define PACKAGE_NAME ""
#define PACKAGE_STRING ""
#define PACKAGE_TARNAME ""
#define PACKAGE_VERSION ""
#define STDC_HEADERS 1
#define STDC_HEADERS 1
#define STRERROR_R_CHAR_P 1
#define VERSION "1.9"
#define WORDS_LITTLEENDIAN 1
#define _GNU_SOURCE 1
#define mbstate_t int
#define realpath rpl_realpath

configure: exit 0
