This file contains any messages produced by compilers while
running configure, to aid debugging if configure makes a mistake.

It was created by configure, which was
generated by GNU Autoconf 2.53.  Invocation command line was

  $ ../popt/configure --disable-shared --enable-static

## --------- ##
## Platform. ##
## --------- ##

hostname = amigo-note
uname -m = BePC
uname -r = 5.0.4
uname -s = BeOS
uname -v = 1000009

/usr/bin/uname -p = unknown
/bin/uname -X     = unknown

/bin/arch              = unknown
/usr/bin/arch -k       = unknown
/usr/convex/getsysinfo = unknown
hostinfo               = unknown
/bin/machine           = unknown
/usr/bin/oslevel       = unknown
/bin/universe          = unknown

PATH: .
PATH: /boot/home/config/bin
PATH: /bin
PATH: /boot/apps
PATH: /boot/preferences
PATH: /boot/beos/apps
PATH: /boot/beos/preferences
PATH: /boot/develop/tools/gnupro/bin
PATH: /boot/apps/X11R6.4/bin
PATH: /boot/home/bekaffe/bin
PATH: /boot/home/fpc/bin/beos
PATH: /usr/X11/bin


## ----------- ##
## Core tests. ##
## ----------- ##

configure:1402: checking build system type
configure:1420: result: i586-pc-beos
configure:1428: checking host system type
configure:1442: result: i586-pc-beos
configure:1450: checking target system type
configure:1464: result: i586-pc-beos
configure:1494: checking for a BSD-compatible install
configure:1548: result: /bin/install -c
configure:1559: checking whether build environment is sane
configure:1602: result: yes
configure:1635: checking for gawk
configure:1651: found /bin/gawk
configure:1661: result: gawk
configure:1671: checking whether make sets ${MAKE}
configure:1691: result: yes
configure:1865: checking for style of include used by make
configure:1893: result: GNU
configure:1964: checking for gcc
configure:1980: found /boot/develop/tools/gnupro/bin/gcc
configure:1990: result: gcc
configure:2234: checking for C compiler version
configure:2237: gcc --version </dev/null >&5
2.95.3-beos-041202
configure:2240: $? = 0
configure:2242: gcc -v </dev/null >&5
using priority 5
Reading specs from /boot/develop/tools/gnupro/lib/gcc-lib/i586-pc-beos/2.95.3-beos-041202/specs
gcc version 2.95.3-beos-041202
configure:2245: $? = 0
configure:2247: gcc -V </dev/null >&5
gcc: argument to `-V' is missing
configure:2250: $? = 1
configure:2276: checking for C compiler default output
configure:2279: gcc    conftest.c  >&5
configure:2282: $? = 0
configure:2315: result: conftest
configure:2320: checking whether the C compiler works
configure:2326: ./conftest
configure:2329: $? = 0
configure:2344: result: yes
configure:2351: checking whether we are cross compiling
configure:2353: result: no
configure:2356: checking for suffix of executables
configure:2358: gcc -o conftest    conftest.c  >&5
configure:2361: $? = 0
configure:2383: result: 
configure:2389: checking for suffix of object files
configure:2413: gcc -c   conftest.c >&5
configure:2416: $? = 0
configure:2435: result: o
configure:2439: checking whether we are using the GNU C compiler
configure:2466: gcc -c   conftest.c >&5
configure:2469: $? = 0
configure:2472: test -s conftest.o
configure:2475: $? = 0
configure:2487: result: yes
configure:2493: checking whether gcc accepts -g
configure:2517: gcc -c -g  conftest.c >&5
configure:2520: $? = 0
configure:2523: test -s conftest.o
configure:2526: $? = 0
configure:2536: result: yes
configure:2563: gcc -c -g -O2  conftest.c >&5
/files/abiword-2.2.8/popt/conftest.c:2: parse error before `me'
configure:2566: $? = 1
configure: failed program was:
#ifndef __cplusplus
  choke me
#endif
configure:2678: checking dependency style of gcc
configure:2740: result: gcc
configure:2747: checking for strerror in -lcposix
configure:2780: gcc -o conftest -g -O2   conftest.c -lcposix   >&5
/boot/develop/tools/gnupro/i586-pc-beos/bin/ld: cannot find -lcposix
collect2: ld returned 1 exit status
configure:2783: $? = 1
configure: failed program was:
#line 2754 "configure"
#include "confdefs.h"

/* Override any gcc2 internal prototype to avoid an error.  */
#ifdef __cplusplus
extern "C"
#endif
/* We use char because int might match the return type of a gcc2
   builtin and then its argument prototype would still apply.  */
char strerror ();
#ifdef F77_DUMMY_MAIN
#  ifdef __cplusplus
     extern "C"
#  endif
   int F77_DUMMY_MAIN() { return 1; }
#endif
int
main ()
{
strerror ();
  ;
  return 0;
}
configure:2800: result: no
configure:2855: checking for gcc
configure:2881: result: gcc
configure:3125: checking for C compiler version
configure:3128: gcc --version </dev/null >&5
2.95.3-beos-041202
configure:3131: $? = 0
configure:3133: gcc -v </dev/null >&5
using priority 5
Reading specs from /boot/develop/tools/gnupro/lib/gcc-lib/i586-pc-beos/2.95.3-beos-041202/specs
gcc version 2.95.3-beos-041202
configure:3136: $? = 0
configure:3138: gcc -V </dev/null >&5
gcc: argument to `-V' is missing
configure:3141: $? = 1
configure:3144: checking whether we are using the GNU C compiler
configure:3192: result: yes
configure:3198: checking whether gcc accepts -g
configure:3241: result: yes
configure:3268: gcc -c -g -O2  conftest.c >&5
/files/abiword-2.2.8/popt/conftest.c:2: parse error before `me'
configure:3271: $? = 1
configure: failed program was:
#ifndef __cplusplus
  choke me
#endif
configure:3383: checking dependency style of gcc
configure:3445: result: gcc
configure:3455: checking how to run the C preprocessor
configure:3481: gcc -E  conftest.c
configure:3487: $? = 0
configure:3514: gcc -E  conftest.c
/files/abiword-2.2.8/popt/configure:3510: ac_nonexistent.h: No such file or directory
configure:3520: $? = 1
configure: failed program was:
#line 3509 "configure"
#include "confdefs.h"
#include <ac_nonexistent.h>
configure:3557: result: gcc -E
configure:3572: gcc -E  conftest.c
configure:3578: $? = 0
configure:3605: gcc -E  conftest.c
/files/abiword-2.2.8/popt/configure:3601: ac_nonexistent.h: No such file or directory
configure:3611: $? = 1
configure: failed program was:
#line 3600 "configure"
#include "confdefs.h"
#include <ac_nonexistent.h>
configure:3652: checking whether gcc needs -traditional
/files/abiword-2.2.8/popt/configure:3659: sgtty.h: No such file or directory
/files/abiword-2.2.8/popt/configure:3675: termio.h: No such file or directory
configure:3688: result: no
configure:3698: checking for gcc option to accept ANSI C
configure:3764: gcc  -c -g -O2  conftest.c >&5
configure:3767: $? = 0
configure:3770: test -s conftest.o
configure:3773: $? = 0
configure:3787: result: none needed
configure:3812: checking for sys/types.h
configure:3825: gcc -c -g -O2  conftest.c >&5
configure:3828: $? = 0
configure:3831: test -s conftest.o
configure:3834: $? = 0
configure:3844: result: yes
configure:3812: checking for sys/stat.h
configure:3825: gcc -c -g -O2  conftest.c >&5
configure:3828: $? = 0
configure:3831: test -s conftest.o
configure:3834: $? = 0
configure:3844: result: yes
configure:3812: checking for stdlib.h
configure:3825: gcc -c -g -O2  conftest.c >&5
configure:3828: $? = 0
configure:3831: test -s conftest.o
configure:3834: $? = 0
configure:3844: result: yes
configure:3812: checking for string.h
configure:3825: gcc -c -g -O2  conftest.c >&5
configure:3828: $? = 0
configure:3831: test -s conftest.o
configure:3834: $? = 0
configure:3844: result: yes
configure:3812: checking for memory.h
configure:3825: gcc -c -g -O2  conftest.c >&5
configure:3828: $? = 0
configure:3831: test -s conftest.o
configure:3834: $? = 0
configure:3844: result: yes
configure:3812: checking for strings.h
configure:3825: gcc -c -g -O2  conftest.c >&5
configure:3828: $? = 0
configure:3831: test -s conftest.o
configure:3834: $? = 0
configure:3844: result: yes
configure:3812: checking for inttypes.h
configure:3825: gcc -c -g -O2  conftest.c >&5
configure:3828: $? = 0
configure:3831: test -s conftest.o
configure:3834: $? = 0
configure:3844: result: yes
configure:3812: checking for stdint.h
configure:3825: gcc -c -g -O2  conftest.c >&5
/files/abiword-2.2.8/popt/configure:3853: stdint.h: No such file or directory
configure:3828: $? = 1
configure: failed program was:
#line 3817 "configure"
#include "confdefs.h"
#include <stdio.h>
#if HAVE_SYS_TYPES_H
# include <sys/types.h>
#endif
#if HAVE_SYS_STAT_H
# include <sys/stat.h>
#endif
#if STDC_HEADERS
# include <stdlib.h>
# include <stddef.h>
#else
# if HAVE_STDLIB_H
#  include <stdlib.h>
# endif
#endif
#if HAVE_STRING_H
# if !STDC_HEADERS && HAVE_MEMORY_H
#  include <memory.h>
# endif
# include <string.h>
#endif
#if HAVE_STRINGS_H
# include <strings.h>
#endif
#if HAVE_INTTYPES_H
# include <inttypes.h>
#else
# if HAVE_STDINT_H
#  include <stdint.h>
# endif
#endif
#if HAVE_UNISTD_H
# include <unistd.h>
#endif

#include <stdint.h>
configure:3844: result: no
configure:3812: checking for unistd.h
configure:3825: gcc -c -g -O2  conftest.c >&5
configure:3828: $? = 0
configure:3831: test -s conftest.o
configure:3834: $? = 0
configure:3844: result: yes
configure:3858: checking for function prototypes
configure:3861: result: yes
configure:3875: checking for ANSI C header files
configure:3889: gcc -E  conftest.c
configure:3895: $? = 0
configure:3980: gcc -o conftest -g -O2   conftest.c  >&5
configure:3983: $? = 0
configure:3985: ./conftest
configure:3988: $? = 0
configure:4002: result: yes
configure:4017: checking for string.h
configure:4022: result: yes
configure:4216: checking for ld used by GCC
configure:4279: result: /boot/develop/tools/gnupro/i586-pc-beos/bin/ld
configure:4288: checking if the linker (/boot/develop/tools/gnupro/i586-pc-beos/bin/ld) is GNU ld
GNU ld version 2.15-beos-041202
configure:4300: result: yes
configure:4305: checking for /boot/develop/tools/gnupro/i586-pc-beos/bin/ld option to reload object files
configure:4312: result: -r
configure:4317: checking for BSD-compatible nm
configure:4353: result: /boot/develop/tools/gnupro/bin/nm -B
configure:4356: checking whether ln -s works
configure:4360: result: yes
configure:4367: checking how to recognise dependant libraries
configure:4545: result: pass_all
configure:4557: checking command to parse /boot/develop/tools/gnupro/bin/nm -B output
configure:4638: gcc -c -g -O2  conftest.c >&5
configure:4641: $? = 0
configure:4645: /boot/develop/tools/gnupro/bin/nm -B conftest.o \| sed -n -e 's/^.*[ 	]\([ABCDGISTW][ABCDGISTW]*\)[ 	][ 	]*\(\)\([_A-Za-z][_A-Za-z0-9]*\)$/\1 \2\3 \3/p' \> conftest.nm
configure:4648: $? = 0
configure:4700: gcc -o conftest -g -O2   conftest.c conftstm.o >&5
configure:4703: $? = 0
configure:4747: result: ok
configure:4765: checking dlfcn.h usability
configure:4774: gcc -c -g -O2  conftest.c >&5
/files/abiword-2.2.8/popt/configure:4802: dlfcn.h: No such file or directory
configure:4777: $? = 1
configure: failed program was:
#line 4767 "configure"
#include "confdefs.h"
#include <stdio.h>
#if HAVE_SYS_TYPES_H
# include <sys/types.h>
#endif
#if HAVE_SYS_STAT_H
# include <sys/stat.h>
#endif
#if STDC_HEADERS
# include <stdlib.h>
# include <stddef.h>
#else
# if HAVE_STDLIB_H
#  include <stdlib.h>
# endif
#endif
#if HAVE_STRING_H
# if !STDC_HEADERS && HAVE_MEMORY_H
#  include <memory.h>
# endif
# include <string.h>
#endif
#if HAVE_STRINGS_H
# include <strings.h>
#endif
#if HAVE_INTTYPES_H
# include <inttypes.h>
#else
# if HAVE_STDINT_H
#  include <stdint.h>
# endif
#endif
#if HAVE_UNISTD_H
# include <unistd.h>
#endif
#include <dlfcn.h>
configure:4792: result: no
configure:4796: checking dlfcn.h presence
configure:4803: gcc -E  conftest.c
/files/abiword-2.2.8/popt/configure:4799: dlfcn.h: No such file or directory
configure:4809: $? = 1
configure: failed program was:
#line 4798 "configure"
#include "confdefs.h"
#include <dlfcn.h>
configure:4827: result: no
configure:4845: checking for dlfcn.h
configure:4852: result: no
configure:5049: checking for ranlib
configure:5065: found /boot/develop/tools/gnupro/bin/ranlib
configure:5076: result: ranlib
configure:5129: checking for strip
configure:5145: found /boot/develop/tools/gnupro/bin/strip
configure:5156: result: strip
configure:5367: checking for objdir
configure:5378: result: .libs
configure:5395: checking for gcc option to produce PIC
configure:5542: result: none
configure:5637: checking if gcc static flag -static works
configure:5664: gcc -o conftest -g -O2   -static conftest.c  >&5
configure:5667: $? = 0
configure:5670: test -s conftest
configure:5673: $? = 0
configure:5688: result: yes
configure:5700: checking if gcc supports -c -o file.o
configure:5722: gcc -c -g -O2 -o out/conftest2.o  conftest.c >&5
configure:5744: result: yes
configure:5749: checking if gcc supports -c -o file.lo
configure:5779: gcc -c -g -O2 -c -o conftest.lo  conftest.c >&5
configure:5782: $? = 0
configure:5785: test -s conftest.lo
configure:5788: $? = 0
configure:5809: result: yes
configure:5840: checking if gcc supports -fno-rtti -fno-exceptions
configure:5865: gcc -c -g -O2 -fno-rtti -fno-exceptions -c conftest.c  conftest.c >&5
configure:5868: $? = 0
configure:5871: test -s conftest.o
configure:5874: $? = 0
configure:5890: result: yes
configure:5901: checking whether the linker (/boot/develop/tools/gnupro/i586-pc-beos/bin/ld) supports shared libraries
configure:6581: result: yes
configure:6586: checking how to hardcode library paths into programs
configure:6610: result: immediate
configure:6615: checking whether stripping libraries is possible
configure:6620: result: yes
configure:6631: checking dynamic linker characteristics
configure:7024: result: beos ld.so
configure:7029: checking if libtool supports shared libraries
configure:7031: result: yes
configure:7034: checking whether to build shared libraries
configure:7055: result: no
configure:7058: checking whether to build static libraries
configure:7062: result: yes
configure:8348: checking for a BSD-compatible install
configure:8402: result: /bin/install -c
configure:8458: checking alloca.h usability
configure:8467: gcc -c -Wall -g -O2  conftest.c >&5
configure:8470: $? = 0
configure:8473: test -s conftest.o
configure:8476: $? = 0
configure:8485: result: yes
configure:8489: checking alloca.h presence
configure:8496: gcc -E  conftest.c
configure:8502: $? = 0
configure:8520: result: yes
configure:8538: checking for alloca.h
configure:8545: result: yes
configure:8458: checking float.h usability
configure:8467: gcc -c -Wall -g -O2  conftest.c >&5
configure:8470: $? = 0
configure:8473: test -s conftest.o
configure:8476: $? = 0
configure:8485: result: yes
configure:8489: checking float.h presence
configure:8496: gcc -E  conftest.c
configure:8502: $? = 0
configure:8520: result: yes
configure:8538: checking for float.h
configure:8545: result: yes
configure:8458: checking libintl.h usability
configure:8467: gcc -c -Wall -g -O2  conftest.c >&5
/files/abiword-2.2.8/popt/configure:8495: libintl.h: No such file or directory
configure:8470: $? = 1
configure: failed program was:
#line 8460 "configure"
#include "confdefs.h"
#include <stdio.h>
#if HAVE_SYS_TYPES_H
# include <sys/types.h>
#endif
#if HAVE_SYS_STAT_H
# include <sys/stat.h>
#endif
#if STDC_HEADERS
# include <stdlib.h>
# include <stddef.h>
#else
# if HAVE_STDLIB_H
#  include <stdlib.h>
# endif
#endif
#if HAVE_STRING_H
# if !STDC_HEADERS && HAVE_MEMORY_H
#  include <memory.h>
# endif
# include <string.h>
#endif
#if HAVE_STRINGS_H
# include <strings.h>
#endif
#if HAVE_INTTYPES_H
# include <inttypes.h>
#else
# if HAVE_STDINT_H
#  include <stdint.h>
# endif
#endif
#if HAVE_UNISTD_H
# include <unistd.h>
#endif
#include <libintl.h>
configure:8485: result: no
configure:8489: checking libintl.h presence
configure:8496: gcc -E  conftest.c
/files/abiword-2.2.8/popt/configure:8492: libintl.h: No such file or directory
configure:8502: $? = 1
configure: failed program was:
#line 8491 "configure"
#include "confdefs.h"
#include <libintl.h>
configure:8520: result: no
configure:8538: checking for libintl.h
configure:8545: result: no
configure:8458: checking mcheck.h usability
configure:8467: gcc -c -Wall -g -O2  conftest.c >&5
/files/abiword-2.2.8/popt/configure:8495: mcheck.h: No such file or directory
configure:8470: $? = 1
configure: failed program was:
#line 8460 "configure"
#include "confdefs.h"
#include <stdio.h>
#if HAVE_SYS_TYPES_H
# include <sys/types.h>
#endif
#if HAVE_SYS_STAT_H
# include <sys/stat.h>
#endif
#if STDC_HEADERS
# include <stdlib.h>
# include <stddef.h>
#else
# if HAVE_STDLIB_H
#  include <stdlib.h>
# endif
#endif
#if HAVE_STRING_H
# if !STDC_HEADERS && HAVE_MEMORY_H
#  include <memory.h>
# endif
# include <string.h>
#endif
#if HAVE_STRINGS_H
# include <strings.h>
#endif
#if HAVE_INTTYPES_H
# include <inttypes.h>
#else
# if HAVE_STDINT_H
#  include <stdint.h>
# endif
#endif
#if HAVE_UNISTD_H
# include <unistd.h>
#endif
#include <mcheck.h>
configure:8485: result: no
configure:8489: checking mcheck.h presence
configure:8496: gcc -E  conftest.c
/files/abiword-2.2.8/popt/configure:8492: mcheck.h: No such file or directory
configure:8502: $? = 1
configure: failed program was:
#line 8491 "configure"
#include "confdefs.h"
#include <mcheck.h>
configure:8520: result: no
configure:8538: checking for mcheck.h
configure:8545: result: no
configure:8449: checking for unistd.h
configure:8454: result: yes
configure:8558: checking for /usr/ucblib in LIBS
configure:8570: result: no
configure:8576: checking for GNU xgettext
configure:8585: result: yes
configure:8596: checking for strerror
configure:8639: gcc -o conftest -Wall -g -O2   conftest.c  >&5
configure:8642: $? = 0
configure:8645: test -s conftest
configure:8648: $? = 0
configure:8658: result: yes
configure:8596: checking for mtrace
configure:8639: gcc -o conftest -Wall -g -O2   conftest.c  >&5
/tmp/cci5d3Tn.o(.text+0x18): In function `main':
/files/abiword-2.2.8/popt/configure:8629: undefined reference to `mtrace'
collect2: ld returned 1 exit status
configure:8642: $? = 1
configure: failed program was:
#line 8601 "configure"
#include "confdefs.h"
/* System header to define __stub macros and hopefully few prototypes,
    which can conflict with char mtrace (); below.  */
#include <assert.h>
/* Override any gcc2 internal prototype to avoid an error.  */
#ifdef __cplusplus
extern "C"
#endif
/* We use char because int might match the return type of a gcc2
   builtin and then its argument prototype would still apply.  */
char mtrace ();
char (*f) ();

#ifdef F77_DUMMY_MAIN
#  ifdef __cplusplus
     extern "C"
#  endif
   int F77_DUMMY_MAIN() { return 1; }
#endif
int
main ()
{
/* The GNU C library defines this for functions which it implements
    to always fail with ENOSYS.  Some functions are actually named
    something starting with __ and the normal name is an alias.  */
#if defined (__stub_mtrace) || defined (__stub___mtrace)
choke me
#else
f = mtrace;
#endif

  ;
  return 0;
}
configure:8658: result: no
configure:8596: checking for getuid
configure:8639: gcc -o conftest -Wall -g -O2   conftest.c  >&5
configure:8642: $? = 0
configure:8645: test -s conftest
configure:8648: $? = 0
configure:8658: result: yes
configure:8596: checking for geteuid
configure:8639: gcc -o conftest -Wall -g -O2   conftest.c  >&5
configure:8642: $? = 0
configure:8645: test -s conftest
configure:8648: $? = 0
configure:8658: result: yes
configure:8668: checking for setreuid
configure:8711: gcc -o conftest -Wall -g -O2   conftest.c  >&5
/tmp/ccLdfLGT.o(.text+0x18): In function `main':
/files/abiword-2.2.8/popt/configure:8701: undefined reference to `setreuid'
collect2: ld returned 1 exit status
configure:8714: $? = 1
configure: failed program was:
#line 8673 "configure"
#include "confdefs.h"
/* System header to define __stub macros and hopefully few prototypes,
    which can conflict with char setreuid (); below.  */
#include <assert.h>
/* Override any gcc2 internal prototype to avoid an error.  */
#ifdef __cplusplus
extern "C"
#endif
/* We use char because int might match the return type of a gcc2
   builtin and then its argument prototype would still apply.  */
char setreuid ();
char (*f) ();

#ifdef F77_DUMMY_MAIN
#  ifdef __cplusplus
     extern "C"
#  endif
   int F77_DUMMY_MAIN() { return 1; }
#endif
int
main ()
{
/* The GNU C library defines this for functions which it implements
    to always fail with ENOSYS.  Some functions are actually named
    something starting with __ and the normal name is an alias.  */
#if defined (__stub_setreuid) || defined (__stub___setreuid)
choke me
#else
f = setreuid;
#endif

  ;
  return 0;
}
configure:8730: result: no
configure:8736: checking for setreuid in -lucb
configure:8769: gcc -o conftest -Wall -g -O2   conftest.c -lucb   >&5
/boot/develop/tools/gnupro/i586-pc-beos/bin/ld: cannot find -lucb
collect2: ld returned 1 exit status
configure:8772: $? = 1
configure: failed program was:
#line 8743 "configure"
#include "confdefs.h"

/* Override any gcc2 internal prototype to avoid an error.  */
#ifdef __cplusplus
extern "C"
#endif
/* We use char because int might match the return type of a gcc2
   builtin and then its argument prototype would still apply.  */
char setreuid ();
#ifdef F77_DUMMY_MAIN
#  ifdef __cplusplus
     extern "C"
#  endif
   int F77_DUMMY_MAIN() { return 1; }
#endif
int
main ()
{
setreuid ();
  ;
  return 0;
}
configure:8789: result: no
configure:8814: checking for msgfmt
configure:8842: result: /boot/home/config/bin/msgfmt
configure:8851: checking for gmsgfmt
configure:8882: result: /boot/home/config/bin/msgfmt
configure:8892: checking for xgettext
configure:8920: result: /boot/home/config/bin/xgettext
configure:8931: checking for msgmerge
configure:8958: result: /boot/home/config/bin/msgmerge
configure:9034: checking for ranlib
configure:9061: result: ranlib
configure:9073: checking for gcc option to accept ANSI C
configure:9136: gcc  -c -Wall -g -O2  conftest.c >&5
configure:9139: $? = 0
configure:9142: test -s conftest.o
configure:9145: $? = 0
configure:9162: result: none needed
configure:9170: checking for an ANSI C-conforming const
configure:9240: gcc -c -Wall -g -O2  conftest.c >&5
/files/abiword-2.2.8/popt/configure: In function `main':
/files/abiword-2.2.8/popt/configure:9209: warning: unused variable `s'
/files/abiword-2.2.8/popt/configure:9229: warning: unused variable `foo'
/files/abiword-2.2.8/popt/configure:9196: warning: unused variable `zero'
/files/abiword-2.2.8/popt/configure:9190: warning: unused variable `x'
/files/abiword-2.2.8/popt/configure:9208: warning: `t' might be used uninitialized in this function
/files/abiword-2.2.8/popt/configure:9226: warning: `b' might be used uninitialized in this function
configure:9243: $? = 0
configure:9246: test -s conftest.o
configure:9249: $? = 0
configure:9259: result: yes
configure:9269: checking for inline
configure:9286: gcc -c -Wall -g -O2  conftest.c >&5
configure:9289: $? = 0
configure:9292: test -s conftest.o
configure:9295: $? = 0
configure:9306: result: inline
configure:9321: checking for off_t
configure:9348: gcc -c -Wall -g -O2  conftest.c >&5
configure:9351: $? = 0
configure:9354: test -s conftest.o
configure:9357: $? = 0
configure:9367: result: yes
configure:9379: checking for size_t
configure:9406: gcc -c -Wall -g -O2  conftest.c >&5
configure:9409: $? = 0
configure:9412: test -s conftest.o
configure:9415: $? = 0
configure:9425: result: yes
configure:9439: checking for working alloca.h
configure:9463: gcc -o conftest -Wall -g -O2   conftest.c  >&5
/files/abiword-2.2.8/popt/configure: In function `main':
/files/abiword-2.2.8/popt/configure:9455: warning: unused variable `p'
configure:9466: $? = 0
configure:9469: test -s conftest
configure:9472: $? = 0
configure:9482: result: yes
configure:9492: checking for alloca
configure:9536: gcc -o conftest -Wall -g -O2   conftest.c  >&5
/files/abiword-2.2.8/popt/configure: In function `main':
/files/abiword-2.2.8/popt/configure:9528: warning: unused variable `p'
configure:9539: $? = 0
configure:9542: test -s conftest
configure:9545: $? = 0
configure:9555: result: yes
configure:9751: checking for stdlib.h
configure:9756: result: yes
configure:9751: checking for unistd.h
configure:9756: result: yes
configure:9864: checking for getpagesize
configure:9907: gcc -o conftest -Wall -g -O2   conftest.c  >&5
/tmp/ccVKp10G.o(.text+0x18): In function `main':
/files/abiword-2.2.8/popt/configure:9897: undefined reference to `getpagesize'
collect2: ld returned 1 exit status
configure:9910: $? = 1
configure: failed program was:
#line 9869 "configure"
#include "confdefs.h"
/* System header to define __stub macros and hopefully few prototypes,
    which can conflict with char getpagesize (); below.  */
#include <assert.h>
/* Override any gcc2 internal prototype to avoid an error.  */
#ifdef __cplusplus
extern "C"
#endif
/* We use char because int might match the return type of a gcc2
   builtin and then its argument prototype would still apply.  */
char getpagesize ();
char (*f) ();

#ifdef F77_DUMMY_MAIN
#  ifdef __cplusplus
     extern "C"
#  endif
   int F77_DUMMY_MAIN() { return 1; }
#endif
int
main ()
{
/* The GNU C library defines this for functions which it implements
    to always fail with ENOSYS.  Some functions are actually named
    something starting with __ and the normal name is an alias.  */
#if defined (__stub_getpagesize) || defined (__stub___getpagesize)
choke me
#else
f = getpagesize;
#endif

  ;
  return 0;
}
configure:9926: result: no
configure:9936: checking for working mmap
configure:10075: gcc -o conftest -Wall -g -O2   conftest.c  >&5
/files/abiword-2.2.8/popt/configure:10005: sys/mman.h: No such file or directory
configure:10078: $? = 1
configure: program exited with status 1
configure: failed program was:
#line 9944 "configure"
#include "confdefs.h"
#include <stdio.h>
#if HAVE_SYS_TYPES_H
# include <sys/types.h>
#endif
#if HAVE_SYS_STAT_H
# include <sys/stat.h>
#endif
#if STDC_HEADERS
# include <stdlib.h>
# include <stddef.h>
#else
# if HAVE_STDLIB_H
#  include <stdlib.h>
# endif
#endif
#if HAVE_STRING_H
# if !STDC_HEADERS && HAVE_MEMORY_H
#  include <memory.h>
# endif
# include <string.h>
#endif
#if HAVE_STRINGS_H
# include <strings.h>
#endif
#if HAVE_INTTYPES_H
# include <inttypes.h>
#else
# if HAVE_STDINT_H
#  include <stdint.h>
# endif
#endif
#if HAVE_UNISTD_H
# include <unistd.h>
#endif
/* malloc might have been renamed as rpl_malloc. */
#undef malloc

/* Thanks to Mike Haertel and Jim Avera for this test.
   Here is a matrix of mmap possibilities:
	mmap private not fixed
	mmap private fixed at somewhere currently unmapped
	mmap private fixed at somewhere already mapped
	mmap shared not fixed
	mmap shared fixed at somewhere currently unmapped
	mmap shared fixed at somewhere already mapped
   For private mappings, we should verify that changes cannot be read()
   back from the file, nor mmap's back from the file at a different
   address.  (There have been systems where private was not correctly
   implemented like the infamous i386 svr4.0, and systems where the
   VM page cache was not coherent with the file system buffer cache
   like early versions of FreeBSD and possibly contemporary NetBSD.)
   For shared mappings, we should conversely verify that changes get
   propagated back to all the places they're supposed to be.

   Grep wants private fixed already mapped.
   The main things grep needs to know about mmap are:
   * does it exist and is it safe to write into the mmap'd area
   * how to use it (BSD variants)  */

#include <fcntl.h>
#include <sys/mman.h>

#if !STDC_HEADERS && !HAVE_STDLIB_H
char *malloc ();
#endif

/* This mess was copied from the GNU getpagesize.h.  */
#if !HAVE_GETPAGESIZE
/* Assume that all systems that can run configure have sys/param.h.  */
# if !HAVE_SYS_PARAM_H
#  define HAVE_SYS_PARAM_H 1
# endif

# ifdef _SC_PAGESIZE
#  define getpagesize() sysconf(_SC_PAGESIZE)
# else /* no _SC_PAGESIZE */
#  if HAVE_SYS_PARAM_H
#   include <sys/param.h>
#   ifdef EXEC_PAGESIZE
#    define getpagesize() EXEC_PAGESIZE
#   else /* no EXEC_PAGESIZE */
#    ifdef NBPG
#     define getpagesize() NBPG * CLSIZE
#     ifndef CLSIZE
#      define CLSIZE 1
#     endif /* no CLSIZE */
#    else /* no NBPG */
#     ifdef NBPC
#      define getpagesize() NBPC
#     else /* no NBPC */
#      ifdef PAGESIZE
#       define getpagesize() PAGESIZE
#      endif /* PAGESIZE */
#     endif /* no NBPC */
#    endif /* no NBPG */
#   endif /* no EXEC_PAGESIZE */
#  else /* no HAVE_SYS_PARAM_H */
#   define getpagesize() 8192	/* punt totally */
#  endif /* no HAVE_SYS_PARAM_H */
# endif /* no _SC_PAGESIZE */

#endif /* no HAVE_GETPAGESIZE */

int
main ()
{
  char *data, *data2, *data3;
  int i, pagesize;
  int fd;

  pagesize = getpagesize ();

  /* First, make a file with some known garbage in it. */
  data = (char *) malloc (pagesize);
  if (!data)
    exit (1);
  for (i = 0; i < pagesize; ++i)
    *(data + i) = rand ();
  umask (0);
  fd = creat ("conftest.mmap", 0600);
  if (fd < 0)
    exit (1);
  if (write (fd, data, pagesize) != pagesize)
    exit (1);
  close (fd);

  /* Next, try to mmap the file at a fixed address which already has
     something else allocated at it.  If we can, also make sure that
     we see the same garbage.  */
  fd = open ("conftest.mmap", O_RDWR);
  if (fd < 0)
    exit (1);
  data2 = (char *) malloc (2 * pagesize);
  if (!data2)
    exit (1);
  data2 += (pagesize - ((int) data2 & (pagesize - 1))) & (pagesize - 1);
  if (data2 != mmap (data2, pagesize, PROT_READ | PROT_WRITE,
                     MAP_PRIVATE | MAP_FIXED, fd, 0L))
    exit (1);
  for (i = 0; i < pagesize; ++i)
    if (*(data + i) != *(data2 + i))
      exit (1);

  /* Finally, make sure that changes to the mapped area do not
     percolate back to the file as seen by read().  (This is a bug on
     some variants of i386 svr4.0.)  */
  for (i = 0; i < pagesize; ++i)
    *(data2 + i) = *(data2 + i) + 1;
  data3 = (char *) malloc (pagesize);
  if (!data3)
    exit (1);
  if (read (fd, data3, pagesize) != pagesize)
    exit (1);
  for (i = 0; i < pagesize; ++i)
    if (*(data + i) != *(data3 + i))
      exit (1);
  close (fd);
  exit (0);
}
configure:10096: result: no
configure:10108: checking whether we are using the GNU C Library 2.1 or newer
/files/abiword-2.2.8/popt/configure:10115: features.h: No such file or directory
configure:10136: result: no
configure:10144: checking whether integer division by zero raises SIGFPE
configure:10203: gcc -o conftest -Wall -g -O2   conftest.c  >&5
configure:10206: $? = 0
configure:10208: ./conftest
configure:10211: $? = 0
configure:10225: result: yes
configure:10238: checking for inttypes.h
configure:10263: gcc -c -Wall -g -O2  conftest.c >&5
/files/abiword-2.2.8/popt/configure: In function `main':
/files/abiword-2.2.8/popt/configure:10255: warning: unused variable `i'
configure:10266: $? = 0
configure:10269: test -s conftest.o
configure:10272: $? = 0
configure:10282: result: yes
configure:10293: checking for stdint.h
configure:10318: gcc -c -Wall -g -O2  conftest.c >&5
/files/abiword-2.2.8/popt/configure:10300: stdint.h: No such file or directory
configure:10321: $? = 1
configure: failed program was:
#line 10298 "configure"
#include "confdefs.h"
#include <sys/types.h>
#include <stdint.h>
#ifdef F77_DUMMY_MAIN
#  ifdef __cplusplus
     extern "C"
#  endif
   int F77_DUMMY_MAIN() { return 1; }
#endif
int
main ()
{
uintmax_t i = (uintmax_t) -1;
  ;
  return 0;
}
configure:10337: result: no
configure:10348: checking for unsigned long long
configure:10373: gcc -o conftest -Wall -g -O2   conftest.c  >&5
configure:10376: $? = 0
configure:10379: test -s conftest
configure:10382: $? = 0
configure:10392: result: yes
configure:10418: checking for inttypes.h
configure:10444: gcc -c -Wall -g -O2  conftest.c >&5
configure:10447: $? = 0
configure:10450: test -s conftest.o
configure:10453: $? = 0
configure:10464: result: yes
configure:10477: checking whether the inttypes.h PRIxNN macros are broken
configure:10506: gcc -c -Wall -g -O2  conftest.c >&5
configure:10509: $? = 0
configure:10512: test -s conftest.o
configure:10515: $? = 0
configure:10526: result: no
configure:10564: checking for ld used by GCC
configure:10627: result: /boot/develop/tools/gnupro/i586-pc-beos/bin/ld
configure:10636: checking if the linker (/boot/develop/tools/gnupro/i586-pc-beos/bin/ld) is GNU ld
GNU ld version 2.15-beos-041202
configure:10648: result: yes
configure:10654: checking for shared library run path origin
configure:10667: result: done
configure:11095: checking argz.h usability
configure:11104: gcc -c -Wall -g -O2  conftest.c >&5
/files/abiword-2.2.8/popt/configure:11132: argz.h: No such file or directory
configure:11107: $? = 1
configure: failed program was:
#line 11097 "configure"
#include "confdefs.h"
#include <stdio.h>
#if HAVE_SYS_TYPES_H
# include <sys/types.h>
#endif
#if HAVE_SYS_STAT_H
# include <sys/stat.h>
#endif
#if STDC_HEADERS
# include <stdlib.h>
# include <stddef.h>
#else
# if HAVE_STDLIB_H
#  include <stdlib.h>
# endif
#endif
#if HAVE_STRING_H
# if !STDC_HEADERS && HAVE_MEMORY_H
#  include <memory.h>
# endif
# include <string.h>
#endif
#if HAVE_STRINGS_H
# include <strings.h>
#endif
#if HAVE_INTTYPES_H
# include <inttypes.h>
#else
# if HAVE_STDINT_H
#  include <stdint.h>
# endif
#endif
#if HAVE_UNISTD_H
# include <unistd.h>
#endif
#include <argz.h>
configure:11122: result: no
configure:11126: checking argz.h presence
configure:11133: gcc -E  conftest.c
/files/abiword-2.2.8/popt/configure:11129: argz.h: No such file or directory
configure:11139: $? = 1
configure: failed program was:
#line 11128 "configure"
#include "confdefs.h"
#include <argz.h>
configure:11157: result: no
configure:11175: checking for argz.h
configure:11182: result: no
configure:11095: checking limits.h usability
configure:11104: gcc -c -Wall -g -O2  conftest.c >&5
configure:11107: $? = 0
configure:11110: test -s conftest.o
configure:11113: $? = 0
configure:11122: result: yes
configure:11126: checking limits.h presence
configure:11133: gcc -E  conftest.c
configure:11139: $? = 0
configure:11157: result: yes
configure:11175: checking for limits.h
configure:11182: result: yes
configure:11095: checking locale.h usability
configure:11104: gcc -c -Wall -g -O2  conftest.c >&5
configure:11107: $? = 0
configure:11110: test -s conftest.o
configure:11113: $? = 0
configure:11122: result: yes
configure:11126: checking locale.h presence
configure:11133: gcc -E  conftest.c
configure:11139: $? = 0
configure:11157: result: yes
configure:11175: checking for locale.h
configure:11182: result: yes
configure:11095: checking nl_types.h usability
configure:11104: gcc -c -Wall -g -O2  conftest.c >&5
/files/abiword-2.2.8/popt/configure:11132: nl_types.h: No such file or directory
configure:11107: $? = 1
configure: failed program was:
#line 11097 "configure"
#include "confdefs.h"
#include <stdio.h>
#if HAVE_SYS_TYPES_H
# include <sys/types.h>
#endif
#if HAVE_SYS_STAT_H
# include <sys/stat.h>
#endif
#if STDC_HEADERS
# include <stdlib.h>
# include <stddef.h>
#else
# if HAVE_STDLIB_H
#  include <stdlib.h>
# endif
#endif
#if HAVE_STRING_H
# if !STDC_HEADERS && HAVE_MEMORY_H
#  include <memory.h>
# endif
# include <string.h>
#endif
#if HAVE_STRINGS_H
# include <strings.h>
#endif
#if HAVE_INTTYPES_H
# include <inttypes.h>
#else
# if HAVE_STDINT_H
#  include <stdint.h>
# endif
#endif
#if HAVE_UNISTD_H
# include <unistd.h>
#endif
#include <nl_types.h>
configure:11122: result: no
configure:11126: checking nl_types.h presence
configure:11133: gcc -E  conftest.c
/files/abiword-2.2.8/popt/configure:11129: nl_types.h: No such file or directory
configure:11139: $? = 1
configure: failed program was:
#line 11128 "configure"
#include "confdefs.h"
#include <nl_types.h>
configure:11157: result: no
configure:11175: checking for nl_types.h
configure:11182: result: no
configure:11095: checking malloc.h usability
configure:11104: gcc -c -Wall -g -O2  conftest.c >&5
configure:11107: $? = 0
configure:11110: test -s conftest.o
configure:11113: $? = 0
configure:11122: result: yes
configure:11126: checking malloc.h presence
configure:11133: gcc -E  conftest.c
configure:11139: $? = 0
configure:11157: result: yes
configure:11175: checking for malloc.h
configure:11182: result: yes
configure:11095: checking stddef.h usability
configure:11104: gcc -c -Wall -g -O2  conftest.c >&5
configure:11107: $? = 0
configure:11110: test -s conftest.o
configure:11113: $? = 0
configure:11122: result: yes
configure:11126: checking stddef.h presence
configure:11133: gcc -E  conftest.c
configure:11139: $? = 0
configure:11157: result: yes
configure:11175: checking for stddef.h
configure:11182: result: yes
configure:11086: checking for stdlib.h
configure:11091: result: yes
configure:11086: checking for string.h
configure:11091: result: yes
configure:11086: checking for unistd.h
configure:11091: result: yes
configure:11095: checking sys/param.h usability
configure:11104: gcc -c -Wall -g -O2  conftest.c >&5
configure:11107: $? = 0
configure:11110: test -s conftest.o
configure:11113: $? = 0
configure:11122: result: yes
configure:11126: checking sys/param.h presence
configure:11133: gcc -E  conftest.c
configure:11139: $? = 0
configure:11157: result: yes
configure:11175: checking for sys/param.h
configure:11182: result: yes
configure:11221: checking for feof_unlocked
configure:11264: gcc -o conftest -Wall -g -O2   conftest.c  >&5
configure:11267: $? = 0
configure:11270: test -s conftest
configure:11273: $? = 0
configure:11283: result: yes
configure:11221: checking for fgets_unlocked
configure:11264: gcc -o conftest -Wall -g -O2   conftest.c  >&5
configure:11267: $? = 0
configure:11270: test -s conftest
configure:11273: $? = 0
configure:11283: result: yes
configure:11221: checking for getc_unlocked
configure:11264: gcc -o conftest -Wall -g -O2   conftest.c  >&5
configure:11267: $? = 0
configure:11270: test -s conftest
configure:11273: $? = 0
configure:11283: result: yes
configure:11221: checking for getcwd
configure:11264: gcc -o conftest -Wall -g -O2   conftest.c  >&5
configure:11267: $? = 0
configure:11270: test -s conftest
configure:11273: $? = 0
configure:11283: result: yes
configure:11221: checking for getegid
configure:11264: gcc -o conftest -Wall -g -O2   conftest.c  >&5
configure:11267: $? = 0
configure:11270: test -s conftest
configure:11273: $? = 0
configure:11283: result: yes
configure:11221: checking for geteuid
configure:11283: result: yes
configure:11221: checking for getgid
configure:11264: gcc -o conftest -Wall -g -O2   conftest.c  >&5
configure:11267: $? = 0
configure:11270: test -s conftest
configure:11273: $? = 0
configure:11283: result: yes
configure:11221: checking for getuid
configure:11283: result: yes
configure:11221: checking for mempcpy
configure:11264: gcc -o conftest -Wall -g -O2   conftest.c  >&5
/tmp/cc92JCly.o(.text+0x18): In function `main':
/files/abiword-2.2.8/popt/configure:11254: undefined reference to `mempcpy'
collect2: ld returned 1 exit status
configure:11267: $? = 1
configure: failed program was:
#line 11226 "configure"
#include "confdefs.h"
/* System header to define __stub macros and hopefully few prototypes,
    which can conflict with char mempcpy (); below.  */
#include <assert.h>
/* Override any gcc2 internal prototype to avoid an error.  */
#ifdef __cplusplus
extern "C"
#endif
/* We use char because int might match the return type of a gcc2
   builtin and then its argument prototype would still apply.  */
char mempcpy ();
char (*f) ();

#ifdef F77_DUMMY_MAIN
#  ifdef __cplusplus
     extern "C"
#  endif
   int F77_DUMMY_MAIN() { return 1; }
#endif
int
main ()
{
/* The GNU C library defines this for functions which it implements
    to always fail with ENOSYS.  Some functions are actually named
    something starting with __ and the normal name is an alias.  */
#if defined (__stub_mempcpy) || defined (__stub___mempcpy)
choke me
#else
f = mempcpy;
#endif

  ;
  return 0;
}
configure:11283: result: no
configure:11221: checking for munmap
configure:11264: gcc -o conftest -Wall -g -O2   conftest.c  >&5
/tmp/cck1Endo.o(.text+0x18): In function `main':
/files/abiword-2.2.8/popt/configure:11254: undefined reference to `munmap'
collect2: ld returned 1 exit status
configure:11267: $? = 1
configure: failed program was:
#line 11226 "configure"
#include "confdefs.h"
/* System header to define __stub macros and hopefully few prototypes,
    which can conflict with char munmap (); below.  */
#include <assert.h>
/* Override any gcc2 internal prototype to avoid an error.  */
#ifdef __cplusplus
extern "C"
#endif
/* We use char because int might match the return type of a gcc2
   builtin and then its argument prototype would still apply.  */
char munmap ();
char (*f) ();

#ifdef F77_DUMMY_MAIN
#  ifdef __cplusplus
     extern "C"
#  endif
   int F77_DUMMY_MAIN() { return 1; }
#endif
int
main ()
{
/* The GNU C library defines this for functions which it implements
    to always fail with ENOSYS.  Some functions are actually named
    something starting with __ and the normal name is an alias.  */
#if defined (__stub_munmap) || defined (__stub___munmap)
choke me
#else
f = munmap;
#endif

  ;
  return 0;
}
configure:11283: result: no
configure:11221: checking for putenv
configure:11264: gcc -o conftest -Wall -g -O2   conftest.c  >&5
configure:11267: $? = 0
configure:11270: test -s conftest
configure:11273: $? = 0
configure:11283: result: yes
configure:11221: checking for setenv
configure:11264: gcc -o conftest -Wall -g -O2   conftest.c  >&5
/tmp/ccLOLtbP.o(.text+0x18): In function `main':
/files/abiword-2.2.8/popt/configure:11254: undefined reference to `setenv'
collect2: ld returned 1 exit status
configure:11267: $? = 1
configure: failed program was:
#line 11226 "configure"
#include "confdefs.h"
/* System header to define __stub macros and hopefully few prototypes,
    which can conflict with char setenv (); below.  */
#include <assert.h>
/* Override any gcc2 internal prototype to avoid an error.  */
#ifdef __cplusplus
extern "C"
#endif
/* We use char because int might match the return type of a gcc2
   builtin and then its argument prototype would still apply.  */
char setenv ();
char (*f) ();

#ifdef F77_DUMMY_MAIN
#  ifdef __cplusplus
     extern "C"
#  endif
   int F77_DUMMY_MAIN() { return 1; }
#endif
int
main ()
{
/* The GNU C library defines this for functions which it implements
    to always fail with ENOSYS.  Some functions are actually named
    something starting with __ and the normal name is an alias.  */
#if defined (__stub_setenv) || defined (__stub___setenv)
choke me
#else
f = setenv;
#endif

  ;
  return 0;
}
configure:11283: result: no
configure:11221: checking for setlocale
configure:11264: gcc -o conftest -Wall -g -O2   conftest.c  >&5
configure:11267: $? = 0
configure:11270: test -s conftest
configure:11273: $? = 0
configure:11283: result: yes
configure:11221: checking for stpcpy
configure:11264: gcc -o conftest -Wall -g -O2   conftest.c  >&5
configure:11267: $? = 0
configure:11270: test -s conftest
configure:11273: $? = 0
configure:11283: result: yes
configure:11221: checking for strcasecmp
configure:11264: gcc -o conftest -Wall -g -O2   conftest.c  >&5
configure:11267: $? = 0
configure:11270: test -s conftest
configure:11273: $? = 0
configure:11283: result: yes
configure:11221: checking for strdup
configure:11264: gcc -o conftest -Wall -g -O2   conftest.c  >&5
configure:11267: $? = 0
configure:11270: test -s conftest
configure:11273: $? = 0
configure:11283: result: yes
configure:11221: checking for strtoul
configure:11264: gcc -o conftest -Wall -g -O2   conftest.c  >&5
configure:11267: $? = 0
configure:11270: test -s conftest
configure:11273: $? = 0
configure:11283: result: yes
configure:11221: checking for tsearch
configure:11264: gcc -o conftest -Wall -g -O2   conftest.c  >&5
/tmp/cc70a3WA.o(.text+0x18): In function `main':
/files/abiword-2.2.8/popt/configure:11254: undefined reference to `tsearch'
collect2: ld returned 1 exit status
configure:11267: $? = 1
configure: failed program was:
#line 11226 "configure"
#include "confdefs.h"
/* System header to define __stub macros and hopefully few prototypes,
    which can conflict with char tsearch (); below.  */
#include <assert.h>
/* Override any gcc2 internal prototype to avoid an error.  */
#ifdef __cplusplus
extern "C"
#endif
/* We use char because int might match the return type of a gcc2
   builtin and then its argument prototype would still apply.  */
char tsearch ();
char (*f) ();

#ifdef F77_DUMMY_MAIN
#  ifdef __cplusplus
     extern "C"
#  endif
   int F77_DUMMY_MAIN() { return 1; }
#endif
int
main ()
{
/* The GNU C library defines this for functions which it implements
    to always fail with ENOSYS.  Some functions are actually named
    something starting with __ and the normal name is an alias.  */
#if defined (__stub_tsearch) || defined (__stub___tsearch)
choke me
#else
f = tsearch;
#endif

  ;
  return 0;
}
configure:11283: result: no
configure:11221: checking for __argz_count
configure:11264: gcc -o conftest -Wall -g -O2   conftest.c  >&5
/tmp/ccpHVLyP.o(.text+0x18): In function `main':
/files/abiword-2.2.8/popt/configure:11254: undefined reference to `__argz_count'
collect2: ld returned 1 exit status
configure:11267: $? = 1
configure: failed program was:
#line 11226 "configure"
#include "confdefs.h"
/* System header to define __stub macros and hopefully few prototypes,
    which can conflict with char __argz_count (); below.  */
#include <assert.h>
/* Override any gcc2 internal prototype to avoid an error.  */
#ifdef __cplusplus
extern "C"
#endif
/* We use char because int might match the return type of a gcc2
   builtin and then its argument prototype would still apply.  */
char __argz_count ();
char (*f) ();

#ifdef F77_DUMMY_MAIN
#  ifdef __cplusplus
     extern "C"
#  endif
   int F77_DUMMY_MAIN() { return 1; }
#endif
int
main ()
{
/* The GNU C library defines this for functions which it implements
    to always fail with ENOSYS.  Some functions are actually named
    something starting with __ and the normal name is an alias.  */
#if defined (__stub___argz_count) || defined (__stub_____argz_count)
choke me
#else
f = __argz_count;
#endif

  ;
  return 0;
}
configure:11283: result: no
configure:11221: checking for __argz_stringify
configure:11264: gcc -o conftest -Wall -g -O2   conftest.c  >&5
/tmp/ccxWm1s0.o(.text+0x18): In function `main':
/files/abiword-2.2.8/popt/configure:11254: undefined reference to `__argz_stringify'
collect2: ld returned 1 exit status
configure:11267: $? = 1
configure: failed program was:
#line 11226 "configure"
#include "confdefs.h"
/* System header to define __stub macros and hopefully few prototypes,
    which can conflict with char __argz_stringify (); below.  */
#include <assert.h>
/* Override any gcc2 internal prototype to avoid an error.  */
#ifdef __cplusplus
extern "C"
#endif
/* We use char because int might match the return type of a gcc2
   builtin and then its argument prototype would still apply.  */
char __argz_stringify ();
char (*f) ();

#ifdef F77_DUMMY_MAIN
#  ifdef __cplusplus
     extern "C"
#  endif
   int F77_DUMMY_MAIN() { return 1; }
#endif
int
main ()
{
/* The GNU C library defines this for functions which it implements
    to always fail with ENOSYS.  Some functions are actually named
    something starting with __ and the normal name is an alias.  */
#if defined (__stub___argz_stringify) || defined (__stub_____argz_stringify)
choke me
#else
f = __argz_stringify;
#endif

  ;
  return 0;
}
configure:11283: result: no
configure:11221: checking for __argz_next
configure:11264: gcc -o conftest -Wall -g -O2   conftest.c  >&5
/tmp/cckfzD2R.o(.text+0x18): In function `main':
/files/abiword-2.2.8/popt/configure:11254: undefined reference to `__argz_next'
collect2: ld returned 1 exit status
configure:11267: $? = 1
configure: failed program was:
#line 11226 "configure"
#include "confdefs.h"
/* System header to define __stub macros and hopefully few prototypes,
    which can conflict with char __argz_next (); below.  */
#include <assert.h>
/* Override any gcc2 internal prototype to avoid an error.  */
#ifdef __cplusplus
extern "C"
#endif
/* We use char because int might match the return type of a gcc2
   builtin and then its argument prototype would still apply.  */
char __argz_next ();
char (*f) ();

#ifdef F77_DUMMY_MAIN
#  ifdef __cplusplus
     extern "C"
#  endif
   int F77_DUMMY_MAIN() { return 1; }
#endif
int
main ()
{
/* The GNU C library defines this for functions which it implements
    to always fail with ENOSYS.  Some functions are actually named
    something starting with __ and the normal name is an alias.  */
#if defined (__stub___argz_next) || defined (__stub_____argz_next)
choke me
#else
f = __argz_next;
#endif

  ;
  return 0;
}
configure:11283: result: no
configure:11324: checking for iconv
configure:11354: gcc -o conftest -Wall -g -O2   conftest.c  >&5
/files/abiword-2.2.8/popt/configure:11334: iconv.h: No such file or directory
configure:11357: $? = 1
configure: failed program was:
#line 11332 "configure"
#include "confdefs.h"
#include <stdlib.h>
#include <iconv.h>
#ifdef F77_DUMMY_MAIN
#  ifdef __cplusplus
     extern "C"
#  endif
   int F77_DUMMY_MAIN() { return 1; }
#endif
int
main ()
{
iconv_t cd = iconv_open("","");
       iconv(cd,NULL,NULL,NULL,NULL);
       iconv_close(cd);
  ;
  return 0;
}
configure:11396: gcc -o conftest -Wall -g -O2   conftest.c  -liconv >&5
/files/abiword-2.2.8/popt/configure:11376: iconv.h: No such file or directory
configure:11399: $? = 1
configure: failed program was:
#line 11374 "configure"
#include "confdefs.h"
#include <stdlib.h>
#include <iconv.h>
#ifdef F77_DUMMY_MAIN
#  ifdef __cplusplus
     extern "C"
#  endif
   int F77_DUMMY_MAIN() { return 1; }
#endif
int
main ()
{
iconv_t cd = iconv_open("","");
         iconv(cd,NULL,NULL,NULL,NULL);
         iconv_close(cd);
  ;
  return 0;
}
configure:11418: result: no, consider installing GNU libiconv
configure:11512: checking for nl_langinfo and CODESET
configure:11536: gcc -o conftest -Wall -g -O2   conftest.c  >&5
/files/abiword-2.2.8/popt/configure:11518: langinfo.h: No such file or directory
configure:11539: $? = 1
configure: failed program was:
#line 11517 "configure"
#include "confdefs.h"
#include <langinfo.h>
#ifdef F77_DUMMY_MAIN
#  ifdef __cplusplus
     extern "C"
#  endif
   int F77_DUMMY_MAIN() { return 1; }
#endif
int
main ()
{
char* cs = nl_langinfo(CODESET);
  ;
  return 0;
}
configure:11556: result: no
configure:11568: checking for LC_MESSAGES
configure:11592: gcc -o conftest -Wall -g -O2   conftest.c  >&5
configure:11595: $? = 0
configure:11598: test -s conftest
configure:11601: $? = 0
configure:11611: result: yes
configure:11627: checking for bison
configure:11643: found /bin/bison
configure:11653: result: bison
configure:11666: checking version of bison
configure:11675: result: 1.28, ok
configure:11696: checking whether NLS is requested
configure:11705: result: yes
configure:11720: checking whether included gettext is requested
configure:11730: result: no
configure:11741: checking for GNU gettext in libc
configure:11768: gcc -o conftest -Wall -g -O2   conftest.c  >&5
/files/abiword-2.2.8/popt/configure:11747: libintl.h: No such file or directory
configure:11771: $? = 1
configure: failed program was:
#line 11746 "configure"
#include "confdefs.h"
#include <libintl.h>
extern int _nl_msg_cat_cntr;
extern int *_nl_domain_bindings;
#ifdef F77_DUMMY_MAIN
#  ifdef __cplusplus
     extern "C"
#  endif
   int F77_DUMMY_MAIN() { return 1; }
#endif
int
main ()
{
bindtextdomain ("", "");
return (int) gettext ("") + _nl_msg_cat_cntr + *_nl_domain_bindings
  ;
  return 0;
}
configure:11787: result: no
configure:12170: checking for GNU gettext in libintl
configure:12205: gcc -o conftest -Wall -g -O2    conftest.c  -lintl >&5
/files/abiword-2.2.8/popt/configure:12180: libintl.h: No such file or directory
configure:12208: $? = 1
configure: failed program was:
#line 12179 "configure"
#include "confdefs.h"
#include <libintl.h>
extern int _nl_msg_cat_cntr;
extern
#ifdef __cplusplus
"C"
#endif
const char *_nl_expand_alias ();
#ifdef F77_DUMMY_MAIN
#  ifdef __cplusplus
     extern "C"
#  endif
   int F77_DUMMY_MAIN() { return 1; }
#endif
int
main ()
{
bindtextdomain ("", "");
return (int) gettext ("") + _nl_msg_cat_cntr + *_nl_expand_alias (0)
  ;
  return 0;
}
configure:12275: result: no
configure:12500: creating ./config.status

## ---------------------- ##
## Running config.status. ##
## ---------------------- ##

This file was extended by config.status, which was
generated by GNU Autoconf 2.53.  Invocation command line was

  CONFIG_FILES    = 
  CONFIG_HEADERS  = 
  CONFIG_LINKS    = 
  CONFIG_COMMANDS = 
  $ ./config.status 

on amigo-note

config.status:654: creating Doxyfile
config.status:654: creating Makefile
config.status:654: creating intl/Makefile
config.status:654: creating po/Makefile.in
config.status:751: creating config.h
config.status:1055: executing depfiles commands
config.status:1055: executing default-1 commands

## ---------------- ##
## Cache variables. ##
## ---------------- ##

ac_cv_build=i586-pc-beos
ac_cv_build_alias=i586-pc-beos
ac_cv_c_compiler_gnu=yes
ac_cv_c_const=yes
ac_cv_c_inline=inline
ac_cv_env_CC_set=
ac_cv_env_CC_value=
ac_cv_env_CFLAGS_set=
ac_cv_env_CFLAGS_value=
ac_cv_env_CPPFLAGS_set=
ac_cv_env_CPPFLAGS_value=
ac_cv_env_CPP_set=
ac_cv_env_CPP_value=
ac_cv_env_LDFLAGS_set=
ac_cv_env_LDFLAGS_value=
ac_cv_env_build_alias_set=
ac_cv_env_build_alias_value=
ac_cv_env_host_alias_set=
ac_cv_env_host_alias_value=
ac_cv_env_target_alias_set=
ac_cv_env_target_alias_value=
ac_cv_exeext=
ac_cv_func___argz_count=no
ac_cv_func___argz_next=no
ac_cv_func___argz_stringify=no
ac_cv_func_alloca_works=yes
ac_cv_func_feof_unlocked=yes
ac_cv_func_fgets_unlocked=yes
ac_cv_func_getc_unlocked=yes
ac_cv_func_getcwd=yes
ac_cv_func_getegid=yes
ac_cv_func_geteuid=yes
ac_cv_func_getgid=yes
ac_cv_func_getpagesize=no
ac_cv_func_getuid=yes
ac_cv_func_mempcpy=no
ac_cv_func_mmap_fixed_mapped=no
ac_cv_func_mtrace=no
ac_cv_func_munmap=no
ac_cv_func_putenv=yes
ac_cv_func_setenv=no
ac_cv_func_setlocale=yes
ac_cv_func_setreuid=no
ac_cv_func_stpcpy=yes
ac_cv_func_strcasecmp=yes
ac_cv_func_strdup=yes
ac_cv_func_strerror=yes
ac_cv_func_strtoul=yes
ac_cv_func_tsearch=no
ac_cv_gnu_library_2_1=no
ac_cv_header_alloca_h=yes
ac_cv_header_argz_h=no
ac_cv_header_dlfcn_h=no
ac_cv_header_float_h=yes
ac_cv_header_inttypes_h=yes
ac_cv_header_libintl_h=no
ac_cv_header_limits_h=yes
ac_cv_header_locale_h=yes
ac_cv_header_malloc_h=yes
ac_cv_header_mcheck_h=no
ac_cv_header_memory_h=yes
ac_cv_header_nl_types_h=no
ac_cv_header_stdc=yes
ac_cv_header_stddef_h=yes
ac_cv_header_stdint_h=no
ac_cv_header_stdlib_h=yes
ac_cv_header_string_h=yes
ac_cv_header_strings_h=yes
ac_cv_header_sys_param_h=yes
ac_cv_header_sys_stat_h=yes
ac_cv_header_sys_types_h=yes
ac_cv_header_unistd_h=yes
ac_cv_host=i586-pc-beos
ac_cv_host_alias=i586-pc-beos
ac_cv_lib_cposix_strerror=no
ac_cv_lib_ucb_setreuid=no
ac_cv_objext=o
ac_cv_path_GMSGFMT=/boot/home/config/bin/msgfmt
ac_cv_path_MSGFMT=/boot/home/config/bin/msgfmt
ac_cv_path_MSGMERGE=/boot/home/config/bin/msgmerge
ac_cv_path_XGETTEXT=/boot/home/config/bin/xgettext
ac_cv_path_install='/bin/install -c'
ac_cv_prog_AWK=gawk
ac_cv_prog_CPP='gcc -E'
ac_cv_prog_INTLBISON=bison
ac_cv_prog_ac_ct_CC=gcc
ac_cv_prog_ac_ct_RANLIB=ranlib
ac_cv_prog_ac_ct_STRIP=strip
ac_cv_prog_cc_g=yes
ac_cv_prog_cc_stdc=
ac_cv_prog_gcc_traditional=no
ac_cv_prog_make_make_set=yes
ac_cv_target=i586-pc-beos
ac_cv_target_alias=i586-pc-beos
ac_cv_type_off_t=yes
ac_cv_type_size_t=yes
ac_cv_type_unsigned_long_long=yes
ac_cv_working_alloca_h=yes
acl_cv_path_LD=/boot/develop/tools/gnupro/i586-pc-beos/bin/ld
acl_cv_prog_gnu_ld=yes
acl_cv_rpath=done
am_cv_CC_dependencies_compiler_type=gcc
am_cv_func_iconv='no, consider installing GNU libiconv'
am_cv_langinfo_codeset=no
am_cv_lib_iconv=no
am_cv_prog_cc_stdc=
am_cv_val_LC_MESSAGES=yes
gt_cv_func_gnugettext1_libc=no
gt_cv_func_gnugettext1_libintl=no
gt_cv_header_inttypes_h=yes
gt_cv_int_divbyzero_sigfpe=yes
gt_cv_inttypes_pri_broken=no
jm_ac_cv_header_inttypes_h=yes
jm_ac_cv_header_stdint_h=no
lt_cv_compiler_c_o=yes
lt_cv_compiler_o_lo=yes
lt_cv_deplibs_check_method=pass_all
lt_cv_file_magic_cmd='$MAGIC_CMD'
lt_cv_file_magic_test_file=
lt_cv_global_symbol_to_c_name_address='sed -n -e '\''s/^: \([^ ]*\) $/  {\"\1\", (lt_ptr) 0},/p'\'' -e '\''s/^[BCDEGRST] \([^ ]*\) \([^ ]*\)$/  {"\2", (lt_ptr) \&\2},/p'\'''
lt_cv_global_symbol_to_cdecl='sed -n -e '\''s/^. .* \(.*\)$/extern char \1;/p'\'''
lt_cv_ld_reload_flag=-r
lt_cv_path_LD=/boot/develop/tools/gnupro/i586-pc-beos/bin/ld
lt_cv_path_NM='/boot/develop/tools/gnupro/bin/nm -B'
lt_cv_prog_cc_can_build_shared=yes
lt_cv_prog_cc_no_builtin=
lt_cv_prog_cc_pic=
lt_cv_prog_cc_shlib=
lt_cv_prog_cc_static=-static
lt_cv_prog_cc_static_works=yes
lt_cv_prog_cc_wl=-Wl,
lt_cv_prog_gnu_ld=yes
lt_cv_sys_global_symbol_pipe='sed -n -e '\''s/^.*[ 	]\([ABCDGISTW][ABCDGISTW]*\)[ 	][ 	]*\(\)\([_A-Za-z][_A-Za-z0-9]*\)$/\1 \2\3 \3/p'\'''
lt_cv_sys_path_separator=:
nls_cv_force_use_gnu_gettext=no
nls_cv_header_intl=
nls_cv_header_libgt=
nls_cv_use_gnu_gettext=yes

## ----------- ##
## confdefs.h. ##
## ----------- ##

#define PACKAGE_NAME ""
#define PACKAGE_TARNAME ""
#define PACKAGE_VERSION ""
#define PACKAGE_STRING ""
#define PACKAGE_BUGREPORT ""
#define PACKAGE "popt"
#define VERSION "1.7"
#define HAVE_SYS_TYPES_H 1
#define HAVE_SYS_STAT_H 1
#define HAVE_STDLIB_H 1
#define HAVE_STRING_H 1
#define HAVE_MEMORY_H 1
#define HAVE_STRINGS_H 1
#define HAVE_INTTYPES_H 1
#define HAVE_UNISTD_H 1
#define PROTOTYPES 1
#define STDC_HEADERS 1
#define HAVE_STRING_H 1
#define HAVE_ALLOCA_H 1
#define HAVE_FLOAT_H 1
#define HAVE_UNISTD_H 1
#define HAVE_STRERROR 1
#define HAVE_GETUID 1
#define HAVE_GETEUID 1
#define HAVE_ALLOCA_H 1
#define HAVE_ALLOCA 1
#define HAVE_STDLIB_H 1
#define HAVE_UNISTD_H 1
#define INTDIV0_RAISES_SIGFPE 1
#define HAVE_INTTYPES_H_WITH_UINTMAX 1
#define HAVE_UNSIGNED_LONG_LONG 1
#define HAVE_INTTYPES_H 1
#define HAVE_LIMITS_H 1
#define HAVE_LOCALE_H 1
#define HAVE_MALLOC_H 1
#define HAVE_STDDEF_H 1
#define HAVE_STDLIB_H 1
#define HAVE_STRING_H 1
#define HAVE_UNISTD_H 1
#define HAVE_SYS_PARAM_H 1
#define HAVE_FEOF_UNLOCKED 1
#define HAVE_FGETS_UNLOCKED 1
#define HAVE_GETC_UNLOCKED 1
#define HAVE_GETCWD 1
#define HAVE_GETEGID 1
#define HAVE_GETEUID 1
#define HAVE_GETGID 1
#define HAVE_GETUID 1
#define HAVE_PUTENV 1
#define HAVE_SETLOCALE 1
#define HAVE_STPCPY 1
#define HAVE_STRCASECMP 1
#define HAVE_STRDUP 1
#define HAVE_STRTOUL 1
#define HAVE_LC_MESSAGES 1
#define ENABLE_NLS 1
#define POPT_SOURCE_PATH "/files/abiword-2.2.8/popt"

configure: exit 0
