This file contains any messages produced by compilers while
running configure, to aid debugging if configure makes a mistake.

It was created by AbiSuite configure 2.2, which was
generated by GNU Autoconf 2.59.  Invocation command line was

  $ ./configure 

## --------- ##
## Platform. ##
## --------- ##

hostname = amigo
uname -m = BePC
uname -r = 5.0.4
uname -s = BeOS
uname -v = 1000009

/usr/bin/uname -p = unknown
/bin/uname -X     = unknown

/bin/arch              = unknown
/usr/bin/arch -k       = unknown
/usr/convex/getsysinfo = unknown
hostinfo               = unknown
/bin/machine           = unknown
/usr/bin/oslevel       = unknown
/bin/universe          = unknown

PATH: .
PATH: /boot/home/config/bin
PATH: /bin
PATH: /boot/apps
PATH: /boot/preferences
PATH: /boot/beos/apps
PATH: /boot/beos/preferences
PATH: /boot/develop/tools/gnupro/bin
PATH: /boot/apps/X11R6.4/bin
PATH: /boot/apps/Emulators/QEMU/
PATH: /boot/apps/Develop/fpc/bin/i386-beos/


## ----------- ##
## Core tests. ##
## ----------- ##

configure:1402: checking for a BSD-compatible install
configure:1457: result: /bin/install -c
configure:1468: checking whether build environment is sane
configure:1511: result: yes
configure:1576: checking for gawk
configure:1592: found /bin/gawk
configure:1602: result: gawk
configure:1612: checking whether make sets $(MAKE)
configure:1632: result: yes
configure:1864: checking for g++
configure:1880: found /boot/develop/tools/gnupro/bin/g++
configure:1890: result: g++
configure:1906: checking for C++ compiler version
configure:1909: g++ --version </dev/null >&5
2.95.3-beos-060710
configure:1912: $? = 0
configure:1914: g++ -v </dev/null >&5
using priority 5
Reading specs from /boot/develop/tools/gnupro/lib/gcc-lib/i586-pc-beos/2.95.3-beos-060710/specs
gcc version 2.95.3-beos-060710
configure:1917: $? = 0
configure:1919: g++ -V </dev/null >&5
g++: argument to `-V' missing

configure:1922: $? = 1
configure:1945: checking for C++ compiler default output file name
configure:1948: g++    conftest.cc  >&5
configure:1951: $? = 0
configure:1997: result: conftest
configure:2002: checking whether the C++ compiler works
configure:2008: ./conftest
configure:2011: $? = 0
configure:2028: result: yes
configure:2035: checking whether we are cross compiling
configure:2037: result: no
configure:2040: checking for suffix of executables
configure:2042: g++ -o conftest    conftest.cc  >&5
configure:2045: $? = 0
configure:2070: result: 
configure:2076: checking for suffix of object files
configure:2097: g++ -c   conftest.cc >&5
configure:2100: $? = 0
configure:2122: result: o
configure:2126: checking whether we are using the GNU C++ compiler
configure:2150: g++ -c   conftest.cc >&5
configure:2156: $? = 0
configure:2160: test -z 
			 || test ! -s conftest.err
configure:2163: $? = 0
configure:2166: test -s conftest.o
configure:2169: $? = 0
configure:2182: result: yes
configure:2188: checking whether g++ accepts -g
configure:2209: g++ -c -g  conftest.cc >&5
configure:2215: $? = 0
configure:2219: test -z 
			 || test ! -s conftest.err
configure:2222: $? = 0
configure:2225: test -s conftest.o
configure:2228: $? = 0
configure:2239: result: yes
configure:2281: g++ -c -g -O2  conftest.cc >&5
configure:2287: $? = 0
configure:2291: test -z 
			 || test ! -s conftest.err
configure:2294: $? = 0
configure:2297: test -s conftest.o
configure:2300: $? = 0
configure:2326: g++ -c -g -O2  conftest.cc >&5
configure:2332: $? = 0
configure:2336: test -z 
			 || test ! -s conftest.err
configure:2339: $? = 0
configure:2342: test -s conftest.o
configure:2345: $? = 0
configure:2379: checking for style of include used by make
configure:2407: result: GNU
configure:2435: checking dependency style of g++
configure:2525: result: gcc
configure:2588: checking for gcc
configure:2604: found /boot/develop/tools/gnupro/bin/gcc
configure:2614: result: gcc
configure:2858: checking for C compiler version
configure:2861: gcc --version </dev/null >&5
2.95.3-beos-060710
configure:2864: $? = 0
configure:2866: gcc -v </dev/null >&5
using priority 5
Reading specs from /boot/develop/tools/gnupro/lib/gcc-lib/i586-pc-beos/2.95.3-beos-060710/specs
gcc version 2.95.3-beos-060710
configure:2869: $? = 0
configure:2871: gcc -V </dev/null >&5
gcc: argument to `-V' is missing
configure:2874: $? = 1
configure:2877: checking whether we are using the GNU C compiler
configure:2901: gcc -c   conftest.c >&5
configure:2907: $? = 0
configure:2911: test -z 
			 || test ! -s conftest.err
configure:2914: $? = 0
configure:2917: test -s conftest.o
configure:2920: $? = 0
configure:2933: result: yes
configure:2939: checking whether gcc accepts -g
configure:2960: gcc -c -g  conftest.c >&5
configure:2966: $? = 0
configure:2970: test -z 
			 || test ! -s conftest.err
configure:2973: $? = 0
configure:2976: test -s conftest.o
configure:2979: $? = 0
configure:2990: result: yes
configure:3007: checking for gcc option to accept ANSI C
configure:3077: gcc  -c -g -O2  conftest.c >&5
configure:3083: $? = 0
configure:3087: test -z 
			 || test ! -s conftest.err
configure:3090: $? = 0
configure:3093: test -s conftest.o
configure:3096: $? = 0
configure:3114: result: none needed
configure:3132: gcc -c -g -O2  conftest.c >&5
/boot/home/files/projects/abiword/abi/conftest.c:2: parse error before `me'
configure:3138: $? = 1
configure: failed program was:
| #ifndef __cplusplus
|   choke me
| #endif
configure:3273: checking dependency style of gcc
configure:3363: result: gcc
configure:3381: checking for library containing strerror
configure:3411: gcc -o conftest -g -O2   conftest.c  >&5
configure:3417: $? = 0
configure:3421: test -z 
			 || test ! -s conftest.err
configure:3424: $? = 0
configure:3427: test -s conftest
configure:3430: $? = 0
configure:3500: result: none required
configure:3512: checking how to run the C preprocessor
configure:3547: gcc -E  conftest.c
configure:3553: $? = 0
configure:3585: gcc -E  conftest.c
/boot/home/files/projects/abiword/abi/conftest.c:11: ac_nonexistent.h: No such file or directory
configure:3591: $? = 1
configure: failed program was:
| /* confdefs.h.  */
| 
| #define PACKAGE_NAME "AbiSuite"
| #define PACKAGE_TARNAME "abisuite"
| #define PACKAGE_VERSION "2.2"
| #define PACKAGE_STRING "AbiSuite 2.2"
| #define PACKAGE_BUGREPORT "http://www.abisource.com/"
| #define PACKAGE "AbiSuite-2.2"
| #define VERSION "2.2.8"
| /* end confdefs.h.  */
| #include <ac_nonexistent.h>
configure:3630: result: gcc -E
configure:3654: gcc -E  conftest.c
configure:3660: $? = 0
configure:3692: gcc -E  conftest.c
/boot/home/files/projects/abiword/abi/conftest.c:11: ac_nonexistent.h: No such file or directory
configure:3698: $? = 1
configure: failed program was:
| /* confdefs.h.  */
| 
| #define PACKAGE_NAME "AbiSuite"
| #define PACKAGE_TARNAME "abisuite"
| #define PACKAGE_VERSION "2.2"
| #define PACKAGE_STRING "AbiSuite 2.2"
| #define PACKAGE_BUGREPORT "http://www.abisource.com/"
| #define PACKAGE "AbiSuite-2.2"
| #define VERSION "2.2.8"
| /* end confdefs.h.  */
| #include <ac_nonexistent.h>
configure:3745: checking CFLAGS
configure:3747: result: 
configure:3750: checking CXXFLAGS
configure:3752: result: 
configure:3770: checking for a BSD-compatible install
configure:3825: result: /bin/install -c
configure:3836: checking whether ln -s works
configure:3840: result: yes
configure:3847: checking whether make sets $(MAKE)
configure:3867: result: yes
configure:3917: checking for ranlib
configure:3933: found /boot/develop/tools/gnupro/bin/ranlib
configure:3944: result: ranlib
configure:4247: checking for egrep
configure:4257: result: grep -E
configure:4262: checking for ANSI C header files
configure:4287: gcc -c   conftest.c >&5
configure:4293: $? = 0
configure:4297: test -z 
			 || test ! -s conftest.err
configure:4300: $? = 0
configure:4303: test -s conftest.o
configure:4306: $? = 0
configure:4392: gcc -o conftest    conftest.c  >&5
configure:4395: $? = 0
configure:4397: ./conftest
configure:4400: $? = 0
configure:4415: result: yes
configure:4439: checking for sys/types.h
configure:4455: gcc -c   conftest.c >&5
configure:4461: $? = 0
configure:4465: test -z 
			 || test ! -s conftest.err
configure:4468: $? = 0
configure:4471: test -s conftest.o
configure:4474: $? = 0
configure:4485: result: yes
configure:4439: checking for sys/stat.h
configure:4455: gcc -c   conftest.c >&5
configure:4461: $? = 0
configure:4465: test -z 
			 || test ! -s conftest.err
configure:4468: $? = 0
configure:4471: test -s conftest.o
configure:4474: $? = 0
configure:4485: result: yes
configure:4439: checking for stdlib.h
configure:4455: gcc -c   conftest.c >&5
configure:4461: $? = 0
configure:4465: test -z 
			 || test ! -s conftest.err
configure:4468: $? = 0
configure:4471: test -s conftest.o
configure:4474: $? = 0
configure:4485: result: yes
configure:4439: checking for string.h
configure:4455: gcc -c   conftest.c >&5
configure:4461: $? = 0
configure:4465: test -z 
			 || test ! -s conftest.err
configure:4468: $? = 0
configure:4471: test -s conftest.o
configure:4474: $? = 0
configure:4485: result: yes
configure:4439: checking for memory.h
configure:4455: gcc -c   conftest.c >&5
configure:4461: $? = 0
configure:4465: test -z 
			 || test ! -s conftest.err
configure:4468: $? = 0
configure:4471: test -s conftest.o
configure:4474: $? = 0
configure:4485: result: yes
configure:4439: checking for strings.h
configure:4455: gcc -c   conftest.c >&5
configure:4461: $? = 0
configure:4465: test -z 
			 || test ! -s conftest.err
configure:4468: $? = 0
configure:4471: test -s conftest.o
configure:4474: $? = 0
configure:4485: result: yes
configure:4439: checking for inttypes.h
configure:4455: gcc -c   conftest.c >&5
configure:4461: $? = 0
configure:4465: test -z 
			 || test ! -s conftest.err
configure:4468: $? = 0
configure:4471: test -s conftest.o
configure:4474: $? = 0
configure:4485: result: yes
configure:4439: checking for stdint.h
configure:4455: gcc -c   conftest.c >&5
In file included from /boot/develop/headers/posix/stdint.h:26,
                 from /boot/home/files/projects/abiword/abi/conftest.c:54:
/boot/develop/headers/posix/features.h:247: sys/cdefs.h: No such file or directory
configure:4461: $? = 1
configure: failed program was:
| /* confdefs.h.  */
| 
| #define PACKAGE_NAME "AbiSuite"
| #define PACKAGE_TARNAME "abisuite"
| #define PACKAGE_VERSION "2.2"
| #define PACKAGE_STRING "AbiSuite 2.2"
| #define PACKAGE_BUGREPORT "http://www.abisource.com/"
| #define PACKAGE "AbiSuite-2.2"
| #define VERSION "2.2.8"
| #define STDC_HEADERS 1
| #define HAVE_SYS_TYPES_H 1
| #define HAVE_SYS_STAT_H 1
| #define HAVE_STDLIB_H 1
| #define HAVE_STRING_H 1
| #define HAVE_MEMORY_H 1
| #define HAVE_STRINGS_H 1
| #define HAVE_INTTYPES_H 1
| /* end confdefs.h.  */
| #include <stdio.h>
| #if HAVE_SYS_TYPES_H
| # include <sys/types.h>
| #endif
| #if HAVE_SYS_STAT_H
| # include <sys/stat.h>
| #endif
| #if STDC_HEADERS
| # include <stdlib.h>
| # include <stddef.h>
| #else
| # if HAVE_STDLIB_H
| #  include <stdlib.h>
| # endif
| #endif
| #if HAVE_STRING_H
| # if !STDC_HEADERS && HAVE_MEMORY_H
| #  include <memory.h>
| # endif
| # include <string.h>
| #endif
| #if HAVE_STRINGS_H
| # include <strings.h>
| #endif
| #if HAVE_INTTYPES_H
| # include <inttypes.h>
| #else
| # if HAVE_STDINT_H
| #  include <stdint.h>
| # endif
| #endif
| #if HAVE_UNISTD_H
| # include <unistd.h>
| #endif
| 
| #include <stdint.h>
configure:4485: result: no
configure:4439: checking for unistd.h
configure:4455: gcc -c   conftest.c >&5
configure:4461: $? = 0
configure:4465: test -z 
			 || test ! -s conftest.err
configure:4468: $? = 0
configure:4471: test -s conftest.o
configure:4474: $? = 0
configure:4485: result: yes
configure:4502: checking for long int
configure:4526: gcc -c   conftest.c >&5
configure:4532: $? = 0
configure:4536: test -z 
			 || test ! -s conftest.err
configure:4539: $? = 0
configure:4542: test -s conftest.o
configure:4545: $? = 0
configure:4556: result: yes
configure:4559: checking size of long int
configure:4878: gcc -o conftest    conftest.c  >&5
configure:4881: $? = 0
configure:4883: ./conftest
configure:4886: $? = 0
configure:4909: result: 4
configure:7901: checking pthread.h usability
configure:7913: gcc -c   conftest.c >&5
/boot/home/files/projects/abiword/abi/conftest.c:55: pthread.h: No such file or directory
configure:7919: $? = 1
configure: failed program was:
| /* confdefs.h.  */
| 
| #define PACKAGE_NAME "AbiSuite"
| #define PACKAGE_TARNAME "abisuite"
| #define PACKAGE_VERSION "2.2"
| #define PACKAGE_STRING "AbiSuite 2.2"
| #define PACKAGE_BUGREPORT "http://www.abisource.com/"
| #define PACKAGE "AbiSuite-2.2"
| #define VERSION "2.2.8"
| #define STDC_HEADERS 1
| #define HAVE_SYS_TYPES_H 1
| #define HAVE_SYS_STAT_H 1
| #define HAVE_STDLIB_H 1
| #define HAVE_STRING_H 1
| #define HAVE_MEMORY_H 1
| #define HAVE_STRINGS_H 1
| #define HAVE_INTTYPES_H 1
| #define HAVE_UNISTD_H 1
| #define SIZEOF_LONG_INT 4
| /* end confdefs.h.  */
| #include <stdio.h>
| #if HAVE_SYS_TYPES_H
| # include <sys/types.h>
| #endif
| #if HAVE_SYS_STAT_H
| # include <sys/stat.h>
| #endif
| #if STDC_HEADERS
| # include <stdlib.h>
| # include <stddef.h>
| #else
| # if HAVE_STDLIB_H
| #  include <stdlib.h>
| # endif
| #endif
| #if HAVE_STRING_H
| # if !STDC_HEADERS && HAVE_MEMORY_H
| #  include <memory.h>
| # endif
| # include <string.h>
| #endif
| #if HAVE_STRINGS_H
| # include <strings.h>
| #endif
| #if HAVE_INTTYPES_H
| # include <inttypes.h>
| #else
| # if HAVE_STDINT_H
| #  include <stdint.h>
| # endif
| #endif
| #if HAVE_UNISTD_H
| # include <unistd.h>
| #endif
| #include <pthread.h>
configure:7942: result: no
configure:7946: checking pthread.h presence
configure:7956: gcc -E  conftest.c
/boot/home/files/projects/abiword/abi/conftest.c:21: pthread.h: No such file or directory
configure:7962: $? = 1
configure: failed program was:
| /* confdefs.h.  */
| 
| #define PACKAGE_NAME "AbiSuite"
| #define PACKAGE_TARNAME "abisuite"
| #define PACKAGE_VERSION "2.2"
| #define PACKAGE_STRING "AbiSuite 2.2"
| #define PACKAGE_BUGREPORT "http://www.abisource.com/"
| #define PACKAGE "AbiSuite-2.2"
| #define VERSION "2.2.8"
| #define STDC_HEADERS 1
| #define HAVE_SYS_TYPES_H 1
| #define HAVE_SYS_STAT_H 1
| #define HAVE_STDLIB_H 1
| #define HAVE_STRING_H 1
| #define HAVE_MEMORY_H 1
| #define HAVE_STRINGS_H 1
| #define HAVE_INTTYPES_H 1
| #define HAVE_UNISTD_H 1
| #define SIZEOF_LONG_INT 4
| /* end confdefs.h.  */
| #include <pthread.h>
configure:7982: result: no
configure:8017: checking for pthread.h
configure:8024: result: no
configure:8514: checking iconv.h usability
configure:8526: gcc -c   conftest.c >&5
/boot/home/files/projects/abiword/abi/conftest.c:55: iconv.h: No such file or directory
configure:8532: $? = 1
configure: failed program was:
| /* confdefs.h.  */
| 
| #define PACKAGE_NAME "AbiSuite"
| #define PACKAGE_TARNAME "abisuite"
| #define PACKAGE_VERSION "2.2"
| #define PACKAGE_STRING "AbiSuite 2.2"
| #define PACKAGE_BUGREPORT "http://www.abisource.com/"
| #define PACKAGE "AbiSuite-2.2"
| #define VERSION "2.2.8"
| #define STDC_HEADERS 1
| #define HAVE_SYS_TYPES_H 1
| #define HAVE_SYS_STAT_H 1
| #define HAVE_STDLIB_H 1
| #define HAVE_STRING_H 1
| #define HAVE_MEMORY_H 1
| #define HAVE_STRINGS_H 1
| #define HAVE_INTTYPES_H 1
| #define HAVE_UNISTD_H 1
| #define SIZEOF_LONG_INT 4
| /* end confdefs.h.  */
| #include <stdio.h>
| #if HAVE_SYS_TYPES_H
| # include <sys/types.h>
| #endif
| #if HAVE_SYS_STAT_H
| # include <sys/stat.h>
| #endif
| #if STDC_HEADERS
| # include <stdlib.h>
| # include <stddef.h>
| #else
| # if HAVE_STDLIB_H
| #  include <stdlib.h>
| # endif
| #endif
| #if HAVE_STRING_H
| # if !STDC_HEADERS && HAVE_MEMORY_H
| #  include <memory.h>
| # endif
| # include <string.h>
| #endif
| #if HAVE_STRINGS_H
| # include <strings.h>
| #endif
| #if HAVE_INTTYPES_H
| # include <inttypes.h>
| #else
| # if HAVE_STDINT_H
| #  include <stdint.h>
| # endif
| #endif
| #if HAVE_UNISTD_H
| # include <unistd.h>
| #endif
| #include <iconv.h>
configure:8555: result: no
configure:8559: checking iconv.h presence
configure:8569: gcc -E  conftest.c
/boot/home/files/projects/abiword/abi/conftest.c:21: iconv.h: No such file or directory
configure:8575: $? = 1
configure: failed program was:
| /* confdefs.h.  */
| 
| #define PACKAGE_NAME "AbiSuite"
| #define PACKAGE_TARNAME "abisuite"
| #define PACKAGE_VERSION "2.2"
| #define PACKAGE_STRING "AbiSuite 2.2"
| #define PACKAGE_BUGREPORT "http://www.abisource.com/"
| #define PACKAGE "AbiSuite-2.2"
| #define VERSION "2.2.8"
| #define STDC_HEADERS 1
| #define HAVE_SYS_TYPES_H 1
| #define HAVE_SYS_STAT_H 1
| #define HAVE_STDLIB_H 1
| #define HAVE_STRING_H 1
| #define HAVE_MEMORY_H 1
| #define HAVE_STRINGS_H 1
| #define HAVE_INTTYPES_H 1
| #define HAVE_UNISTD_H 1
| #define SIZEOF_LONG_INT 4
| /* end confdefs.h.  */
| #include <iconv.h>
configure:8595: result: no
configure:8630: checking for iconv.h
configure:8637: result: no
configure:8730: checking for libiconv in peer directory
configure:8733: result: yes
configure:9000: checking for pkg-config
configure:9018: found /boot/home/config/bin/pkg-config
configure:9031: result: /boot/home/config/bin/pkg-config
configure:9576: error: * * * fribidi >= 0.10.4 is required * * *

## ---------------- ##
## Cache variables. ##
## ---------------- ##

ac_cv_c_compiler_gnu=yes
ac_cv_cxx_compiler_gnu=yes
ac_cv_env_CC_set=
ac_cv_env_CC_value=
ac_cv_env_CFLAGS_set=
ac_cv_env_CFLAGS_value=
ac_cv_env_CPPFLAGS_set=
ac_cv_env_CPPFLAGS_value=
ac_cv_env_CPP_set=
ac_cv_env_CPP_value=
ac_cv_env_CXXFLAGS_set=
ac_cv_env_CXXFLAGS_value=
ac_cv_env_CXX_set=
ac_cv_env_CXX_value=
ac_cv_env_LDFLAGS_set=
ac_cv_env_LDFLAGS_value=
ac_cv_env_build_alias_set=
ac_cv_env_build_alias_value=
ac_cv_env_host_alias_set=
ac_cv_env_host_alias_value=
ac_cv_env_target_alias_set=
ac_cv_env_target_alias_value=
ac_cv_exeext=
ac_cv_header_iconv_h=no
ac_cv_header_inttypes_h=yes
ac_cv_header_memory_h=yes
ac_cv_header_pthread_h=no
ac_cv_header_stdc=yes
ac_cv_header_stdint_h=no
ac_cv_header_stdlib_h=yes
ac_cv_header_string_h=yes
ac_cv_header_strings_h=yes
ac_cv_header_sys_stat_h=yes
ac_cv_header_sys_types_h=yes
ac_cv_header_unistd_h=yes
ac_cv_objext=o
ac_cv_path_PKG_CONFIG=/boot/home/config/bin/pkg-config
ac_cv_path_install='/bin/install -c'
ac_cv_prog_AWK=gawk
ac_cv_prog_CPP='gcc -E'
ac_cv_prog_ac_ct_CC=gcc
ac_cv_prog_ac_ct_CXX=g++
ac_cv_prog_ac_ct_RANLIB=ranlib
ac_cv_prog_cc_g=yes
ac_cv_prog_cc_stdc=
ac_cv_prog_cxx_g=yes
ac_cv_prog_egrep='grep -E'
ac_cv_prog_make_make_set=yes
ac_cv_search_strerror='none required'
ac_cv_sizeof_long_int=4
ac_cv_type_long_int=yes
am_cv_CC_dependencies_compiler_type=gcc
am_cv_CXX_dependencies_compiler_type=gcc

## ----------------- ##
## Output variables. ##
## ----------------- ##

ABISUITE_HOME='$(pkgdatadir)'
ABITYPES_CFLAGS='-DABISIZEOF_LONG_INT=4'
ABIWORD_APP_LIBDIR='AbiWord'
ABIWORD_APP_NAME='AbiWord'
ABI_BE=''
ABI_BUILD_SHARED_FALSE='#'
ABI_BUILD_SHARED_TRUE=''
ABI_BUILD_STATIC_FALSE=''
ABI_BUILD_STATIC_TRUE='#'
ABI_EPATH_DYLIB_FALSE=''
ABI_EPATH_DYLIB_TRUE='#'
ABI_FE=''
ABI_FEATURE_DEFS=''
ABI_XML_CONFIG=''
ACLOCAL='${SHELL} /boot/home/files/projects/abiword/abi/ac-helpers/missing --run aclocal-1.9 -I ac-helpers'
ALLOCA=''
AMDEPBACKSLASH='\'
AMDEP_FALSE='#'
AMDEP_TRUE=''
AMTAR='${SHELL} /boot/home/files/projects/abiword/abi/ac-helpers/missing --run tar'
AUTOCONF='${SHELL} /boot/home/files/projects/abiword/abi/ac-helpers/missing --run autoconf'
AUTOHEADER='${SHELL} /boot/home/files/projects/abiword/abi/ac-helpers/missing --run autoheader'
AUTOMAKE='${SHELL} /boot/home/files/projects/abiword/abi/ac-helpers/missing --run automake-1.9'
AWK='gawk'
BE_PLATFORM='beos'
BIGENDIAN_FALSE=''
BIGENDIAN_TRUE=''
BINRELOC_CFLAGS=''
BINRELOC_LIBS=''
BUILD_IN_PLUGINS_FALSE=''
BUILD_IN_PLUGINS_TRUE=''
BUILD_TTFTOOL_FALSE=''
BUILD_TTFTOOL_TRUE='#'
CC='gcc'
CCDEPMODE='depmode=gcc'
CFLAGS=''
CPP='gcc -E'
CPPFLAGS=''
CXX='g++'
CXXDEPMODE='depmode=gcc'
CXXFLAGS=''
CYGPATH_W='echo'
DEBUG_CFLAGS=''
DEBUG_FALSE=''
DEBUG_TRUE=''
DEFS=''
DEPDIR='.deps'
ECHO_C=''
ECHO_N='-n'
ECHO_T=''
EGREP='grep -E'
EPATH_WV_BUILD_FLAGS=''
EXEEXT=''
EXPAT_PEERDIR=''
FREETYPE_CFLAGS=''
FREETYPE_LIBS=''
FRIBIDI_CFLAGS=''
FRIBIDI_LIBS=''
GLIB_CFLAGS=''
GLIB_LIBS=''
GMODULE_CFLAGS=''
GMODULE_LIBS=''
GNOME_CFLAGS=''
GNOME_LIBS=''
GTHREAD_CFLAGS=''
GTHREAD_LIBS=''
GTK_CFLAGS=''
GTK_LIBS=''
GUCHARMAP_CFLAGS=''
GUCHARMAP_LIBS=''
HAVE_EXPAT_FALSE=''
HAVE_EXPAT_TRUE=''
HAVE_THREADS_FALSE=''
HAVE_THREADS_TRUE='#'
ICONV_INCLUDES='-I$(top_builddir)/../libiconv/include'
ICONV_LIBS='$(top_builddir)/../libiconv/lib/.libs/libiconv.a'
INSIDE_GNOME_COMMON_FALSE=''
INSIDE_GNOME_COMMON_TRUE='#'
INSTALL_DATA='${INSTALL} -m 644'
INSTALL_PROGRAM='${INSTALL}'
INSTALL_SCRIPT='${INSTALL}'
INSTALL_STRIP_PROGRAM='${SHELL} $(install_sh) -c -s'
LDFLAGS=''
LIBICONV_PEERDIR='../libiconv'
LIBJPEG_CFLAGS=''
LIBJPEG_LIBS=''
LIBOBJS=''
LIBPNG_CFLAGS=''
LIBPNG_LIBS=''
LIBPNG_PEERDIR=''
LIBPOPT_CFLAGS=''
LIBPOPT_LIBS=''
LIBPOPT_PEERDIR=''
LIBS=''
LN_S='ln -s'
LOCAL_WV_FALSE=''
LOCAL_WV_TRUE=''
LTLIBOBJS=''
MAKEINFO='${SHELL} /boot/home/files/projects/abiword/abi/ac-helpers/missing --run makeinfo'
OBJCXX=''
OBJCXXDEPMODE=''
OBJCXXFLAGS=''
OBJEXT='o'
OPTIMIZE_CFLAGS=''
OS_NAME='BeOS'
PACKAGE='AbiSuite-2.2'
PACKAGE_BUGREPORT='http://www.abisource.com/'
PACKAGE_NAME='AbiSuite'
PACKAGE_STRING='AbiSuite 2.2'
PACKAGE_TARNAME='abisuite'
PACKAGE_VERSION='2.2'
PATH_SEPARATOR=':'
PEERDIRS=' ../libiconv'
PEERS=' libiconv'
PKG_CONFIG='/boot/home/config/bin/pkg-config'
PLATFORM='beos'
PLATFORM_CFLAGS=''
PLATFORM_LIBS=''
PLUGIN_CFLAGS=''
PLUGIN_DEFS=''
PLUGIN_LIBS=''
PLUGIN_LIST=''
PROFILE_CFLAGS=''
RANLIB='ranlib'
SCRIPT_CFLAGS=''
SCRIPT_FALSE=''
SCRIPT_LIBS=''
SCRIPT_TRUE=''
SET_MAKE=''
SHELL='/bin/sh'
SPELL_CFLAGS='-DHAVE_ISPELL=1'
SPELL_LIBS=''
STRIP=''
THREAD_CFLAGS=''
THREAD_LIBS=''
VERSION='2.2.8'
WARNING_CFLAGS='-Wall -pedantic -ansi -D_POSIX_SOURCE -D_BSD_SOURCE -pipe'
WITH_BINRELOC_FALSE=''
WITH_BINRELOC_TRUE='#'
WITH_COCOA_FALSE=''
WITH_COCOA_TRUE='#'
WITH_ENCHANT_FALSE=''
WITH_ENCHANT_TRUE='#'
WITH_GNOME_FALSE=''
WITH_GNOME_TRUE='#'
WITH_GUCHARMAP_FALSE=''
WITH_GUCHARMAP_TRUE='#'
WITH_ISPELL_FALSE='#'
WITH_ISPELL_TRUE=''
WITH_LIBJPEG_FALSE=''
WITH_LIBJPEG_TRUE=''
WITH_MACOSX_FALSE=''
WITH_MACOSX_TRUE='#'
WITH_QNX_FALSE=''
WITH_QNX_TRUE='#'
WITH_RESOURCE_MANAGER_FALSE=''
WITH_RESOURCE_MANAGER_TRUE=''
WITH_UNIX_FALSE=''
WITH_UNIX_TRUE='#'
WITH_XFT_FALSE=''
WITH_XFT_TRUE='#'
WV_CFLAGS=''
WV_LIBS=''
XFT_CFLAGS=''
XFT_LIBS=''
XML_CFLAGS=''
XML_LIBS=''
XSUBPPDIR=''
X_CFLAGS=''
X_EXTRA_LIBS=''
X_LIBS=''
X_PRE_LIBS=''
ZLIB_CFLAGS=''
ZLIB_LIBS=''
_abi_enchant_CFLAGS=''
_abi_enchant_LIBS=''
_abi_openwriter_CFLAGS=''
_abi_openwriter_LIBS=''
_abi_ots_CFLAGS=''
_abi_ots_LIBS=''
_abi_sdw_CFLAGS=''
_abi_sdw_LIBS=''
_abi_wordperfect_CFLAGS=''
_abi_wordperfect_LIBS=''
abi_magickpp_config=''
ac_ct_CC='gcc'
ac_ct_CXX='g++'
ac_ct_RANLIB='ranlib'
ac_ct_STRIP=''
am__fastdepCC_FALSE=''
am__fastdepCC_TRUE='#'
am__fastdepCXX_FALSE=''
am__fastdepCXX_TRUE='#'
am__include='include'
am__leading_dot='.'
am__quote=''
am__tar='${AMTAR} chof - "$$tardir"'
am__untar='${AMTAR} xf -'
bindir='${exec_prefix}/bin'
build_alias=''
datadir='${prefix}/share'
exec_prefix='NONE'
host_alias=''
includedir='${prefix}/include'
infodir='${prefix}/info'
install_sh='/boot/home/files/projects/abiword/abi/ac-helpers/install-sh'
libdir='${exec_prefix}/lib'
libexecdir='${exec_prefix}/libexec'
localstatedir='${prefix}/var'
mandir='${prefix}/man'
mkdir_p='mkdir -p --'
oldincludedir='/usr/include'
prefix='NONE'
program_transform_name='s,x,x,'
sbindir='${exec_prefix}/sbin'
sharedstatedir='${prefix}/com'
sysconfdir='${prefix}/etc'
target_alias=''

## ----------- ##
## confdefs.h. ##
## ----------- ##

#define HAVE_INTTYPES_H 1
#define HAVE_MEMORY_H 1
#define HAVE_STDLIB_H 1
#define HAVE_STRINGS_H 1
#define HAVE_STRING_H 1
#define HAVE_SYS_STAT_H 1
#define HAVE_SYS_TYPES_H 1
#define HAVE_UNISTD_H 1
#define PACKAGE "AbiSuite-2.2"
#define PACKAGE_BUGREPORT "http://www.abisource.com/"
#define PACKAGE_NAME "AbiSuite"
#define PACKAGE_STRING "AbiSuite 2.2"
#define PACKAGE_TARNAME "abisuite"
#define PACKAGE_VERSION "2.2"
#define SIZEOF_LONG_INT 4
#define STDC_HEADERS 1
#define VERSION "2.2.8"

configure: exit 1
